mode: set
github.com/alimtvnetwork/core/coredata/stringslice/AllElemLengthSlices.go:3.50,4.22 1 0
github.com/alimtvnetwork/core/coredata/stringslice/AllElemLengthSlices.go:4.22,6.3 1 0
github.com/alimtvnetwork/core/coredata/stringslice/AllElemLengthSlices.go:8.2,10.31 2 0
github.com/alimtvnetwork/core/coredata/stringslice/AllElemLengthSlices.go:10.31,11.19 1 0
github.com/alimtvnetwork/core/coredata/stringslice/AllElemLengthSlices.go:11.19,12.12 1 0
github.com/alimtvnetwork/core/coredata/stringslice/AllElemLengthSlices.go:15.3,15.27 1 0
github.com/alimtvnetwork/core/coredata/stringslice/AllElemLengthSlices.go:18.2,18.19 1 0
github.com/alimtvnetwork/core/coredata/stringslice/AnyItemsCloneIf.go:7.20,10.33 2 0
github.com/alimtvnetwork/core/coredata/stringslice/AnyItemsCloneIf.go:10.33,12.3 1 0
github.com/alimtvnetwork/core/coredata/stringslice/AnyItemsCloneIf.go:14.2,14.17 1 0
github.com/alimtvnetwork/core/coredata/stringslice/AnyItemsCloneIf.go:14.17,16.3 1 0
github.com/alimtvnetwork/core/coredata/stringslice/AnyItemsCloneIf.go:18.2,18.52 1 0
github.com/alimtvnetwork/core/coredata/stringslice/AnyItemsCloneUsingCap.go:6.9,12.21 2 0
github.com/alimtvnetwork/core/coredata/stringslice/AnyItemsCloneUsingCap.go:12.21,14.3 1 0
github.com/alimtvnetwork/core/coredata/stringslice/AnyItemsCloneUsingCap.go:16.2,18.17 2 0
github.com/alimtvnetwork/core/coredata/stringslice/AnyLinesProcessAsyncUsingProcessor.go:11.12,12.18 1 0
github.com/alimtvnetwork/core/coredata/stringslice/AnyLinesProcessAsyncUsingProcessor.go:12.18,14.3 1 0
github.com/alimtvnetwork/core/coredata/stringslice/AnyLinesProcessAsyncUsingProcessor.go:16.2,23.23 5 0
github.com/alimtvnetwork/core/coredata/stringslice/AnyLinesProcessAsyncUsingProcessor.go:23.23,25.3 1 0
github.com/alimtvnetwork/core/coredata/stringslice/AnyLinesProcessAsyncUsingProcessor.go:27.2,30.17 3 0
github.com/alimtvnetwork/core/coredata/stringslice/AnyLinesProcessAsyncUsingProcessor.go:30.17,32.3 1 0
github.com/alimtvnetwork/core/coredata/stringslice/AnyLinesProcessAsyncUsingProcessor.go:34.2,39.48 4 0
github.com/alimtvnetwork/core/coredata/stringslice/AnyLinesProcessAsyncUsingProcessor.go:39.48,43.3 2 0
github.com/alimtvnetwork/core/coredata/stringslice/AnyLinesProcessAsyncUsingProcessor.go:45.2,45.30 1 0
github.com/alimtvnetwork/core/coredata/stringslice/AnyLinesProcessAsyncUsingProcessor.go:45.30,48.3 2 0
github.com/alimtvnetwork/core/coredata/stringslice/AnyLinesProcessAsyncUsingProcessor.go:50.2,52.14 2 0
github.com/alimtvnetwork/core/coredata/stringslice/AppendAnyItemsWithStrings.go:14.12,20.30 2 0
github.com/alimtvnetwork/core/coredata/stringslice/AppendAnyItemsWithStrings.go:20.30,22.3 1 0
github.com/alimtvnetwork/core/coredata/stringslice/AppendAnyItemsWithStrings.go:24.2,24.38 1 0
github.com/alimtvnetwork/core/coredata/stringslice/AppendAnyItemsWithStrings.go:24.38,25.18 1 0
github.com/alimtvnetwork/core/coredata/stringslice/AppendAnyItemsWithStrings.go:25.18,26.12 1 0
github.com/alimtvnetwork/core/coredata/stringslice/AppendAnyItemsWithStrings.go:29.3,33.33 2 0
github.com/alimtvnetwork/core/coredata/stringslice/AppendAnyItemsWithStrings.go:33.33,34.12 1 0
github.com/alimtvnetwork/core/coredata/stringslice/AppendAnyItemsWithStrings.go:37.3,39.8 1 0
github.com/alimtvnetwork/core/coredata/stringslice/AppendAnyItemsWithStrings.go:42.2,42.14 1 0
github.com/alimtvnetwork/core/coredata/stringslice/AppendLineNew.go:3.58,7.2 2 0
github.com/alimtvnetwork/core/coredata/stringslice/AppendStringsWithAnyItems.go:10.9,16.30 2 0
github.com/alimtvnetwork/core/coredata/stringslice/AppendStringsWithAnyItems.go:16.30,18.3 1 0
github.com/alimtvnetwork/core/coredata/stringslice/AppendStringsWithAnyItems.go:20.2,20.38 1 0
github.com/alimtvnetwork/core/coredata/stringslice/AppendStringsWithAnyItems.go:20.38,21.34 1 0
github.com/alimtvnetwork/core/coredata/stringslice/AppendStringsWithAnyItems.go:21.34,22.12 1 0
github.com/alimtvnetwork/core/coredata/stringslice/AppendStringsWithAnyItems.go:25.3,27.9 1 0
github.com/alimtvnetwork/core/coredata/stringslice/AppendStringsWithAnyItems.go:30.2,30.14 1 0
github.com/alimtvnetwork/core/coredata/stringslice/AppendStringsWithMainSlice.go:7.12,8.30 1 0
github.com/alimtvnetwork/core/coredata/stringslice/AppendStringsWithMainSlice.go:8.30,10.3 1 0
github.com/alimtvnetwork/core/coredata/stringslice/AppendStringsWithMainSlice.go:12.2,12.38 1 0
github.com/alimtvnetwork/core/coredata/stringslice/AppendStringsWithMainSlice.go:12.38,13.32 1 0
github.com/alimtvnetwork/core/coredata/stringslice/AppendStringsWithMainSlice.go:13.32,14.12 1 0
github.com/alimtvnetwork/core/coredata/stringslice/AppendStringsWithMainSlice.go:17.3,19.9 1 0
github.com/alimtvnetwork/core/coredata/stringslice/AppendStringsWithMainSlice.go:22.2,22.18 1 0
github.com/alimtvnetwork/core/coredata/stringslice/Clone.go:5.48,6.21 1 0
github.com/alimtvnetwork/core/coredata/stringslice/Clone.go:6.21,8.3 1 0
github.com/alimtvnetwork/core/coredata/stringslice/Clone.go:10.2,10.32 1 0
github.com/alimtvnetwork/core/coredata/stringslice/CloneIf.go:9.23,12.33 2 0
github.com/alimtvnetwork/core/coredata/stringslice/CloneIf.go:12.33,14.3 1 0
github.com/alimtvnetwork/core/coredata/stringslice/CloneIf.go:16.2,16.17 1 0
github.com/alimtvnetwork/core/coredata/stringslice/CloneIf.go:16.17,18.3 1 0
github.com/alimtvnetwork/core/coredata/stringslice/CloneIf.go:20.2,20.44 1 0
github.com/alimtvnetwork/core/coredata/stringslice/CloneIf.go:26.54,27.21 1 0
github.com/alimtvnetwork/core/coredata/stringslice/CloneIf.go:27.21,29.3 1 0
github.com/alimtvnetwork/core/coredata/stringslice/CloneIf.go:31.2,31.45 1 0
github.com/alimtvnetwork/core/coredata/stringslice/CloneIf.go:34.51,35.21 1 1
github.com/alimtvnetwork/core/coredata/stringslice/CloneIf.go:35.21,37.3 1 0
github.com/alimtvnetwork/core/coredata/stringslice/CloneIf.go:39.2,39.36 1 1
github.com/alimtvnetwork/core/coredata/stringslice/ClonePtr.go:3.40,4.21 1 0
github.com/alimtvnetwork/core/coredata/stringslice/ClonePtr.go:4.21,6.3 1 0
github.com/alimtvnetwork/core/coredata/stringslice/ClonePtr.go:8.2,11.17 3 0
github.com/alimtvnetwork/core/coredata/stringslice/CloneSimpleSliceToPointers.go:5.70,6.20 1 0
github.com/alimtvnetwork/core/coredata/stringslice/CloneSimpleSliceToPointers.go:6.20,8.3 1 0
github.com/alimtvnetwork/core/coredata/stringslice/CloneSimpleSliceToPointers.go:10.2,11.16 2 0
github.com/alimtvnetwork/core/coredata/stringslice/CloneUsingCap.go:3.67,9.21 2 0
github.com/alimtvnetwork/core/coredata/stringslice/CloneUsingCap.go:9.21,11.3 1 0
github.com/alimtvnetwork/core/coredata/stringslice/CloneUsingCap.go:13.2,15.17 2 0
github.com/alimtvnetwork/core/coredata/stringslice/Empty.go:3.23,5.2 1 0
github.com/alimtvnetwork/core/coredata/stringslice/EmptyPtr.go:3.26,5.2 1 0
github.com/alimtvnetwork/core/coredata/stringslice/ExpandByFunc.go:7.12,9.17 2 0
github.com/alimtvnetwork/core/coredata/stringslice/ExpandByFunc.go:9.17,11.3 1 0
github.com/alimtvnetwork/core/coredata/stringslice/ExpandByFunc.go:13.2,18.29 2 0
github.com/alimtvnetwork/core/coredata/stringslice/ExpandByFunc.go:18.29,20.30 2 0
github.com/alimtvnetwork/core/coredata/stringslice/ExpandByFunc.go:20.30,21.12 1 0
github.com/alimtvnetwork/core/coredata/stringslice/ExpandByFunc.go:24.3,24.55 1 0
github.com/alimtvnetwork/core/coredata/stringslice/ExpandByFunc.go:27.2,27.46 1 0
github.com/alimtvnetwork/core/coredata/stringslice/ExpandBySplit.go:4.62,6.17 2 0
github.com/alimtvnetwork/core/coredata/stringslice/ExpandBySplit.go:6.17,8.3 1 0
github.com/alimtvnetwork/core/coredata/stringslice/ExpandBySplit.go:10.2,10.40 1 0
github.com/alimtvnetwork/core/coredata/stringslice/ExpandBySplits.go:14.12,16.17 2 0
github.com/alimtvnetwork/core/coredata/stringslice/ExpandBySplits.go:16.17,18.3 1 0
github.com/alimtvnetwork/core/coredata/stringslice/ExpandBySplits.go:20.2,20.48 1 0
github.com/alimtvnetwork/core/coredata/stringslice/ExpandBySplits.go:20.48,21.26 1 0
github.com/alimtvnetwork/core/coredata/stringslice/ExpandBySplits.go:21.26,23.4 1 0
github.com/alimtvnetwork/core/coredata/stringslice/ExpandBySplits.go:25.3,27.38 2 0
github.com/alimtvnetwork/core/coredata/stringslice/ExpandBySplits.go:27.38,30.4 2 0
github.com/alimtvnetwork/core/coredata/stringslice/ExpandBySplits.go:32.3,32.26 1 0
github.com/alimtvnetwork/core/coredata/stringslice/ExpandBySplits.go:35.2,37.30 2 0
github.com/alimtvnetwork/core/coredata/stringslice/First.go:3.35,5.2 1 0
github.com/alimtvnetwork/core/coredata/stringslice/FirstLastDefault.go:5.60,8.17 2 0
github.com/alimtvnetwork/core/coredata/stringslice/FirstLastDefault.go:8.17,10.3 1 0
github.com/alimtvnetwork/core/coredata/stringslice/FirstLastDefault.go:12.2,12.17 1 0
github.com/alimtvnetwork/core/coredata/stringslice/FirstLastDefault.go:12.17,14.3 1 0
github.com/alimtvnetwork/core/coredata/stringslice/FirstLastDefault.go:17.2,17.34 1 0
github.com/alimtvnetwork/core/coredata/stringslice/FirstLastDefaultPtr.go:5.63,6.21 1 0
github.com/alimtvnetwork/core/coredata/stringslice/FirstLastDefaultPtr.go:6.21,8.3 1 0
github.com/alimtvnetwork/core/coredata/stringslice/FirstLastDefaultPtr.go:10.2,10.32 1 0
github.com/alimtvnetwork/core/coredata/stringslice/FirstLastDefaultStatus.go:3.62,6.17 2 0
github.com/alimtvnetwork/core/coredata/stringslice/FirstLastDefaultStatus.go:6.17,8.3 1 0
github.com/alimtvnetwork/core/coredata/stringslice/FirstLastDefaultStatus.go:10.2,10.17 1 0
github.com/alimtvnetwork/core/coredata/stringslice/FirstLastDefaultStatus.go:10.17,12.3 1 0
github.com/alimtvnetwork/core/coredata/stringslice/FirstLastDefaultStatus.go:15.2,21.3 1 0
github.com/alimtvnetwork/core/coredata/stringslice/FirstLastDefaultStatusPtr.go:3.65,4.23 1 0
github.com/alimtvnetwork/core/coredata/stringslice/FirstLastDefaultStatusPtr.go:4.23,6.3 1 0
github.com/alimtvnetwork/core/coredata/stringslice/FirstLastDefaultStatusPtr.go:8.2,8.38 1 0
github.com/alimtvnetwork/core/coredata/stringslice/FirstLastStatus.go:11.48,19.2 1 0
github.com/alimtvnetwork/core/coredata/stringslice/FirstLastStatus.go:21.67,29.2 1 0
github.com/alimtvnetwork/core/coredata/stringslice/FirstOrDefault.go:5.44,6.21 1 0
github.com/alimtvnetwork/core/coredata/stringslice/FirstOrDefault.go:6.21,8.3 1 0
github.com/alimtvnetwork/core/coredata/stringslice/FirstOrDefault.go:10.2,10.17 1 0
github.com/alimtvnetwork/core/coredata/stringslice/FirstOrDefaultPtr.go:5.47,6.21 1 0
github.com/alimtvnetwork/core/coredata/stringslice/FirstOrDefaultPtr.go:6.21,8.3 1 0
github.com/alimtvnetwork/core/coredata/stringslice/FirstOrDefaultPtr.go:10.2,10.17 1 0
github.com/alimtvnetwork/core/coredata/stringslice/FirstOrDefaultWith.go:3.94,4.21 1 0
github.com/alimtvnetwork/core/coredata/stringslice/FirstOrDefaultWith.go:4.21,6.3 1 0
github.com/alimtvnetwork/core/coredata/stringslice/FirstOrDefaultWith.go:8.2,8.23 1 0
github.com/alimtvnetwork/core/coredata/stringslice/FirstPtr.go:3.38,5.2 1 0
github.com/alimtvnetwork/core/coredata/stringslice/HasAnyItem.go:3.38,5.2 1 0
github.com/alimtvnetwork/core/coredata/stringslice/HasAnyItemPtr.go:3.41,5.2 1 0
github.com/alimtvnetwork/core/coredata/stringslice/InPlaceReverse.go:5.47,6.17 1 0
github.com/alimtvnetwork/core/coredata/stringslice/InPlaceReverse.go:6.17,8.3 1 0
github.com/alimtvnetwork/core/coredata/stringslice/InPlaceReverse.go:10.2,13.17 3 0
github.com/alimtvnetwork/core/coredata/stringslice/InPlaceReverse.go:13.17,15.3 1 0
github.com/alimtvnetwork/core/coredata/stringslice/InPlaceReverse.go:17.2,17.35 1 0
github.com/alimtvnetwork/core/coredata/stringslice/InPlaceReverse.go:17.35,22.3 2 0
github.com/alimtvnetwork/core/coredata/stringslice/InPlaceReverse.go:24.2,27.27 3 0
github.com/alimtvnetwork/core/coredata/stringslice/InPlaceReverse.go:27.27,30.3 1 0
github.com/alimtvnetwork/core/coredata/stringslice/InPlaceReverse.go:32.2,32.20 1 0
github.com/alimtvnetwork/core/coredata/stringslice/IndexAt.go:3.48,5.2 1 0
github.com/alimtvnetwork/core/coredata/stringslice/IndexValuesDetail.go:10.52,17.2 1 0
github.com/alimtvnetwork/core/coredata/stringslice/IndexesDefault.go:3.71,6.38 2 0
github.com/alimtvnetwork/core/coredata/stringslice/IndexesDefault.go:6.38,8.3 1 0
github.com/alimtvnetwork/core/coredata/stringslice/IndexesDefault.go:10.2,13.32 3 0
github.com/alimtvnetwork/core/coredata/stringslice/IndexesDefault.go:13.32,16.3 2 0
github.com/alimtvnetwork/core/coredata/stringslice/IndexesDefault.go:18.2,18.15 1 0
github.com/alimtvnetwork/core/coredata/stringslice/IsEmpty.go:3.35,5.2 1 0
github.com/alimtvnetwork/core/coredata/stringslice/IsEmptyPtr.go:3.38,5.2 1 0
github.com/alimtvnetwork/core/coredata/stringslice/Last.go:5.34,7.2 1 0
github.com/alimtvnetwork/core/coredata/stringslice/LastIndexPtr.go:5.39,7.2 1 0
github.com/alimtvnetwork/core/coredata/stringslice/LastOrDefault.go:5.43,6.21 1 0
github.com/alimtvnetwork/core/coredata/stringslice/LastOrDefault.go:6.21,8.3 1 0
github.com/alimtvnetwork/core/coredata/stringslice/LastOrDefault.go:10.2,10.42 1 0
github.com/alimtvnetwork/core/coredata/stringslice/LastOrDefaultPtr.go:5.46,8.17 2 0
github.com/alimtvnetwork/core/coredata/stringslice/LastOrDefaultPtr.go:8.17,10.3 1 0
github.com/alimtvnetwork/core/coredata/stringslice/LastOrDefaultPtr.go:12.2,12.36 1 0
github.com/alimtvnetwork/core/coredata/stringslice/LastPtr.go:5.37,7.2 1 0
github.com/alimtvnetwork/core/coredata/stringslice/LastSafeIndexPtr.go:5.43,6.23 1 0
github.com/alimtvnetwork/core/coredata/stringslice/LastSafeIndexPtr.go:6.23,8.3 1 0
github.com/alimtvnetwork/core/coredata/stringslice/LastSafeIndexPtr.go:10.2,10.35 1 0
github.com/alimtvnetwork/core/coredata/stringslice/LengthOfPointer.go:3.43,5.2 1 0
github.com/alimtvnetwork/core/coredata/stringslice/LinesAsyncProcess.go:10.12,11.21 1 0
github.com/alimtvnetwork/core/coredata/stringslice/LinesAsyncProcess.go:11.21,13.3 1 0
github.com/alimtvnetwork/core/coredata/stringslice/LinesAsyncProcess.go:15.2,20.51 4 0
github.com/alimtvnetwork/core/coredata/stringslice/LinesAsyncProcess.go:20.51,24.3 2 0
github.com/alimtvnetwork/core/coredata/stringslice/LinesAsyncProcess.go:26.2,26.31 1 0
github.com/alimtvnetwork/core/coredata/stringslice/LinesAsyncProcess.go:26.31,28.3 1 0
github.com/alimtvnetwork/core/coredata/stringslice/LinesAsyncProcess.go:30.2,32.14 2 0
github.com/alimtvnetwork/core/coredata/stringslice/LinesProcess.go:12.12,13.21 1 0
github.com/alimtvnetwork/core/coredata/stringslice/LinesProcess.go:13.21,15.3 1 0
github.com/alimtvnetwork/core/coredata/stringslice/LinesProcess.go:17.2,19.31 2 0
github.com/alimtvnetwork/core/coredata/stringslice/LinesProcess.go:19.31,22.13 2 0
github.com/alimtvnetwork/core/coredata/stringslice/LinesProcess.go:22.13,24.4 1 0
github.com/alimtvnetwork/core/coredata/stringslice/LinesProcess.go:26.3,26.14 1 0
github.com/alimtvnetwork/core/coredata/stringslice/LinesProcess.go:26.14,27.9 1 0
github.com/alimtvnetwork/core/coredata/stringslice/LinesProcess.go:31.2,31.14 1 0
github.com/alimtvnetwork/core/coredata/stringslice/LinesSimpleProcess.go:8.12,11.17 2 0
github.com/alimtvnetwork/core/coredata/stringslice/LinesSimpleProcess.go:11.17,13.3 1 0
github.com/alimtvnetwork/core/coredata/stringslice/LinesSimpleProcess.go:15.2,17.37 2 0
github.com/alimtvnetwork/core/coredata/stringslice/LinesSimpleProcess.go:17.37,21.3 2 0
github.com/alimtvnetwork/core/coredata/stringslice/LinesSimpleProcess.go:23.2,23.14 1 0
github.com/alimtvnetwork/core/coredata/stringslice/LinesSimpleProcessNoEmpty.go:13.12,14.27 1 0
github.com/alimtvnetwork/core/coredata/stringslice/LinesSimpleProcessNoEmpty.go:14.27,16.3 1 0
github.com/alimtvnetwork/core/coredata/stringslice/LinesSimpleProcessNoEmpty.go:18.2,20.37 2 0
github.com/alimtvnetwork/core/coredata/stringslice/LinesSimpleProcessNoEmpty.go:20.37,23.39 2 0
github.com/alimtvnetwork/core/coredata/stringslice/LinesSimpleProcessNoEmpty.go:23.39,24.12 1 0
github.com/alimtvnetwork/core/coredata/stringslice/LinesSimpleProcessNoEmpty.go:27.3,27.33 1 0
github.com/alimtvnetwork/core/coredata/stringslice/LinesSimpleProcessNoEmpty.go:30.2,30.14 1 0
github.com/alimtvnetwork/core/coredata/stringslice/Make.go:3.42,5.2 1 0
github.com/alimtvnetwork/core/coredata/stringslice/MakeDefault.go:5.41,7.2 1 0
github.com/alimtvnetwork/core/coredata/stringslice/MakeDefaultPtr.go:5.44,7.2 1 0
github.com/alimtvnetwork/core/coredata/stringslice/MakeLen.go:3.35,5.2 1 0
github.com/alimtvnetwork/core/coredata/stringslice/MakeLenPtr.go:3.38,5.2 1 0
github.com/alimtvnetwork/core/coredata/stringslice/MakePtr.go:3.45,5.2 1 0
github.com/alimtvnetwork/core/coredata/stringslice/MergeNew.go:7.72,16.21 4 0
github.com/alimtvnetwork/core/coredata/stringslice/MergeNew.go:16.21,18.3 1 0
github.com/alimtvnetwork/core/coredata/stringslice/MergeNew.go:20.2,20.31 1 0
github.com/alimtvnetwork/core/coredata/stringslice/MergeNew.go:20.31,22.3 1 0
github.com/alimtvnetwork/core/coredata/stringslice/MergeNew.go:24.2,24.17 1 0
github.com/alimtvnetwork/core/coredata/stringslice/MergeNewSimple.go:5.56,8.22 2 0
github.com/alimtvnetwork/core/coredata/stringslice/MergeNewSimple.go:8.22,10.3 1 0
github.com/alimtvnetwork/core/coredata/stringslice/MergeNewSimple.go:12.2,14.37 2 0
github.com/alimtvnetwork/core/coredata/stringslice/MergeNewSimple.go:14.37,15.22 1 0
github.com/alimtvnetwork/core/coredata/stringslice/MergeNewSimple.go:15.22,16.12 1 0
github.com/alimtvnetwork/core/coredata/stringslice/MergeNewSimple.go:19.3,19.39 1 0
github.com/alimtvnetwork/core/coredata/stringslice/MergeNewSimple.go:22.2,22.42 1 0
github.com/alimtvnetwork/core/coredata/stringslice/MergeSlicesOfSlices.go:6.62,7.29 1 0
github.com/alimtvnetwork/core/coredata/stringslice/MergeSlicesOfSlices.go:7.29,9.3 1 0
github.com/alimtvnetwork/core/coredata/stringslice/MergeSlicesOfSlices.go:11.2,13.35 2 0
github.com/alimtvnetwork/core/coredata/stringslice/MergeSlicesOfSlices.go:13.35,15.3 1 0
github.com/alimtvnetwork/core/coredata/stringslice/MergeSlicesOfSlices.go:17.2,19.34 2 0
github.com/alimtvnetwork/core/coredata/stringslice/MergeSlicesOfSlices.go:19.34,21.3 1 0
github.com/alimtvnetwork/core/coredata/stringslice/MergeSlicesOfSlices.go:23.2,28.38 2 0
github.com/alimtvnetwork/core/coredata/stringslice/MergeSlicesOfSlices.go:28.38,29.22 1 0
github.com/alimtvnetwork/core/coredata/stringslice/MergeSlicesOfSlices.go:29.22,30.12 1 0
github.com/alimtvnetwork/core/coredata/stringslice/MergeSlicesOfSlices.go:33.3,33.40 1 0
github.com/alimtvnetwork/core/coredata/stringslice/MergeSlicesOfSlices.go:36.2,36.17 1 0
github.com/alimtvnetwork/core/coredata/stringslice/NonEmpty.go:3.45,6.17 2 0
github.com/alimtvnetwork/core/coredata/stringslice/NonEmpty.go:6.17,8.3 1 0
github.com/alimtvnetwork/core/coredata/stringslice/NonEmpty.go:10.2,12.26 2 0
github.com/alimtvnetwork/core/coredata/stringslice/NonEmpty.go:12.26,13.14 1 0
github.com/alimtvnetwork/core/coredata/stringslice/NonEmpty.go:13.14,15.4 1 0
github.com/alimtvnetwork/core/coredata/stringslice/NonEmpty.go:18.2,18.17 1 0
github.com/alimtvnetwork/core/coredata/stringslice/NonEmptyIf.go:6.12,7.16 1 0
github.com/alimtvnetwork/core/coredata/stringslice/NonEmptyIf.go:7.16,9.3 1 0
github.com/alimtvnetwork/core/coredata/stringslice/NonEmptyIf.go:11.2,11.30 1 0
github.com/alimtvnetwork/core/coredata/stringslice/NonEmptyJoin.go:9.57,10.18 1 0
github.com/alimtvnetwork/core/coredata/stringslice/NonEmptyJoin.go:10.18,12.3 1 0
github.com/alimtvnetwork/core/coredata/stringslice/NonEmptyJoin.go:14.2,16.17 2 0
github.com/alimtvnetwork/core/coredata/stringslice/NonEmptyJoin.go:16.17,18.3 1 0
github.com/alimtvnetwork/core/coredata/stringslice/NonEmptyJoin.go:20.2,20.54 1 0
github.com/alimtvnetwork/core/coredata/stringslice/NonEmptyJoinPtr.go:9.60,10.21 1 0
github.com/alimtvnetwork/core/coredata/stringslice/NonEmptyJoinPtr.go:10.21,12.3 1 0
github.com/alimtvnetwork/core/coredata/stringslice/NonEmptyJoinPtr.go:14.2,14.54 1 0
github.com/alimtvnetwork/core/coredata/stringslice/NonEmptySlicePtr.go:3.48,6.17 2 0
github.com/alimtvnetwork/core/coredata/stringslice/NonEmptySlicePtr.go:6.17,8.3 1 0
github.com/alimtvnetwork/core/coredata/stringslice/NonEmptySlicePtr.go:10.2,12.26 2 0
github.com/alimtvnetwork/core/coredata/stringslice/NonEmptySlicePtr.go:12.26,13.14 1 0
github.com/alimtvnetwork/core/coredata/stringslice/NonEmptySlicePtr.go:13.14,15.4 1 0
github.com/alimtvnetwork/core/coredata/stringslice/NonEmptySlicePtr.go:18.2,18.17 1 0
github.com/alimtvnetwork/core/coredata/stringslice/NonEmptyStrings.go:3.47,4.18 1 0
github.com/alimtvnetwork/core/coredata/stringslice/NonEmptyStrings.go:4.18,6.3 1 0
github.com/alimtvnetwork/core/coredata/stringslice/NonEmptyStrings.go:8.2,10.17 2 0
github.com/alimtvnetwork/core/coredata/stringslice/NonEmptyStrings.go:10.17,12.3 1 0
github.com/alimtvnetwork/core/coredata/stringslice/NonEmptyStrings.go:14.2,16.26 2 0
github.com/alimtvnetwork/core/coredata/stringslice/NonEmptyStrings.go:16.26,17.14 1 0
github.com/alimtvnetwork/core/coredata/stringslice/NonEmptyStrings.go:17.14,18.12 1 0
github.com/alimtvnetwork/core/coredata/stringslice/NonEmptyStrings.go:21.3,21.33 1 0
github.com/alimtvnetwork/core/coredata/stringslice/NonEmptyStrings.go:24.2,24.17 1 0
github.com/alimtvnetwork/core/coredata/stringslice/NonNullStrings.go:5.12,6.18 1 0
github.com/alimtvnetwork/core/coredata/stringslice/NonNullStrings.go:6.18,8.3 1 0
github.com/alimtvnetwork/core/coredata/stringslice/NonNullStrings.go:10.2,11.26 2 0
github.com/alimtvnetwork/core/coredata/stringslice/NonNullStrings.go:11.26,12.14 1 0
github.com/alimtvnetwork/core/coredata/stringslice/NonNullStrings.go:12.14,14.4 1 0
github.com/alimtvnetwork/core/coredata/stringslice/NonNullStrings.go:17.2,17.15 1 0
github.com/alimtvnetwork/core/coredata/stringslice/NonWhitespace.go:12.12,13.18 1 0
github.com/alimtvnetwork/core/coredata/stringslice/NonWhitespace.go:13.18,15.3 1 0
github.com/alimtvnetwork/core/coredata/stringslice/NonWhitespace.go:17.2,19.17 2 0
github.com/alimtvnetwork/core/coredata/stringslice/NonWhitespace.go:19.17,21.3 1 0
github.com/alimtvnetwork/core/coredata/stringslice/NonWhitespace.go:23.2,25.26 2 0
github.com/alimtvnetwork/core/coredata/stringslice/NonWhitespace.go:25.26,26.45 1 0
github.com/alimtvnetwork/core/coredata/stringslice/NonWhitespace.go:26.45,27.12 1 0
github.com/alimtvnetwork/core/coredata/stringslice/NonWhitespace.go:30.3,30.33 1 0
github.com/alimtvnetwork/core/coredata/stringslice/NonWhitespace.go:33.2,33.17 1 0
github.com/alimtvnetwork/core/coredata/stringslice/NonWhitespaceJoin.go:15.62,16.18 1 0
github.com/alimtvnetwork/core/coredata/stringslice/NonWhitespaceJoin.go:16.18,18.3 1 0
github.com/alimtvnetwork/core/coredata/stringslice/NonWhitespaceJoin.go:20.2,22.17 2 0
github.com/alimtvnetwork/core/coredata/stringslice/NonWhitespaceJoin.go:22.17,24.3 1 0
github.com/alimtvnetwork/core/coredata/stringslice/NonWhitespaceJoin.go:26.2,26.51 1 0
github.com/alimtvnetwork/core/coredata/stringslice/NonWhitespaceJoinPtr.go:9.65,10.21 1 0
github.com/alimtvnetwork/core/coredata/stringslice/NonWhitespaceJoinPtr.go:10.21,12.3 1 0
github.com/alimtvnetwork/core/coredata/stringslice/NonWhitespaceJoinPtr.go:14.2,14.54 1 0
github.com/alimtvnetwork/core/coredata/stringslice/NonWhitespacePtr.go:5.12,6.21 1 0
github.com/alimtvnetwork/core/coredata/stringslice/NonWhitespacePtr.go:6.21,8.3 1 0
github.com/alimtvnetwork/core/coredata/stringslice/NonWhitespacePtr.go:10.2,10.29 1 0
github.com/alimtvnetwork/core/coredata/stringslice/PrependLineNew.go:6.12,10.2 2 0
github.com/alimtvnetwork/core/coredata/stringslice/PrependNew.go:8.13,17.31 4 0
github.com/alimtvnetwork/core/coredata/stringslice/PrependNew.go:17.31,19.3 1 0
github.com/alimtvnetwork/core/coredata/stringslice/PrependNew.go:21.2,21.21 1 0
github.com/alimtvnetwork/core/coredata/stringslice/PrependNew.go:21.21,23.3 1 0
github.com/alimtvnetwork/core/coredata/stringslice/PrependNew.go:25.2,25.18 1 0
github.com/alimtvnetwork/core/coredata/stringslice/ProcessAsync.go:8.12,9.21 1 0
github.com/alimtvnetwork/core/coredata/stringslice/ProcessAsync.go:9.21,11.3 1 0
github.com/alimtvnetwork/core/coredata/stringslice/ProcessAsync.go:13.2,17.51 3 0
github.com/alimtvnetwork/core/coredata/stringslice/ProcessAsync.go:17.51,21.3 2 0
github.com/alimtvnetwork/core/coredata/stringslice/ProcessAsync.go:23.2,24.29 2 0
github.com/alimtvnetwork/core/coredata/stringslice/ProcessAsync.go:24.29,26.3 1 0
github.com/alimtvnetwork/core/coredata/stringslice/ProcessAsync.go:28.2,30.13 2 0
github.com/alimtvnetwork/core/coredata/stringslice/ProcessOptionAsync.go:7.12,8.21 1 0
github.com/alimtvnetwork/core/coredata/stringslice/ProcessOptionAsync.go:8.21,10.3 1 0
github.com/alimtvnetwork/core/coredata/stringslice/ProcessOptionAsync.go:12.2,16.17 3 0
github.com/alimtvnetwork/core/coredata/stringslice/ProcessOptionAsync.go:16.17,18.3 1 0
github.com/alimtvnetwork/core/coredata/stringslice/ProcessOptionAsync.go:20.2,22.28 2 0
github.com/alimtvnetwork/core/coredata/stringslice/ProcessOptionAsync.go:22.28,23.17 1 0
github.com/alimtvnetwork/core/coredata/stringslice/ProcessOptionAsync.go:23.17,24.12 1 0
github.com/alimtvnetwork/core/coredata/stringslice/ProcessOptionAsync.go:27.3,27.36 1 0
github.com/alimtvnetwork/core/coredata/stringslice/ProcessOptionAsync.go:30.2,30.17 1 0
github.com/alimtvnetwork/core/coredata/stringslice/RegexTrimmedSplitNonEmptyAll.go:12.12,17.21 2 0
github.com/alimtvnetwork/core/coredata/stringslice/RegexTrimmedSplitNonEmptyAll.go:17.21,19.3 1 0
github.com/alimtvnetwork/core/coredata/stringslice/RegexTrimmedSplitNonEmptyAll.go:21.2,21.32 1 0
github.com/alimtvnetwork/core/coredata/stringslice/SafeIndexAt.go:5.52,6.58 1 0
github.com/alimtvnetwork/core/coredata/stringslice/SafeIndexAt.go:6.58,8.3 1 0
github.com/alimtvnetwork/core/coredata/stringslice/SafeIndexAt.go:10.2,10.21 1 0
github.com/alimtvnetwork/core/coredata/stringslice/SafeIndexAtUsingLastIndex.go:9.10,10.54 1 0
github.com/alimtvnetwork/core/coredata/stringslice/SafeIndexAtUsingLastIndex.go:10.54,12.3 1 0
github.com/alimtvnetwork/core/coredata/stringslice/SafeIndexAtUsingLastIndex.go:14.2,14.21 1 0
github.com/alimtvnetwork/core/coredata/stringslice/SafeIndexAtUsingLastIndexPtr.go:9.10,10.71 1 0
github.com/alimtvnetwork/core/coredata/stringslice/SafeIndexAtUsingLastIndexPtr.go:10.71,12.3 1 0
github.com/alimtvnetwork/core/coredata/stringslice/SafeIndexAtUsingLastIndexPtr.go:14.2,14.21 1 0
github.com/alimtvnetwork/core/coredata/stringslice/SafeIndexAtWith.go:7.10,8.58 1 0
github.com/alimtvnetwork/core/coredata/stringslice/SafeIndexAtWith.go:8.58,10.3 1 0
github.com/alimtvnetwork/core/coredata/stringslice/SafeIndexAtWith.go:12.2,12.21 1 0
github.com/alimtvnetwork/core/coredata/stringslice/SafeIndexAtWithPtr.go:7.10,8.60 1 0
github.com/alimtvnetwork/core/coredata/stringslice/SafeIndexAtWithPtr.go:8.60,10.3 1 0
github.com/alimtvnetwork/core/coredata/stringslice/SafeIndexAtWithPtr.go:12.2,12.21 1 0
github.com/alimtvnetwork/core/coredata/stringslice/SafeIndexRanges.go:13.12,17.23 3 0
github.com/alimtvnetwork/core/coredata/stringslice/SafeIndexRanges.go:17.23,19.3 1 0
github.com/alimtvnetwork/core/coredata/stringslice/SafeIndexRanges.go:21.2,22.54 2 0
github.com/alimtvnetwork/core/coredata/stringslice/SafeIndexRanges.go:22.54,24.3 1 0
github.com/alimtvnetwork/core/coredata/stringslice/SafeIndexRanges.go:26.2,28.60 2 0
github.com/alimtvnetwork/core/coredata/stringslice/SafeIndexRanges.go:28.60,31.29 2 0
github.com/alimtvnetwork/core/coredata/stringslice/SafeIndexRanges.go:31.29,32.12 1 0
github.com/alimtvnetwork/core/coredata/stringslice/SafeIndexRanges.go:35.3,35.34 1 0
github.com/alimtvnetwork/core/coredata/stringslice/SafeIndexRanges.go:38.2,38.22 1 0
github.com/alimtvnetwork/core/coredata/stringslice/SafeIndexes.go:8.59,12.32 4 0
github.com/alimtvnetwork/core/coredata/stringslice/SafeIndexes.go:12.32,14.3 1 0
github.com/alimtvnetwork/core/coredata/stringslice/SafeIndexes.go:16.2,16.37 1 0
github.com/alimtvnetwork/core/coredata/stringslice/SafeIndexes.go:16.37,18.37 2 0
github.com/alimtvnetwork/core/coredata/stringslice/SafeIndexes.go:18.37,19.12 1 0
github.com/alimtvnetwork/core/coredata/stringslice/SafeIndexes.go:22.3,22.34 1 0
github.com/alimtvnetwork/core/coredata/stringslice/SafeIndexes.go:25.2,25.22 1 0
github.com/alimtvnetwork/core/coredata/stringslice/SafeIndexesDefaultPtr.go:7.71,8.23 1 0
github.com/alimtvnetwork/core/coredata/stringslice/SafeIndexesDefaultPtr.go:8.23,10.3 1 0
github.com/alimtvnetwork/core/coredata/stringslice/SafeIndexesDefaultPtr.go:12.2,12.39 1 0
github.com/alimtvnetwork/core/coredata/stringslice/SafeIndexesDefaultWithDetail.go:14.22,17.17 2 0
github.com/alimtvnetwork/core/coredata/stringslice/SafeIndexesDefaultWithDetail.go:17.17,19.3 1 0
github.com/alimtvnetwork/core/coredata/stringslice/SafeIndexesDefaultWithDetail.go:21.2,32.32 5 0
github.com/alimtvnetwork/core/coredata/stringslice/SafeIndexesDefaultWithDetail.go:32.32,33.37 1 0
github.com/alimtvnetwork/core/coredata/stringslice/SafeIndexesDefaultWithDetail.go:33.37,38.12 2 0
github.com/alimtvnetwork/core/coredata/stringslice/SafeIndexesDefaultWithDetail.go:41.3,42.15 2 0
github.com/alimtvnetwork/core/coredata/stringslice/SafeIndexesDefaultWithDetail.go:45.2,50.3 1 0
github.com/alimtvnetwork/core/coredata/stringslice/SafeRangeItems.go:8.12,9.18 1 0
github.com/alimtvnetwork/core/coredata/stringslice/SafeRangeItems.go:9.18,11.3 1 0
github.com/alimtvnetwork/core/coredata/stringslice/SafeRangeItems.go:13.2,14.17 2 0
github.com/alimtvnetwork/core/coredata/stringslice/SafeRangeItems.go:14.17,16.3 1 0
github.com/alimtvnetwork/core/coredata/stringslice/SafeRangeItems.go:18.2,19.23 2 0
github.com/alimtvnetwork/core/coredata/stringslice/SafeRangeItems.go:19.23,21.3 1 0
github.com/alimtvnetwork/core/coredata/stringslice/SafeRangeItems.go:23.2,23.54 1 0
github.com/alimtvnetwork/core/coredata/stringslice/SafeRangeItems.go:23.54,25.3 1 0
github.com/alimtvnetwork/core/coredata/stringslice/SafeRangeItems.go:27.2,27.59 1 0
github.com/alimtvnetwork/core/coredata/stringslice/SafeRangeItems.go:27.59,29.3 1 0
github.com/alimtvnetwork/core/coredata/stringslice/SafeRangeItems.go:31.2,31.20 1 0
github.com/alimtvnetwork/core/coredata/stringslice/SafeRangeItemsPtr.go:6.12,7.21 1 0
github.com/alimtvnetwork/core/coredata/stringslice/SafeRangeItemsPtr.go:7.21,9.3 1 0
github.com/alimtvnetwork/core/coredata/stringslice/SafeRangeItemsPtr.go:11.2,11.42 1 0
github.com/alimtvnetwork/core/coredata/stringslice/SlicePtr.go:3.40,4.21 1 0
github.com/alimtvnetwork/core/coredata/stringslice/SlicePtr.go:4.21,6.3 1 0
github.com/alimtvnetwork/core/coredata/stringslice/SlicePtr.go:8.2,8.14 1 0
github.com/alimtvnetwork/core/coredata/stringslice/SortIf.go:8.12,9.12 1 0
github.com/alimtvnetwork/core/coredata/stringslice/SortIf.go:9.12,11.3 1 0
github.com/alimtvnetwork/core/coredata/stringslice/SortIf.go:13.2,13.14 1 0
github.com/alimtvnetwork/core/coredata/stringslice/SplitContentsByWhitespace.go:7.12,9.2 1 0
github.com/alimtvnetwork/core/coredata/stringslice/SplitTrimmedNonEmpty.go:16.12,22.21 2 0
github.com/alimtvnetwork/core/coredata/stringslice/SplitTrimmedNonEmpty.go:22.21,24.3 1 0
github.com/alimtvnetwork/core/coredata/stringslice/SplitTrimmedNonEmpty.go:26.2,26.32 1 0
github.com/alimtvnetwork/core/coredata/stringslice/SplitTrimmedNonEmptyAll.go:10.12,15.21 2 0
github.com/alimtvnetwork/core/coredata/stringslice/SplitTrimmedNonEmptyAll.go:15.21,17.3 1 0
github.com/alimtvnetwork/core/coredata/stringslice/SplitTrimmedNonEmptyAll.go:19.2,19.32 1 0
github.com/alimtvnetwork/core/coredata/stringslice/TrimmedEachWords.go:11.48,12.18 1 0
github.com/alimtvnetwork/core/coredata/stringslice/TrimmedEachWords.go:12.18,14.3 1 0
github.com/alimtvnetwork/core/coredata/stringslice/TrimmedEachWords.go:16.2,18.17 2 0
github.com/alimtvnetwork/core/coredata/stringslice/TrimmedEachWords.go:18.17,20.3 1 0
github.com/alimtvnetwork/core/coredata/stringslice/TrimmedEachWords.go:22.2,24.26 2 0
github.com/alimtvnetwork/core/coredata/stringslice/TrimmedEachWords.go:24.26,26.24 2 0
github.com/alimtvnetwork/core/coredata/stringslice/TrimmedEachWords.go:26.24,27.12 1 0
github.com/alimtvnetwork/core/coredata/stringslice/TrimmedEachWords.go:30.3,30.39 1 0
github.com/alimtvnetwork/core/coredata/stringslice/TrimmedEachWords.go:33.2,33.17 1 0
github.com/alimtvnetwork/core/coredata/stringslice/TrimmedEachWordsIf.go:6.12,7.25 1 0
github.com/alimtvnetwork/core/coredata/stringslice/TrimmedEachWordsIf.go:7.25,9.3 1 0
github.com/alimtvnetwork/core/coredata/stringslice/TrimmedEachWordsIf.go:11.2,11.30 1 0
github.com/alimtvnetwork/core/coredata/stringslice/TrimmedEachWordsPtr.go:3.51,4.21 1 0
github.com/alimtvnetwork/core/coredata/stringslice/TrimmedEachWordsPtr.go:4.21,6.3 1 0
github.com/alimtvnetwork/core/coredata/stringslice/TrimmedEachWordsPtr.go:8.2,8.32 1 0
github.com/alimtvnetwork/core/defaultcapacity/MaxLimit.go:11.47,14.38 2 0
github.com/alimtvnetwork/core/defaultcapacity/MaxLimit.go:14.38,16.3 1 0
github.com/alimtvnetwork/core/defaultcapacity/MaxLimit.go:16.8,16.44 1 0
github.com/alimtvnetwork/core/defaultcapacity/MaxLimit.go:16.44,18.3 1 0
github.com/alimtvnetwork/core/defaultcapacity/MaxLimit.go:21.2,21.20 1 0
github.com/alimtvnetwork/core/defaultcapacity/OfSearch.go:5.31,6.35 1 0
github.com/alimtvnetwork/core/defaultcapacity/OfSearch.go:6.35,8.3 1 0
github.com/alimtvnetwork/core/defaultcapacity/OfSearch.go:10.2,10.61 1 0
github.com/alimtvnetwork/core/defaultcapacity/OfSearch.go:10.61,12.3 1 0
github.com/alimtvnetwork/core/defaultcapacity/OfSearch.go:14.2,16.47 2 0
github.com/alimtvnetwork/core/defaultcapacity/OfSearch.go:16.47,18.3 1 0
github.com/alimtvnetwork/core/defaultcapacity/OfSearch.go:18.8,18.52 1 0
github.com/alimtvnetwork/core/defaultcapacity/OfSearch.go:18.52,20.3 1 0
github.com/alimtvnetwork/core/defaultcapacity/OfSearch.go:20.8,20.53 1 0
github.com/alimtvnetwork/core/defaultcapacity/OfSearch.go:20.53,22.3 1 0
github.com/alimtvnetwork/core/defaultcapacity/OfSearch.go:22.8,24.3 1 0
github.com/alimtvnetwork/core/defaultcapacity/OfSearch.go:26.2,26.24 1 0
github.com/alimtvnetwork/core/defaultcapacity/OfSplits.go:13.47,16.38 2 0
github.com/alimtvnetwork/core/defaultcapacity/OfSplits.go:16.38,18.3 1 0
github.com/alimtvnetwork/core/defaultcapacity/OfSplits.go:18.8,18.44 1 0
github.com/alimtvnetwork/core/defaultcapacity/OfSplits.go:18.44,20.3 1 0
github.com/alimtvnetwork/core/defaultcapacity/OfSplits.go:23.2,23.30 1 0
github.com/alimtvnetwork/core/defaultcapacity/Predictive.go:12.7,13.22 1 0
github.com/alimtvnetwork/core/defaultcapacity/Predictive.go:13.22,15.3 1 0
github.com/alimtvnetwork/core/defaultcapacity/Predictive.go:17.2,21.17 4 0
github.com/alimtvnetwork/core/defaultcapacity/PredictiveDefault.go:11.45,16.2 1 0
github.com/alimtvnetwork/core/defaultcapacity/PredictiveDefaultSmall.go:8.50,13.2 1 0
github.com/alimtvnetwork/core/defaultcapacity/PredictiveFiftyPercentIncrement.go:10.78,15.2 1 0
github.com/alimtvnetwork/core/internal/convertinternal/anyTo.go:16.49,17.20 1 0
github.com/alimtvnetwork/core/internal/convertinternal/anyTo.go:17.20,19.3 1 0
github.com/alimtvnetwork/core/internal/convertinternal/anyTo.go:21.2,24.3 1 0
github.com/alimtvnetwork/core/internal/convertinternal/anyTo.go:27.56,28.20 1 0
github.com/alimtvnetwork/core/internal/convertinternal/anyTo.go:28.20,30.3 1 0
github.com/alimtvnetwork/core/internal/convertinternal/anyTo.go:32.2,35.3 1 0
github.com/alimtvnetwork/core/internal/convertinternal/anyTo.go:38.46,39.20 1 0
github.com/alimtvnetwork/core/internal/convertinternal/anyTo.go:39.20,41.3 1 0
github.com/alimtvnetwork/core/internal/convertinternal/anyTo.go:43.2,46.3 1 0
github.com/alimtvnetwork/core/internal/convertinternal/anyTo.go:49.49,50.20 1 1
github.com/alimtvnetwork/core/internal/convertinternal/anyTo.go:50.20,52.3 1 0
github.com/alimtvnetwork/core/internal/convertinternal/anyTo.go:54.2,54.29 1 1
github.com/alimtvnetwork/core/internal/convertinternal/anyTo.go:55.14,56.11 1 1
github.com/alimtvnetwork/core/internal/convertinternal/anyTo.go:57.13,58.28 1 0
github.com/alimtvnetwork/core/internal/convertinternal/anyTo.go:58.28,60.4 1 0
github.com/alimtvnetwork/core/internal/convertinternal/anyTo.go:62.3,62.18 1 0
github.com/alimtvnetwork/core/internal/convertinternal/anyTo.go:63.20,64.28 1 1
github.com/alimtvnetwork/core/internal/convertinternal/anyTo.go:64.28,66.4 1 0
github.com/alimtvnetwork/core/internal/convertinternal/anyTo.go:68.3,68.20 1 1
github.com/alimtvnetwork/core/internal/convertinternal/anyTo.go:69.13,70.15 1 0
github.com/alimtvnetwork/core/internal/convertinternal/anyTo.go:70.15,72.4 1 0
github.com/alimtvnetwork/core/internal/convertinternal/anyTo.go:74.3,74.19 1 0
github.com/alimtvnetwork/core/internal/convertinternal/anyTo.go:75.16,79.4 1 0
github.com/alimtvnetwork/core/internal/convertinternal/anyTo.go:80.13,81.18 1 0
github.com/alimtvnetwork/core/internal/convertinternal/anyTo.go:81.18,83.4 1 0
github.com/alimtvnetwork/core/internal/convertinternal/anyTo.go:85.3,87.26 2 0
github.com/alimtvnetwork/core/internal/convertinternal/anyTo.go:87.26,89.4 1 0
github.com/alimtvnetwork/core/internal/convertinternal/anyTo.go:91.3,94.4 1 0
github.com/alimtvnetwork/core/internal/convertinternal/anyTo.go:97.2,100.3 1 1
github.com/alimtvnetwork/core/internal/convertinternal/anyTo.go:103.47,104.20 1 0
github.com/alimtvnetwork/core/internal/convertinternal/anyTo.go:104.20,106.3 1 0
github.com/alimtvnetwork/core/internal/convertinternal/anyTo.go:108.2,108.29 1 0
github.com/alimtvnetwork/core/internal/convertinternal/anyTo.go:109.16,113.4 1 0
github.com/alimtvnetwork/core/internal/convertinternal/anyTo.go:114.14,115.11 1 0
github.com/alimtvnetwork/core/internal/convertinternal/anyTo.go:116.77,120.4 1 0
github.com/alimtvnetwork/core/internal/convertinternal/anyTo.go:121.13,122.15 1 0
github.com/alimtvnetwork/core/internal/convertinternal/anyTo.go:122.15,124.4 1 0
github.com/alimtvnetwork/core/internal/convertinternal/anyTo.go:126.3,126.19 1 0
github.com/alimtvnetwork/core/internal/convertinternal/anyTo.go:127.10,132.22 2 0
github.com/alimtvnetwork/core/internal/convertinternal/anyTo.go:136.60,137.20 1 0
github.com/alimtvnetwork/core/internal/convertinternal/anyTo.go:137.20,139.3 1 0
github.com/alimtvnetwork/core/internal/convertinternal/anyTo.go:141.2,141.29 1 0
github.com/alimtvnetwork/core/internal/convertinternal/anyTo.go:142.16,143.11 1 0
github.com/alimtvnetwork/core/internal/convertinternal/anyTo.go:144.14,148.4 1 0
github.com/alimtvnetwork/core/internal/convertinternal/anyTo.go:150.10,151.37 1 0
github.com/alimtvnetwork/core/internal/convertinternal/anyTo.go:155.55,156.20 1 0
github.com/alimtvnetwork/core/internal/convertinternal/anyTo.go:156.20,158.3 1 0
github.com/alimtvnetwork/core/internal/convertinternal/anyTo.go:160.2,167.3 2 0
github.com/alimtvnetwork/core/internal/convertinternal/anyTo.go:175.12,176.17 1 0
github.com/alimtvnetwork/core/internal/convertinternal/anyTo.go:176.17,178.3 1 0
github.com/alimtvnetwork/core/internal/convertinternal/anyTo.go:180.2,182.28 2 0
github.com/alimtvnetwork/core/internal/convertinternal/anyTo.go:182.28,188.3 1 0
github.com/alimtvnetwork/core/internal/convertinternal/anyTo.go:190.2,192.14 2 0
github.com/alimtvnetwork/core/internal/convertinternal/anyTo.go:196.70,198.25 2 0
github.com/alimtvnetwork/core/internal/convertinternal/anyTo.go:198.25,200.3 1 0
github.com/alimtvnetwork/core/internal/convertinternal/anyTo.go:201.2,201.14 1 0
github.com/alimtvnetwork/core/internal/convertinternal/anyTo.go:206.12,207.26 1 0
github.com/alimtvnetwork/core/internal/convertinternal/anyTo.go:208.14,209.14 1 0
github.com/alimtvnetwork/core/internal/convertinternal/anyTo.go:209.14,211.4 1 0
github.com/alimtvnetwork/core/internal/convertinternal/anyTo.go:212.3,212.49 1 0
github.com/alimtvnetwork/core/internal/convertinternal/anyTo.go:213.13,214.15 1 0
github.com/alimtvnetwork/core/internal/convertinternal/anyTo.go:214.15,216.4 1 0
github.com/alimtvnetwork/core/internal/convertinternal/anyTo.go:217.3,217.57 1 0
github.com/alimtvnetwork/core/internal/convertinternal/anyTo.go:218.16,219.11 1 0
github.com/alimtvnetwork/core/internal/convertinternal/anyTo.go:220.13,221.35 1 0
github.com/alimtvnetwork/core/internal/convertinternal/anyTo.go:222.22,223.52 1 0
github.com/alimtvnetwork/core/internal/convertinternal/anyTo.go:223.52,223.64 1 0
github.com/alimtvnetwork/core/internal/convertinternal/anyTo.go:224.19,225.57 1 0
github.com/alimtvnetwork/core/internal/convertinternal/anyTo.go:226.25,227.52 1 0
github.com/alimtvnetwork/core/internal/convertinternal/anyTo.go:227.52,227.64 1 0
github.com/alimtvnetwork/core/internal/convertinternal/anyTo.go:227.88,227.100 1 0
github.com/alimtvnetwork/core/internal/convertinternal/anyTo.go:228.22,229.52 1 0
github.com/alimtvnetwork/core/internal/convertinternal/anyTo.go:229.52,229.64 1 0
github.com/alimtvnetwork/core/internal/convertinternal/anyTo.go:229.85,229.116 1 0
github.com/alimtvnetwork/core/internal/convertinternal/anyTo.go:230.22,231.49 1 0
github.com/alimtvnetwork/core/internal/convertinternal/anyTo.go:231.49,231.77 1 0
github.com/alimtvnetwork/core/internal/convertinternal/anyTo.go:231.101,231.113 1 0
github.com/alimtvnetwork/core/internal/convertinternal/anyTo.go:232.10,233.49 1 0
github.com/alimtvnetwork/core/internal/convertinternal/anyTo.go:237.55,238.17 1 0
github.com/alimtvnetwork/core/internal/convertinternal/anyTo.go:238.17,240.3 1 0
github.com/alimtvnetwork/core/internal/convertinternal/anyTo.go:242.2,243.25 2 0
github.com/alimtvnetwork/core/internal/convertinternal/anyTo.go:243.25,245.3 1 0
github.com/alimtvnetwork/core/internal/convertinternal/anyTo.go:246.2,246.14 1 0
github.com/alimtvnetwork/core/internal/convertinternal/anyTo.go:249.67,250.26 1 0
github.com/alimtvnetwork/core/internal/convertinternal/anyTo.go:254.20,255.40 1 0
github.com/alimtvnetwork/core/internal/convertinternal/anyTo.go:256.20,257.58 1 0
github.com/alimtvnetwork/core/internal/convertinternal/anyTo.go:258.12,259.41 1 0
github.com/alimtvnetwork/core/internal/convertinternal/anyTo.go:260.13,261.43 1 0
github.com/alimtvnetwork/core/internal/convertinternal/anyTo.go:262.14,263.49 1 0
github.com/alimtvnetwork/core/internal/convertinternal/anyTo.go:264.15,265.51 1 0
github.com/alimtvnetwork/core/internal/convertinternal/anyTo.go:265.51,265.86 1 0
github.com/alimtvnetwork/core/internal/convertinternal/anyTo.go:266.17,267.53 1 0
github.com/alimtvnetwork/core/internal/convertinternal/anyTo.go:267.53,267.99 1 0
github.com/alimtvnetwork/core/internal/convertinternal/anyTo.go:268.14,269.50 1 0
github.com/alimtvnetwork/core/internal/convertinternal/anyTo.go:269.50,269.81 1 0
github.com/alimtvnetwork/core/internal/convertinternal/anyTo.go:270.10,271.34 1 0
github.com/alimtvnetwork/core/internal/convertinternal/anyTo.go:277.10,278.26 1 0
github.com/alimtvnetwork/core/internal/convertinternal/anyTo.go:279.14,280.11 1 0
github.com/alimtvnetwork/core/internal/convertinternal/anyTo.go:281.15,282.15 1 0
github.com/alimtvnetwork/core/internal/convertinternal/anyTo.go:282.15,284.4 1 0
github.com/alimtvnetwork/core/internal/convertinternal/anyTo.go:286.3,286.12 1 0
github.com/alimtvnetwork/core/internal/convertinternal/anyTo.go:287.13,288.15 1 0
github.com/alimtvnetwork/core/internal/convertinternal/anyTo.go:288.15,290.4 1 0
github.com/alimtvnetwork/core/internal/convertinternal/anyTo.go:292.3,292.19 1 0
github.com/alimtvnetwork/core/internal/convertinternal/anyTo.go:296.20,297.30 1 0
github.com/alimtvnetwork/core/internal/convertinternal/anyTo.go:298.12,299.31 1 0
github.com/alimtvnetwork/core/internal/convertinternal/anyTo.go:302.2,304.53 2 0
github.com/alimtvnetwork/core/internal/convertinternal/anyTo.go:307.34,311.2 2 1
github.com/alimtvnetwork/core/internal/convertinternal/codeFormatter.go:10.61,11.17 1 0
github.com/alimtvnetwork/core/internal/convertinternal/codeFormatter.go:11.17,13.3 1 0
github.com/alimtvnetwork/core/internal/convertinternal/codeFormatter.go:15.2,15.25 1 0
github.com/alimtvnetwork/core/internal/convertinternal/codeFormatter.go:18.61,19.20 1 0
github.com/alimtvnetwork/core/internal/convertinternal/codeFormatter.go:19.20,21.3 1 0
github.com/alimtvnetwork/core/internal/convertinternal/codeFormatter.go:23.2,25.16 2 0
github.com/alimtvnetwork/core/internal/convertinternal/codeFormatter.go:25.16,27.3 1 0
github.com/alimtvnetwork/core/internal/convertinternal/codeFormatter.go:29.2,29.35 1 0
github.com/alimtvnetwork/core/internal/convertinternal/integersConverter.go:9.26,10.21 1 0
github.com/alimtvnetwork/core/internal/convertinternal/integersConverter.go:10.21,12.3 1 0
github.com/alimtvnetwork/core/internal/convertinternal/integersConverter.go:14.2,16.29 2 0
github.com/alimtvnetwork/core/internal/convertinternal/integersConverter.go:16.29,18.3 1 0
github.com/alimtvnetwork/core/internal/convertinternal/integersConverter.go:20.2,20.16 1 0
github.com/alimtvnetwork/core/internal/convertinternal/integersConverter.go:25.27,26.21 1 0
github.com/alimtvnetwork/core/internal/convertinternal/integersConverter.go:26.21,28.3 1 0
github.com/alimtvnetwork/core/internal/convertinternal/integersConverter.go:30.2,32.29 2 0
github.com/alimtvnetwork/core/internal/convertinternal/integersConverter.go:32.29,34.3 1 0
github.com/alimtvnetwork/core/internal/convertinternal/integersConverter.go:36.2,36.16 1 0
github.com/alimtvnetwork/core/internal/convertinternal/integersConverter.go:39.79,40.26 1 0
github.com/alimtvnetwork/core/internal/convertinternal/integersConverter.go:40.26,42.3 1 0
github.com/alimtvnetwork/core/internal/convertinternal/integersConverter.go:44.2,44.45 1 0
github.com/alimtvnetwork/core/internal/convertinternal/integersConverter.go:47.72,49.37 2 0
github.com/alimtvnetwork/core/internal/convertinternal/integersConverter.go:49.37,51.3 1 0
github.com/alimtvnetwork/core/internal/convertinternal/integersConverter.go:53.2,53.20 1 0
github.com/alimtvnetwork/core/internal/convertinternal/keyValuesTo.go:6.70,7.34 1 0
github.com/alimtvnetwork/core/internal/convertinternal/keyValuesTo.go:7.34,9.3 1 0
github.com/alimtvnetwork/core/internal/convertinternal/keyValuesTo.go:11.2,13.27 2 0
github.com/alimtvnetwork/core/internal/convertinternal/keyValuesTo.go:13.27,15.3 1 0
github.com/alimtvnetwork/core/internal/convertinternal/keyValuesTo.go:17.2,17.17 1 0
github.com/alimtvnetwork/core/internal/convertinternal/keyValuesTo.go:21.75,22.33 1 0
github.com/alimtvnetwork/core/internal/convertinternal/keyValuesTo.go:22.33,26.3 2 0
github.com/alimtvnetwork/core/internal/convertinternal/keyValuesTo.go:28.2,30.28 2 0
github.com/alimtvnetwork/core/internal/convertinternal/keyValuesTo.go:30.28,32.3 1 0
github.com/alimtvnetwork/core/internal/convertinternal/keyValuesTo.go:34.2,34.18 1 0
github.com/alimtvnetwork/core/internal/convertinternal/mapConverter.go:15.53,17.21 2 0
github.com/alimtvnetwork/core/internal/convertinternal/mapConverter.go:17.21,19.3 1 0
github.com/alimtvnetwork/core/internal/convertinternal/mapConverter.go:20.2,20.13 1 0
github.com/alimtvnetwork/core/internal/convertinternal/mapConverter.go:24.59,26.21 2 0
github.com/alimtvnetwork/core/internal/convertinternal/mapConverter.go:26.21,28.3 1 0
github.com/alimtvnetwork/core/internal/convertinternal/mapConverter.go:29.2,29.13 1 0
github.com/alimtvnetwork/core/internal/convertinternal/mapConverter.go:33.65,35.21 2 0
github.com/alimtvnetwork/core/internal/convertinternal/mapConverter.go:35.21,37.3 1 0
github.com/alimtvnetwork/core/internal/convertinternal/mapConverter.go:38.2,38.13 1 0
github.com/alimtvnetwork/core/internal/convertinternal/mapConverter.go:43.30,44.28 1 0
github.com/alimtvnetwork/core/internal/convertinternal/mapConverter.go:45.25,46.38 1 0
github.com/alimtvnetwork/core/internal/convertinternal/mapConverter.go:47.22,48.38 1 0
github.com/alimtvnetwork/core/internal/convertinternal/mapConverter.go:49.19,50.35 1 0
github.com/alimtvnetwork/core/internal/convertinternal/mapConverter.go:51.22,52.35 1 0
github.com/alimtvnetwork/core/internal/convertinternal/mapConverter.go:53.23,54.35 1 0
github.com/alimtvnetwork/core/internal/convertinternal/mapConverter.go:55.19,56.35 1 0
github.com/alimtvnetwork/core/internal/convertinternal/mapConverter.go:57.22,58.35 1 0
github.com/alimtvnetwork/core/internal/convertinternal/mapConverter.go:59.31,60.35 1 0
github.com/alimtvnetwork/core/internal/convertinternal/mapConverter.go:61.10,65.4 1 0
github.com/alimtvnetwork/core/internal/convertinternal/mapConverter.go:71.38,72.28 1 0
github.com/alimtvnetwork/core/internal/convertinternal/mapConverter.go:73.25,74.29 1 0
github.com/alimtvnetwork/core/internal/convertinternal/mapConverter.go:74.29,77.4 2 0
github.com/alimtvnetwork/core/internal/convertinternal/mapConverter.go:78.3,78.27 1 0
github.com/alimtvnetwork/core/internal/convertinternal/mapConverter.go:79.22,80.29 1 0
github.com/alimtvnetwork/core/internal/convertinternal/mapConverter.go:80.29,83.4 2 0
github.com/alimtvnetwork/core/internal/convertinternal/mapConverter.go:84.3,84.27 1 0
github.com/alimtvnetwork/core/internal/convertinternal/mapConverter.go:85.19,86.29 1 0
github.com/alimtvnetwork/core/internal/convertinternal/mapConverter.go:86.29,89.4 2 0
github.com/alimtvnetwork/core/internal/convertinternal/mapConverter.go:90.3,90.27 1 0
github.com/alimtvnetwork/core/internal/convertinternal/mapConverter.go:91.22,92.29 1 0
github.com/alimtvnetwork/core/internal/convertinternal/mapConverter.go:92.29,95.4 2 0
github.com/alimtvnetwork/core/internal/convertinternal/mapConverter.go:96.3,96.27 1 0
github.com/alimtvnetwork/core/internal/convertinternal/mapConverter.go:97.23,98.29 1 0
github.com/alimtvnetwork/core/internal/convertinternal/mapConverter.go:98.29,101.4 2 0
github.com/alimtvnetwork/core/internal/convertinternal/mapConverter.go:102.3,102.27 1 0
github.com/alimtvnetwork/core/internal/convertinternal/mapConverter.go:103.19,104.29 1 0
github.com/alimtvnetwork/core/internal/convertinternal/mapConverter.go:104.29,107.4 2 0
github.com/alimtvnetwork/core/internal/convertinternal/mapConverter.go:108.3,108.27 1 0
github.com/alimtvnetwork/core/internal/convertinternal/mapConverter.go:109.22,110.29 1 0
github.com/alimtvnetwork/core/internal/convertinternal/mapConverter.go:110.29,113.4 2 0
github.com/alimtvnetwork/core/internal/convertinternal/mapConverter.go:114.3,114.27 1 0
github.com/alimtvnetwork/core/internal/convertinternal/mapConverter.go:115.10,119.4 1 0
github.com/alimtvnetwork/core/internal/convertinternal/mapConverter.go:125.36,127.34 2 0
github.com/alimtvnetwork/core/internal/convertinternal/mapConverter.go:127.34,129.3 1 0
github.com/alimtvnetwork/core/internal/convertinternal/mapConverter.go:130.2,131.18 2 0
github.com/alimtvnetwork/core/internal/convertinternal/mapConverter.go:136.38,138.16 2 0
github.com/alimtvnetwork/core/internal/convertinternal/mapConverter.go:138.16,140.3 1 0
github.com/alimtvnetwork/core/internal/convertinternal/mapConverter.go:141.2,142.27 2 0
github.com/alimtvnetwork/core/internal/convertinternal/mapConverter.go:142.27,144.3 1 0
github.com/alimtvnetwork/core/internal/convertinternal/mapConverter.go:145.2,146.27 2 0
github.com/alimtvnetwork/core/internal/convertinternal/mapConverter.go:146.27,148.3 1 0
github.com/alimtvnetwork/core/internal/convertinternal/mapConverter.go:149.2,149.26 1 0
github.com/alimtvnetwork/core/internal/convertinternal/mapConverter.go:153.68,155.26 2 0
github.com/alimtvnetwork/core/internal/convertinternal/mapConverter.go:155.26,157.3 1 0
github.com/alimtvnetwork/core/internal/convertinternal/mapConverter.go:158.2,158.15 1 0
github.com/alimtvnetwork/core/internal/convertinternal/mapConverter.go:162.62,164.26 2 0
github.com/alimtvnetwork/core/internal/convertinternal/mapConverter.go:164.26,166.3 1 0
github.com/alimtvnetwork/core/internal/convertinternal/mapConverter.go:167.2,167.15 1 0
github.com/alimtvnetwork/core/internal/convertinternal/mapConverter.go:172.32,173.33 1 0
github.com/alimtvnetwork/core/internal/convertinternal/mapConverter.go:174.25,175.45 1 0
github.com/alimtvnetwork/core/internal/convertinternal/mapConverter.go:176.22,177.42 1 0
github.com/alimtvnetwork/core/internal/convertinternal/mapConverter.go:178.19,179.42 1 0
github.com/alimtvnetwork/core/internal/convertinternal/mapConverter.go:180.22,182.32 2 0
github.com/alimtvnetwork/core/internal/convertinternal/mapConverter.go:182.32,184.4 1 0
github.com/alimtvnetwork/core/internal/convertinternal/mapConverter.go:185.3,185.19 1 0
github.com/alimtvnetwork/core/internal/convertinternal/mapConverter.go:186.22,187.45 1 0
github.com/alimtvnetwork/core/internal/convertinternal/mapConverter.go:188.23,189.42 1 0
github.com/alimtvnetwork/core/internal/convertinternal/mapConverter.go:190.19,191.42 1 0
github.com/alimtvnetwork/core/internal/convertinternal/mapConverter.go:192.22,193.45 1 0
github.com/alimtvnetwork/core/internal/convertinternal/mapConverter.go:194.10,198.4 1 0
github.com/alimtvnetwork/core/internal/convertinternal/mapConverter.go:205.21,206.34 1 0
github.com/alimtvnetwork/core/internal/convertinternal/mapConverter.go:206.34,208.3 1 0
github.com/alimtvnetwork/core/internal/convertinternal/mapConverter.go:210.2,212.46 2 0
github.com/alimtvnetwork/core/internal/convertinternal/mapConverter.go:212.46,218.31 2 0
github.com/alimtvnetwork/core/internal/convertinternal/mapConverter.go:218.31,219.12 1 0
github.com/alimtvnetwork/core/internal/convertinternal/mapConverter.go:222.3,222.20 1 0
github.com/alimtvnetwork/core/internal/convertinternal/mapConverter.go:225.2,225.15 1 0
github.com/alimtvnetwork/core/internal/convertinternal/mapConverter.go:232.21,233.55 1 0
github.com/alimtvnetwork/core/internal/convertinternal/mapConverter.go:233.55,235.3 1 0
github.com/alimtvnetwork/core/internal/convertinternal/mapConverter.go:237.2,244.35 2 0
github.com/alimtvnetwork/core/internal/convertinternal/mapConverter.go:244.35,250.31 2 0
github.com/alimtvnetwork/core/internal/convertinternal/mapConverter.go:250.31,251.12 1 0
github.com/alimtvnetwork/core/internal/convertinternal/mapConverter.go:254.3,254.20 1 0
github.com/alimtvnetwork/core/internal/convertinternal/mapConverter.go:257.2,257.46 1 0
github.com/alimtvnetwork/core/internal/convertinternal/mapConverter.go:257.46,263.31 2 0
github.com/alimtvnetwork/core/internal/convertinternal/mapConverter.go:263.31,264.12 1 0
github.com/alimtvnetwork/core/internal/convertinternal/mapConverter.go:267.3,267.20 1 0
github.com/alimtvnetwork/core/internal/convertinternal/mapConverter.go:270.2,270.15 1 0
github.com/alimtvnetwork/core/internal/convertinternal/mapConverter.go:273.74,274.26 1 0
github.com/alimtvnetwork/core/internal/convertinternal/mapConverter.go:274.26,276.3 1 0
github.com/alimtvnetwork/core/internal/convertinternal/mapConverter.go:278.2,281.31 3 0
github.com/alimtvnetwork/core/internal/convertinternal/mapConverter.go:281.31,283.3 1 0
github.com/alimtvnetwork/core/internal/convertinternal/mapConverter.go:285.2,285.16 1 0
github.com/alimtvnetwork/core/internal/convertinternal/stringUtil.go:18.10,27.2 2 0
github.com/alimtvnetwork/core/internal/convertinternal/stringUtil.go:34.10,43.2 2 1
github.com/alimtvnetwork/core/internal/convertinternal/stringUtil.go:47.10,50.18 2 1
github.com/alimtvnetwork/core/internal/convertinternal/stringUtil.go:51.9,52.15 1 1
github.com/alimtvnetwork/core/internal/convertinternal/stringUtil.go:53.9,54.15 1 0
github.com/alimtvnetwork/core/internal/convertinternal/stringUtil.go:55.9,56.15 1 0
github.com/alimtvnetwork/core/internal/convertinternal/stringUtil.go:57.10,61.4 1 0
github.com/alimtvnetwork/core/internal/convertinternal/stringUtil.go:67.10,68.20 1 0
github.com/alimtvnetwork/core/internal/convertinternal/stringUtil.go:68.20,70.3 1 0
github.com/alimtvnetwork/core/internal/convertinternal/stringUtil.go:72.2,74.26 2 0
github.com/alimtvnetwork/core/internal/convertinternal/stringUtil.go:74.26,76.3 1 0
github.com/alimtvnetwork/core/internal/convertinternal/stringUtil.go:78.2,78.32 1 0
github.com/alimtvnetwork/core/internal/convertinternal/stringUtil.go:83.10,84.20 1 0
github.com/alimtvnetwork/core/internal/convertinternal/stringUtil.go:84.20,86.3 1 0
github.com/alimtvnetwork/core/internal/convertinternal/stringUtil.go:88.2,93.24 5 0
github.com/alimtvnetwork/core/internal/convertinternal/stringUtil.go:93.24,95.3 1 0
github.com/alimtvnetwork/core/internal/convertinternal/stringUtil.go:97.2,97.46 1 0
github.com/alimtvnetwork/core/internal/convertinternal/stringUtil.go:102.10,103.20 1 0
github.com/alimtvnetwork/core/internal/convertinternal/stringUtil.go:103.20,105.3 1 0
github.com/alimtvnetwork/core/internal/convertinternal/stringUtil.go:107.2,109.26 2 0
github.com/alimtvnetwork/core/internal/convertinternal/stringUtil.go:109.26,110.13 1 0
github.com/alimtvnetwork/core/internal/convertinternal/stringUtil.go:110.13,112.4 1 0
github.com/alimtvnetwork/core/internal/convertinternal/stringUtil.go:112.9,114.4 1 0
github.com/alimtvnetwork/core/internal/convertinternal/stringUtil.go:117.2,117.32 1 0
github.com/alimtvnetwork/core/internal/convertinternal/stringUtil.go:122.10,123.20 1 0
github.com/alimtvnetwork/core/internal/convertinternal/stringUtil.go:123.20,125.3 1 0
github.com/alimtvnetwork/core/internal/convertinternal/stringUtil.go:127.2,132.24 5 0
github.com/alimtvnetwork/core/internal/convertinternal/stringUtil.go:132.24,134.3 1 0
github.com/alimtvnetwork/core/internal/convertinternal/stringUtil.go:136.2,136.46 1 0
github.com/alimtvnetwork/core/internal/convertinternal/stringsTo.go:10.74,11.21 1 1
github.com/alimtvnetwork/core/internal/convertinternal/stringsTo.go:11.21,13.3 1 0
github.com/alimtvnetwork/core/internal/convertinternal/stringsTo.go:15.2,21.29 3 1
github.com/alimtvnetwork/core/internal/convertinternal/stringsTo.go:21.29,27.3 1 1
github.com/alimtvnetwork/core/internal/convertinternal/stringsTo.go:29.2,29.17 1 1
github.com/alimtvnetwork/core/internal/convertinternal/stringsUtil.go:10.12,13.35 2 1
github.com/alimtvnetwork/core/internal/convertinternal/stringsUtil.go:13.35,19.3 1 0
github.com/alimtvnetwork/core/internal/convertinternal/stringsUtil.go:21.2,26.25 2 1
github.com/alimtvnetwork/core/internal/convertinternal/stringsUtil.go:26.25,32.3 1 1
github.com/alimtvnetwork/core/internal/convertinternal/stringsUtil.go:34.2,36.17 2 1
github.com/alimtvnetwork/core/internal/jsoninternal/anyToConvert.go:7.55,11.2 2 0
github.com/alimtvnetwork/core/internal/jsoninternal/anyToConvert.go:18.19,21.31 2 1
github.com/alimtvnetwork/core/internal/jsoninternal/anyToConvert.go:21.31,23.3 1 0
github.com/alimtvnetwork/core/internal/jsoninternal/anyToConvert.go:25.2,25.23 1 1
github.com/alimtvnetwork/core/internal/jsoninternal/anyToConvert.go:31.19,34.31 2 0
github.com/alimtvnetwork/core/internal/jsoninternal/anyToConvert.go:34.31,36.3 1 0
github.com/alimtvnetwork/core/internal/jsoninternal/anyToConvert.go:38.2,38.39 1 0
github.com/alimtvnetwork/core/internal/jsoninternal/anyToConvert.go:45.19,48.31 2 0
github.com/alimtvnetwork/core/internal/jsoninternal/anyToConvert.go:48.31,50.3 1 0
github.com/alimtvnetwork/core/internal/jsoninternal/anyToConvert.go:52.2,52.50 1 0
github.com/alimtvnetwork/core/internal/jsoninternal/anyToConvert.go:58.10,61.31 2 0
github.com/alimtvnetwork/core/internal/jsoninternal/anyToConvert.go:61.31,63.3 1 0
github.com/alimtvnetwork/core/internal/jsoninternal/anyToConvert.go:65.2,65.37 1 0
github.com/alimtvnetwork/core/internal/jsoninternal/anyToConvert.go:70.10,73.31 2 0
github.com/alimtvnetwork/core/internal/jsoninternal/anyToConvert.go:73.31,75.3 1 0
github.com/alimtvnetwork/core/internal/jsoninternal/anyToConvert.go:77.2,77.33 1 0
github.com/alimtvnetwork/core/internal/jsoninternal/anyToConvert.go:82.10,85.16 2 0
github.com/alimtvnetwork/core/internal/jsoninternal/anyToConvert.go:85.16,86.13 1 0
github.com/alimtvnetwork/core/internal/jsoninternal/anyToConvert.go:89.2,89.31 1 0
github.com/alimtvnetwork/core/internal/jsoninternal/anyToConvert.go:89.31,91.3 1 0
github.com/alimtvnetwork/core/internal/jsoninternal/anyToConvert.go:93.2,93.36 1 0
github.com/alimtvnetwork/core/internal/jsoninternal/bytesToPrettyConvert.go:12.10,16.2 2 0
github.com/alimtvnetwork/core/internal/jsoninternal/bytesToPrettyConvert.go:20.10,24.2 2 0
github.com/alimtvnetwork/core/internal/jsoninternal/bytesToPrettyConvert.go:29.19,34.2 3 0
github.com/alimtvnetwork/core/internal/jsoninternal/bytesToPrettyConvert.go:40.19,45.2 3 0
github.com/alimtvnetwork/core/internal/jsoninternal/bytesToPrettyConvert.go:47.75,50.16 2 0
github.com/alimtvnetwork/core/internal/jsoninternal/bytesToPrettyConvert.go:50.16,51.13 1 0
github.com/alimtvnetwork/core/internal/jsoninternal/bytesToPrettyConvert.go:54.2,54.15 1 0
github.com/alimtvnetwork/core/internal/jsoninternal/bytesToPrettyConvert.go:57.61,60.16 2 0
github.com/alimtvnetwork/core/internal/jsoninternal/bytesToPrettyConvert.go:60.16,61.13 1 0
github.com/alimtvnetwork/core/internal/jsoninternal/bytesToPrettyConvert.go:64.2,64.15 1 0
github.com/alimtvnetwork/core/internal/jsoninternal/stringJsonConverter.go:12.63,16.2 2 0
github.com/alimtvnetwork/core/internal/jsoninternal/stringJsonConverter.go:23.19,26.31 2 0
github.com/alimtvnetwork/core/internal/jsoninternal/stringJsonConverter.go:26.31,28.3 1 0
github.com/alimtvnetwork/core/internal/jsoninternal/stringJsonConverter.go:30.2,30.23 1 0
github.com/alimtvnetwork/core/internal/jsoninternal/stringJsonConverter.go:38.19,41.31 2 0
github.com/alimtvnetwork/core/internal/jsoninternal/stringJsonConverter.go:41.31,43.3 1 0
github.com/alimtvnetwork/core/internal/jsoninternal/stringJsonConverter.go:45.2,45.35 1 0
github.com/alimtvnetwork/core/internal/jsoninternal/stringJsonConverter.go:48.63,55.2 2 0
github.com/alimtvnetwork/core/internal/jsoninternal/stringToPrettyConvert.go:13.10,17.2 2 0
github.com/alimtvnetwork/core/internal/jsoninternal/stringToPrettyConvert.go:21.10,25.2 2 0
github.com/alimtvnetwork/core/internal/jsoninternal/stringToPrettyConvert.go:30.19,35.2 3 0
github.com/alimtvnetwork/core/internal/jsoninternal/stringToPrettyConvert.go:41.19,51.2 3 0
github.com/alimtvnetwork/core/internal/jsoninternal/stringToPrettyConvert.go:53.78,56.16 2 0
github.com/alimtvnetwork/core/internal/jsoninternal/stringToPrettyConvert.go:56.16,57.13 1 0
github.com/alimtvnetwork/core/internal/jsoninternal/stringToPrettyConvert.go:60.2,60.15 1 0
github.com/alimtvnetwork/core/internal/jsoninternal/stringToPrettyConvert.go:63.64,66.16 2 0
github.com/alimtvnetwork/core/internal/jsoninternal/stringToPrettyConvert.go:66.16,67.13 1 0
github.com/alimtvnetwork/core/internal/jsoninternal/stringToPrettyConvert.go:70.2,70.15 1 0
github.com/alimtvnetwork/core/internal/pathinternal/Clean.go:7.35,8.23 1 1
github.com/alimtvnetwork/core/internal/pathinternal/Clean.go:8.23,10.3 1 0
github.com/alimtvnetwork/core/internal/pathinternal/Clean.go:12.2,15.10 3 1
github.com/alimtvnetwork/core/internal/pathinternal/GetTemp.go:9.23,11.2 1 0
github.com/alimtvnetwork/core/internal/pathinternal/IsPathExists.go:5.41,9.2 2 1
github.com/alimtvnetwork/core/internal/pathinternal/Join.go:7.42,11.2 2 0
github.com/alimtvnetwork/core/internal/pathinternal/JoinTemp.go:3.46,7.39 3 0
github.com/alimtvnetwork/core/internal/pathinternal/JoinTemp.go:7.39,9.3 1 0
github.com/alimtvnetwork/core/internal/pathinternal/JoinTemp.go:11.2,11.23 1 0
github.com/alimtvnetwork/core/internal/pathinternal/ParentDir.go:5.39,6.23 1 0
github.com/alimtvnetwork/core/internal/pathinternal/ParentDir.go:6.23,8.3 1 0
github.com/alimtvnetwork/core/internal/pathinternal/ParentDir.go:10.2,12.17 2 0
github.com/alimtvnetwork/core/internal/pathinternal/Relative.go:5.51,9.2 2 0
github.com/alimtvnetwork/core/internal/pathinternal/RemoveDirIf.go:9.86,12.53 2 0
github.com/alimtvnetwork/core/internal/pathinternal/RemoveDirIf.go:12.53,16.3 2 0
github.com/alimtvnetwork/core/internal/pathinternal/RemoveDirIf.go:18.2,18.22 1 0
github.com/alimtvnetwork/core/internal/pathinternal/RemoveDirIf.go:18.22,24.3 1 0
github.com/alimtvnetwork/core/internal/pathinternal/RemoveDirIf.go:26.2,26.12 1 0
github.com/alimtvnetwork/core/internal/pathinternal/RemoveDirIf.go:29.84,36.22 2 0
github.com/alimtvnetwork/core/internal/pathinternal/RemoveDirIf.go:36.22,37.19 1 0
github.com/alimtvnetwork/core/internal/pathinternal/RemoveDirIf.go:41.49,48.22 2 0
github.com/alimtvnetwork/core/internal/pathinternal/RemoveDirIf.go:48.22,49.19 1 0
github.com/alimtvnetwork/core/internal/pathinternal/RemoveDirIf.go:53.38,60.22 2 0
github.com/alimtvnetwork/core/internal/pathinternal/RemoveDirIf.go:60.22,61.19 1 0
github.com/alimtvnetwork/core/internal/pathinternal/RemoveDirIf.go:69.9,70.16 1 0
github.com/alimtvnetwork/core/internal/pathinternal/RemoveDirIf.go:70.16,72.3 1 0
github.com/alimtvnetwork/core/internal/pathinternal/RemoveDirIf.go:74.2,83.3 2 0
github.com/alimtvnetwork/core/internal/pathinternal/RemoveDirIf.go:88.33,89.78 1 0
github.com/alimtvnetwork/core/internal/pathinternal/RemoveDirIf.go:89.78,90.17 1 0
github.com/alimtvnetwork/core/internal/pathinternal/RemoveDirIf.go:90.17,94.4 2 0
github.com/alimtvnetwork/core/internal/pathinternal/RemoveDirIf.go:95.3,96.13 2 0
github.com/alimtvnetwork/core/internal/pathinternal/replaceFix.go:5.40,6.23 1 1
github.com/alimtvnetwork/core/internal/pathinternal/replaceFix.go:6.23,8.3 1 0
github.com/alimtvnetwork/core/internal/pathinternal/replaceFix.go:10.2,10.37 1 1
github.com/alimtvnetwork/core/internal/pathinternal/replaceFix.go:10.37,16.3 1 1
github.com/alimtvnetwork/core/internal/pathinternal/replaceFix.go:18.2,18.16 1 1
github.com/alimtvnetwork/core/internal/reflectinternal/FileWithLine.go:15.47,17.2 1 1
github.com/alimtvnetwork/core/internal/reflectinternal/FileWithLine.go:19.42,21.2 1 1
github.com/alimtvnetwork/core/internal/reflectinternal/FileWithLine.go:23.38,25.2 1 1
github.com/alimtvnetwork/core/internal/reflectinternal/FileWithLine.go:27.41,29.2 1 1
github.com/alimtvnetwork/core/internal/reflectinternal/FileWithLine.go:31.41,32.15 1 1
github.com/alimtvnetwork/core/internal/reflectinternal/FileWithLine.go:32.15,34.3 1 1
github.com/alimtvnetwork/core/internal/reflectinternal/FileWithLine.go:36.2,36.26 1 1
github.com/alimtvnetwork/core/internal/reflectinternal/FileWithLine.go:39.100,41.2 1 1
github.com/alimtvnetwork/core/internal/reflectinternal/FileWithLine.go:43.47,49.2 1 1
github.com/alimtvnetwork/core/internal/reflectinternal/FileWithLine.go:51.49,53.2 1 1
github.com/alimtvnetwork/core/internal/reflectinternal/FileWithLine.go:55.44,57.2 1 1
github.com/alimtvnetwork/core/internal/reflectinternal/FileWithLine.go:59.45,63.2 2 1
github.com/alimtvnetwork/core/internal/reflectinternal/StackTrace.go:21.39,23.2 1 1
github.com/alimtvnetwork/core/internal/reflectinternal/StackTrace.go:35.43,45.2 2 1
github.com/alimtvnetwork/core/internal/reflectinternal/StackTrace.go:47.36,49.2 1 1
github.com/alimtvnetwork/core/internal/reflectinternal/StackTrace.go:51.40,53.2 1 1
github.com/alimtvnetwork/core/internal/reflectinternal/StackTrace.go:55.39,57.2 1 1
github.com/alimtvnetwork/core/internal/reflectinternal/StackTrace.go:59.39,60.15 1 1
github.com/alimtvnetwork/core/internal/reflectinternal/StackTrace.go:60.15,62.3 1 1
github.com/alimtvnetwork/core/internal/reflectinternal/StackTrace.go:64.2,64.21 1 1
github.com/alimtvnetwork/core/internal/reflectinternal/StackTrace.go:67.89,69.2 1 1
github.com/alimtvnetwork/core/internal/reflectinternal/StackTrace.go:71.50,76.2 1 1
github.com/alimtvnetwork/core/internal/reflectinternal/StackTrace.go:81.44,83.2 1 1
github.com/alimtvnetwork/core/internal/reflectinternal/StackTrace.go:88.40,90.2 1 1
github.com/alimtvnetwork/core/internal/reflectinternal/StackTrace.go:92.39,94.2 1 1
github.com/alimtvnetwork/core/internal/reflectinternal/StackTrace.go:103.50,109.2 1 1
github.com/alimtvnetwork/core/internal/reflectinternal/StackTrace.go:111.50,121.2 2 1
github.com/alimtvnetwork/core/internal/reflectinternal/StackTrace.go:123.45,125.2 1 1
github.com/alimtvnetwork/core/internal/reflectinternal/StackTrace.go:127.41,129.2 1 1
github.com/alimtvnetwork/core/internal/reflectinternal/StackTrace.go:131.33,132.15 1 1
github.com/alimtvnetwork/core/internal/reflectinternal/StackTrace.go:132.15,134.3 1 1
github.com/alimtvnetwork/core/internal/reflectinternal/StackTrace.go:136.2,142.19 7 1
github.com/alimtvnetwork/core/internal/reflectinternal/StackTrace.go:145.42,149.2 2 1
github.com/alimtvnetwork/core/internal/reflectinternal/StackTrace.go:151.41,161.2 1 1
github.com/alimtvnetwork/core/internal/reflectinternal/StackTrace.go:163.46,164.15 1 1
github.com/alimtvnetwork/core/internal/reflectinternal/StackTrace.go:164.15,166.3 1 1
github.com/alimtvnetwork/core/internal/reflectinternal/StackTrace.go:168.2,170.15 2 1
github.com/alimtvnetwork/core/internal/reflectinternal/TypeName.go:11.35,14.19 2 1
github.com/alimtvnetwork/core/internal/reflectinternal/TypeName.go:14.19,16.3 1 1
github.com/alimtvnetwork/core/internal/reflectinternal/TypeName.go:18.2,18.24 1 1
github.com/alimtvnetwork/core/internal/reflectinternal/TypeNameToValidVariableName.go:10.80,11.31 1 1
github.com/alimtvnetwork/core/internal/reflectinternal/TypeNameToValidVariableName.go:11.31,13.3 1 1
github.com/alimtvnetwork/core/internal/reflectinternal/TypeNameToValidVariableName.go:15.2,20.12 5 1
github.com/alimtvnetwork/core/internal/reflectinternal/TypeNameToValidVariableName.go:20.12,24.31 3 1
github.com/alimtvnetwork/core/internal/reflectinternal/TypeNameToValidVariableName.go:24.31,25.26 1 1
github.com/alimtvnetwork/core/internal/reflectinternal/TypeNameToValidVariableName.go:25.26,26.13 1 0
github.com/alimtvnetwork/core/internal/reflectinternal/TypeNameToValidVariableName.go:29.4,29.41 1 1
github.com/alimtvnetwork/core/internal/reflectinternal/TypeNameToValidVariableName.go:29.41,32.13 3 0
github.com/alimtvnetwork/core/internal/reflectinternal/TypeNameToValidVariableName.go:35.4,35.41 1 1
github.com/alimtvnetwork/core/internal/reflectinternal/TypeNameToValidVariableName.go:35.41,37.13 2 0
github.com/alimtvnetwork/core/internal/reflectinternal/TypeNameToValidVariableName.go:40.4,41.11 2 1
github.com/alimtvnetwork/core/internal/reflectinternal/TypeNameToValidVariableName.go:41.11,44.13 2 1
github.com/alimtvnetwork/core/internal/reflectinternal/TypeNameToValidVariableName.go:48.3,52.4 1 1
github.com/alimtvnetwork/core/internal/reflectinternal/TypeNameToValidVariableName.go:55.2,55.44 1 1
github.com/alimtvnetwork/core/internal/reflectinternal/TypeNameToValidVariableName.go:55.44,58.41 2 1
github.com/alimtvnetwork/core/internal/reflectinternal/TypeNameToValidVariableName.go:58.41,59.12 1 0
github.com/alimtvnetwork/core/internal/reflectinternal/TypeNameToValidVariableName.go:62.3,62.56 1 1
github.com/alimtvnetwork/core/internal/reflectinternal/TypeNameToValidVariableName.go:62.56,66.12 3 1
github.com/alimtvnetwork/core/internal/reflectinternal/TypeNameToValidVariableName.go:69.3,69.56 1 1
github.com/alimtvnetwork/core/internal/reflectinternal/TypeNameToValidVariableName.go:69.56,71.12 2 0
github.com/alimtvnetwork/core/internal/reflectinternal/TypeNameToValidVariableName.go:74.3,76.10 2 1
github.com/alimtvnetwork/core/internal/reflectinternal/TypeNameToValidVariableName.go:76.10,79.12 2 0
github.com/alimtvnetwork/core/internal/reflectinternal/TypeNameToValidVariableName.go:82.3,82.28 1 1
github.com/alimtvnetwork/core/internal/reflectinternal/TypeNameToValidVariableName.go:85.2,85.20 1 1
github.com/alimtvnetwork/core/internal/reflectinternal/TypeNames.go:17.12,20.16 2 1
github.com/alimtvnetwork/core/internal/reflectinternal/TypeNames.go:20.16,21.33 1 1
github.com/alimtvnetwork/core/internal/reflectinternal/TypeNames.go:21.33,23.4 1 1
github.com/alimtvnetwork/core/internal/reflectinternal/TypeNames.go:25.3,25.15 1 1
github.com/alimtvnetwork/core/internal/reflectinternal/TypeNames.go:28.2,28.32 1 1
github.com/alimtvnetwork/core/internal/reflectinternal/TypeNames.go:28.32,30.3 1 1
github.com/alimtvnetwork/core/internal/reflectinternal/TypeNames.go:32.2,32.14 1 1
github.com/alimtvnetwork/core/internal/reflectinternal/TypeNamesReferenceString.go:12.10,16.2 1 1
github.com/alimtvnetwork/core/internal/reflectinternal/TypeNamesString.go:15.10,20.2 1 1
github.com/alimtvnetwork/core/internal/reflectinternal/codeStack.go:13.51,29.2 5 1
github.com/alimtvnetwork/core/internal/reflectinternal/codeStack.go:31.45,33.2 1 1
github.com/alimtvnetwork/core/internal/reflectinternal/codeStack.go:35.54,43.2 5 1
github.com/alimtvnetwork/core/internal/reflectinternal/codeStack.go:45.62,57.2 5 1
github.com/alimtvnetwork/core/internal/reflectinternal/codeStack.go:59.56,73.2 5 1
github.com/alimtvnetwork/core/internal/reflectinternal/codeStack.go:75.70,78.29 2 1
github.com/alimtvnetwork/core/internal/reflectinternal/codeStack.go:78.29,80.3 1 1
github.com/alimtvnetwork/core/internal/reflectinternal/codeStack.go:82.2,82.14 1 1
github.com/alimtvnetwork/core/internal/reflectinternal/codeStack.go:85.67,89.2 2 1
github.com/alimtvnetwork/core/internal/reflectinternal/codeStack.go:91.52,94.12 2 1
github.com/alimtvnetwork/core/internal/reflectinternal/codeStack.go:94.12,96.3 1 1
github.com/alimtvnetwork/core/internal/reflectinternal/codeStack.go:98.2,98.30 1 0
github.com/alimtvnetwork/core/internal/reflectinternal/codeStack.go:101.75,104.29 2 1
github.com/alimtvnetwork/core/internal/reflectinternal/codeStack.go:104.29,109.21 3 1
github.com/alimtvnetwork/core/internal/reflectinternal/codeStack.go:109.21,111.4 1 1
github.com/alimtvnetwork/core/internal/reflectinternal/codeStack.go:113.3,121.4 2 1
github.com/alimtvnetwork/core/internal/reflectinternal/codeStack.go:124.2,124.14 1 1
github.com/alimtvnetwork/core/internal/reflectinternal/codeStack.go:127.65,134.2 2 1
github.com/alimtvnetwork/core/internal/reflectinternal/codeStack.go:136.66,139.29 2 1
github.com/alimtvnetwork/core/internal/reflectinternal/codeStack.go:139.29,146.3 2 1
github.com/alimtvnetwork/core/internal/reflectinternal/codeStack.go:148.2,148.14 1 1
github.com/alimtvnetwork/core/internal/reflectinternal/codeStack.go:151.59,156.2 1 1
github.com/alimtvnetwork/core/internal/reflectinternal/codeStack.go:158.71,166.45 3 1
github.com/alimtvnetwork/core/internal/reflectinternal/codeStack.go:166.45,174.3 2 1
github.com/alimtvnetwork/core/internal/reflectinternal/codeStack.go:176.2,176.14 1 1
github.com/alimtvnetwork/core/internal/reflectinternal/codeStack.go:181.74,190.45 4 1
github.com/alimtvnetwork/core/internal/reflectinternal/codeStack.go:190.45,191.57 1 1
github.com/alimtvnetwork/core/internal/reflectinternal/codeStack.go:191.57,192.12 1 1
github.com/alimtvnetwork/core/internal/reflectinternal/codeStack.go:195.3,203.26 3 1
github.com/alimtvnetwork/core/internal/reflectinternal/codeStack.go:203.26,204.9 1 0
github.com/alimtvnetwork/core/internal/reflectinternal/codeStack.go:208.2,208.14 1 1
github.com/alimtvnetwork/core/internal/reflectinternal/codeStack.go:213.56,214.57 1 1
github.com/alimtvnetwork/core/internal/reflectinternal/codeStack.go:214.57,216.3 1 1
github.com/alimtvnetwork/core/internal/reflectinternal/codeStack.go:218.2,218.14 1 1
github.com/alimtvnetwork/core/internal/reflectinternal/codeStack.go:221.56,225.2 2 1
github.com/alimtvnetwork/core/internal/reflectinternal/codeStack.go:227.63,232.2 1 1
github.com/alimtvnetwork/core/internal/reflectinternal/codeStack.go:234.68,244.2 3 1
github.com/alimtvnetwork/core/internal/reflectinternal/codeStack.go:246.55,249.20 2 1
github.com/alimtvnetwork/core/internal/reflectinternal/codeStack.go:249.20,251.3 1 1
github.com/alimtvnetwork/core/internal/reflectinternal/codeStack.go:253.2,253.11 1 0
github.com/alimtvnetwork/core/internal/reflectinternal/getFunc.go:14.48,15.16 1 1
github.com/alimtvnetwork/core/internal/reflectinternal/getFunc.go:15.16,17.3 1 1
github.com/alimtvnetwork/core/internal/reflectinternal/getFunc.go:19.2,21.31 2 1
github.com/alimtvnetwork/core/internal/reflectinternal/getFunc.go:21.31,23.3 1 1
github.com/alimtvnetwork/core/internal/reflectinternal/getFunc.go:25.2,25.40 1 1
github.com/alimtvnetwork/core/internal/reflectinternal/getFunc.go:31.42,34.14 2 1
github.com/alimtvnetwork/core/internal/reflectinternal/getFunc.go:34.14,36.3 1 1
github.com/alimtvnetwork/core/internal/reflectinternal/getFunc.go:38.2,38.38 1 1
github.com/alimtvnetwork/core/internal/reflectinternal/getFunc.go:41.67,44.24 2 1
github.com/alimtvnetwork/core/internal/reflectinternal/getFunc.go:44.24,46.3 1 1
github.com/alimtvnetwork/core/internal/reflectinternal/getFunc.go:48.2,50.52 2 1
github.com/alimtvnetwork/core/internal/reflectinternal/getFunc.go:53.42,54.16 1 1
github.com/alimtvnetwork/core/internal/reflectinternal/getFunc.go:54.16,56.3 1 1
github.com/alimtvnetwork/core/internal/reflectinternal/getFunc.go:58.2,60.28 2 1
github.com/alimtvnetwork/core/internal/reflectinternal/getFunc.go:60.28,62.3 1 0
github.com/alimtvnetwork/core/internal/reflectinternal/getFunc.go:64.2,66.42 2 1
github.com/alimtvnetwork/core/internal/reflectinternal/getFunc.go:69.57,71.2 1 1
github.com/alimtvnetwork/core/internal/reflectinternal/getFunc.go:73.64,74.44 1 1
github.com/alimtvnetwork/core/internal/reflectinternal/getFunc.go:74.44,76.3 1 1
github.com/alimtvnetwork/core/internal/reflectinternal/getFunc.go:78.2,78.21 1 1
github.com/alimtvnetwork/core/internal/reflectinternal/getFunc.go:86.93,87.24 1 1
github.com/alimtvnetwork/core/internal/reflectinternal/getFunc.go:87.24,89.3 1 1
github.com/alimtvnetwork/core/internal/reflectinternal/getFunc.go:91.2,105.20 2 1
github.com/alimtvnetwork/core/internal/reflectinternal/getFunc.go:105.20,112.3 2 1
github.com/alimtvnetwork/core/internal/reflectinternal/getFunc.go:114.2,117.88 3 1
github.com/alimtvnetwork/core/internal/reflectinternal/getFunc.go:120.54,122.2 1 1
github.com/alimtvnetwork/core/internal/reflectinternal/getFunc.go:124.77,125.24 1 1
github.com/alimtvnetwork/core/internal/reflectinternal/getFunc.go:125.24,127.3 1 1
github.com/alimtvnetwork/core/internal/reflectinternal/getFunc.go:129.2,134.33 2 1
github.com/alimtvnetwork/core/internal/reflectinternal/getFunc.go:134.33,139.32 3 1
github.com/alimtvnetwork/core/internal/reflectinternal/getFunc.go:139.32,141.14 1 1
github.com/alimtvnetwork/core/internal/reflectinternal/getFunc.go:141.14,142.13 1 1
github.com/alimtvnetwork/core/internal/reflectinternal/getFunc.go:145.4,145.40 1 1
github.com/alimtvnetwork/core/internal/reflectinternal/getFunc.go:148.3,148.35 1 1
github.com/alimtvnetwork/core/internal/reflectinternal/getFunc.go:151.2,151.17 1 1
github.com/alimtvnetwork/core/internal/reflectinternal/getFunc.go:154.73,157.17 2 1
github.com/alimtvnetwork/core/internal/reflectinternal/getFunc.go:157.17,159.3 1 1
github.com/alimtvnetwork/core/internal/reflectinternal/getFunc.go:161.2,161.17 1 1
github.com/alimtvnetwork/core/internal/reflectinternal/getFunc.go:161.17,163.3 1 1
github.com/alimtvnetwork/core/internal/reflectinternal/getFunc.go:166.2,166.34 1 1
github.com/alimtvnetwork/core/internal/reflectinternal/getFunc.go:172.19,173.40 1 1
github.com/alimtvnetwork/core/internal/reflectinternal/getFunc.go:173.40,175.3 1 1
github.com/alimtvnetwork/core/internal/reflectinternal/getFunc.go:177.2,182.27 2 1
github.com/alimtvnetwork/core/internal/reflectinternal/getFunc.go:182.27,184.3 1 0
github.com/alimtvnetwork/core/internal/reflectinternal/getFunc.go:186.2,189.3 1 1
github.com/alimtvnetwork/core/internal/reflectinternal/getFunc.go:195.19,196.41 1 1
github.com/alimtvnetwork/core/internal/reflectinternal/getFunc.go:196.41,198.3 1 0
github.com/alimtvnetwork/core/internal/reflectinternal/getFunc.go:200.2,204.13 3 1
github.com/alimtvnetwork/core/internal/reflectinternal/getFunc.go:204.13,206.3 1 0
github.com/alimtvnetwork/core/internal/reflectinternal/getFunc.go:208.2,208.12 1 1
github.com/alimtvnetwork/core/internal/reflectinternal/getFunc.go:213.20,214.16 1 1
github.com/alimtvnetwork/core/internal/reflectinternal/getFunc.go:214.16,216.3 1 1
github.com/alimtvnetwork/core/internal/reflectinternal/getFunc.go:218.2,222.81 2 1
github.com/alimtvnetwork/core/internal/reflectinternal/getFunc.go:222.81,223.21 1 0
github.com/alimtvnetwork/core/internal/reflectinternal/getFunc.go:223.21,225.5 1 0
github.com/alimtvnetwork/core/internal/reflectinternal/getFunc.go:227.4,227.14 1 0
github.com/alimtvnetwork/core/internal/reflectinternal/getFunc.go:231.2,231.13 1 1
github.com/alimtvnetwork/core/internal/reflectinternal/getFunc.go:236.20,241.81 2 0
github.com/alimtvnetwork/core/internal/reflectinternal/getFunc.go:241.81,242.21 1 0
github.com/alimtvnetwork/core/internal/reflectinternal/getFunc.go:242.21,244.5 1 0
[...]
github.com/alimtvnetwork/core/internal/strutilinternal/SliceToMapConverter.go:117.27,120.25 2 0
github.com/alimtvnetwork/core/internal/strutilinternal/SliceToMapConverter.go:120.25,121.13 1 0
github.com/alimtvnetwork/core/internal/strutilinternal/SliceToMapConverter.go:124.4,125.17 2 0
github.com/alimtvnetwork/core/internal/strutilinternal/SliceToMapConverter.go:128.3,128.16 1 0
github.com/alimtvnetwork/core/internal/strutilinternal/SliceToMapConverter.go:131.2,131.26 1 0
github.com/alimtvnetwork/core/internal/strutilinternal/SliceToMapConverter.go:131.26,134.3 2 0
github.com/alimtvnetwork/core/internal/strutilinternal/SliceToMapConverter.go:136.2,136.15 1 0
github.com/alimtvnetwork/core/internal/strutilinternal/SliceToMapConverter.go:141.18,145.2 1 0
github.com/alimtvnetwork/core/internal/strutilinternal/SliceToMapConverter.go:150.18,152.41 2 0
github.com/alimtvnetwork/core/internal/strutilinternal/SliceToMapConverter.go:152.41,154.3 1 0
github.com/alimtvnetwork/core/internal/strutilinternal/SliceToMapConverter.go:156.2,158.18 2 0
github.com/alimtvnetwork/core/internal/strutilinternal/SliceToMapConverter.go:158.18,159.27 1 0
github.com/alimtvnetwork/core/internal/strutilinternal/SliceToMapConverter.go:159.27,162.25 2 0
github.com/alimtvnetwork/core/internal/strutilinternal/SliceToMapConverter.go:162.25,163.13 1 0
github.com/alimtvnetwork/core/internal/strutilinternal/SliceToMapConverter.go:166.4,167.17 2 0
github.com/alimtvnetwork/core/internal/strutilinternal/SliceToMapConverter.go:170.3,170.16 1 0
github.com/alimtvnetwork/core/internal/strutilinternal/SliceToMapConverter.go:173.2,173.26 1 0
github.com/alimtvnetwork/core/internal/strutilinternal/SliceToMapConverter.go:173.26,176.3 2 0
github.com/alimtvnetwork/core/internal/strutilinternal/SliceToMapConverter.go:178.2,178.15 1 0
github.com/alimtvnetwork/core/internal/strutilinternal/SliceToMapConverter.go:183.21,185.17 2 0
github.com/alimtvnetwork/core/internal/strutilinternal/SliceToMapConverter.go:185.17,187.3 1 0
github.com/alimtvnetwork/core/internal/strutilinternal/SliceToMapConverter.go:189.2,191.26 2 0
github.com/alimtvnetwork/core/internal/strutilinternal/SliceToMapConverter.go:191.26,194.24 2 0
github.com/alimtvnetwork/core/internal/strutilinternal/SliceToMapConverter.go:194.24,195.12 1 0
github.com/alimtvnetwork/core/internal/strutilinternal/SliceToMapConverter.go:198.3,202.16 2 0
github.com/alimtvnetwork/core/internal/strutilinternal/SliceToMapConverter.go:205.2,205.15 1 0
github.com/alimtvnetwork/core/internal/strutilinternal/SliceToMapConverter.go:210.21,212.17 2 0
github.com/alimtvnetwork/core/internal/strutilinternal/SliceToMapConverter.go:212.17,214.3 1 0
github.com/alimtvnetwork/core/internal/strutilinternal/SliceToMapConverter.go:216.2,218.26 2 0
github.com/alimtvnetwork/core/internal/strutilinternal/SliceToMapConverter.go:218.26,224.3 2 0
github.com/alimtvnetwork/core/internal/strutilinternal/SliceToMapConverter.go:226.2,226.15 1 0
github.com/alimtvnetwork/core/internal/strutilinternal/all-left-right-splits.go:5.58,10.22 2 0
github.com/alimtvnetwork/core/internal/strutilinternal/all-left-right-splits.go:10.22,12.3 1 0
github.com/alimtvnetwork/core/internal/strutilinternal/all-left-right-splits.go:14.2,14.22 1 0
github.com/alimtvnetwork/core/internal/strutilinternal/all-left-right-splits.go:17.62,21.2 2 0
github.com/alimtvnetwork/core/reflectcore/reflectmodel/FieldProcessor.go:16.60,18.2 1 0
github.com/alimtvnetwork/core/reflectcore/reflectmodel/FieldProcessor.go:20.60,22.2 1 0
github.com/alimtvnetwork/core/reflectcore/reflectmodel/MethodProcessor.go:24.48,26.2 1 0
github.com/alimtvnetwork/core/reflectcore/reflectmodel/MethodProcessor.go:28.49,30.2 1 0
github.com/alimtvnetwork/core/reflectcore/reflectmodel/MethodProcessor.go:32.45,34.2 1 0
github.com/alimtvnetwork/core/reflectcore/reflectmodel/MethodProcessor.go:36.50,37.20 1 0
github.com/alimtvnetwork/core/reflectcore/reflectmodel/MethodProcessor.go:37.20,39.3 1 0
github.com/alimtvnetwork/core/reflectcore/reflectmodel/MethodProcessor.go:40.2,40.31 1 0
github.com/alimtvnetwork/core/reflectcore/reflectmodel/MethodProcessor.go:43.44,45.2 1 0
github.com/alimtvnetwork/core/reflectcore/reflectmodel/MethodProcessor.go:47.47,48.20 1 0
github.com/alimtvnetwork/core/reflectcore/reflectmodel/MethodProcessor.go:48.20,50.3 1 0
github.com/alimtvnetwork/core/reflectcore/reflectmodel/MethodProcessor.go:51.2,51.30 1 0
github.com/alimtvnetwork/core/reflectcore/reflectmodel/MethodProcessor.go:54.50,56.2 1 0
github.com/alimtvnetwork/core/reflectcore/reflectmodel/MethodProcessor.go:58.51,60.2 1 0
github.com/alimtvnetwork/core/reflectcore/reflectmodel/MethodProcessor.go:62.45,64.2 1 0
github.com/alimtvnetwork/core/reflectcore/reflectmodel/MethodProcessor.go:69.3,71.21 2 0
github.com/alimtvnetwork/core/reflectcore/reflectmodel/MethodProcessor.go:71.21,73.3 1 0
github.com/alimtvnetwork/core/reflectcore/reflectmodel/MethodProcessor.go:75.2,76.30 2 0
github.com/alimtvnetwork/core/reflectcore/reflectmodel/MethodProcessor.go:76.30,78.3 1 0
github.com/alimtvnetwork/core/reflectcore/reflectmodel/MethodProcessor.go:80.2,83.62 3 0
github.com/alimtvnetwork/core/reflectcore/reflectmodel/MethodProcessor.go:88.34,90.16 2 0
github.com/alimtvnetwork/core/reflectcore/reflectmodel/MethodProcessor.go:90.16,92.3 1 0
github.com/alimtvnetwork/core/reflectcore/reflectmodel/MethodProcessor.go:93.2,93.20 1 0
github.com/alimtvnetwork/core/reflectcore/reflectmodel/MethodProcessor.go:99.34,101.16 2 0
github.com/alimtvnetwork/core/reflectcore/reflectmodel/MethodProcessor.go:101.16,103.3 1 0
github.com/alimtvnetwork/core/reflectcore/reflectmodel/MethodProcessor.go:104.2,104.28 1 0
github.com/alimtvnetwork/core/reflectcore/reflectmodel/MethodProcessor.go:109.34,111.16 2 0
github.com/alimtvnetwork/core/reflectcore/reflectmodel/MethodProcessor.go:111.16,113.3 1 0
github.com/alimtvnetwork/core/reflectcore/reflectmodel/MethodProcessor.go:114.2,114.28 1 0
github.com/alimtvnetwork/core/reflectcore/reflectmodel/MethodProcessor.go:119.53,121.26 2 0
github.com/alimtvnetwork/core/reflectcore/reflectmodel/MethodProcessor.go:121.26,123.3 1 0
github.com/alimtvnetwork/core/reflectcore/reflectmodel/MethodProcessor.go:125.2,125.23 1 0
github.com/alimtvnetwork/core/reflectcore/reflectmodel/MethodProcessor.go:125.23,129.3 1 0
github.com/alimtvnetwork/core/reflectcore/reflectmodel/MethodProcessor.go:131.2,134.22 3 0
github.com/alimtvnetwork/core/reflectcore/reflectmodel/MethodProcessor.go:134.22,136.3 1 0
github.com/alimtvnetwork/core/reflectcore/reflectmodel/MethodProcessor.go:138.2,140.14 2 0
github.com/alimtvnetwork/core/reflectcore/reflectmodel/MethodProcessor.go:140.14,144.3 1 0
github.com/alimtvnetwork/core/reflectcore/reflectmodel/MethodProcessor.go:146.2,146.37 1 0
github.com/alimtvnetwork/core/reflectcore/reflectmodel/MethodProcessor.go:149.70,151.2 1 0
github.com/alimtvnetwork/core/reflectcore/reflectmodel/MethodProcessor.go:153.67,154.33 1 0
github.com/alimtvnetwork/core/reflectcore/reflectmodel/MethodProcessor.go:154.33,156.3 1 0
github.com/alimtvnetwork/core/reflectcore/reflectmodel/MethodProcessor.go:157.2,157.33 1 0
github.com/alimtvnetwork/core/reflectcore/reflectmodel/MethodProcessor.go:157.33,159.3 1 0
github.com/alimtvnetwork/core/reflectcore/reflectmodel/MethodProcessor.go:160.2,160.19 1 0
github.com/alimtvnetwork/core/reflectcore/reflectmodel/MethodProcessor.go:160.19,162.3 1 0
github.com/alimtvnetwork/core/reflectcore/reflectmodel/MethodProcessor.go:163.2,163.43 1 0
github.com/alimtvnetwork/core/reflectcore/reflectmodel/MethodProcessor.go:163.43,165.3 1 0
github.com/alimtvnetwork/core/reflectcore/reflectmodel/MethodProcessor.go:166.2,166.29 1 0
github.com/alimtvnetwork/core/reflectcore/reflectmodel/MethodProcessor.go:166.29,168.3 1 0
github.com/alimtvnetwork/core/reflectcore/reflectmodel/MethodProcessor.go:169.2,169.53 1 0
github.com/alimtvnetwork/core/reflectcore/reflectmodel/MethodProcessor.go:169.53,171.3 1 0
github.com/alimtvnetwork/core/reflectcore/reflectmodel/MethodProcessor.go:172.2,172.43 1 0
github.com/alimtvnetwork/core/reflectcore/reflectmodel/MethodProcessor.go:172.43,174.3 1 0
github.com/alimtvnetwork/core/reflectcore/reflectmodel/MethodProcessor.go:175.2,175.49 1 0
github.com/alimtvnetwork/core/reflectcore/reflectmodel/MethodProcessor.go:175.49,177.3 1 0
github.com/alimtvnetwork/core/reflectcore/reflectmodel/MethodProcessor.go:179.2,180.19 2 0
github.com/alimtvnetwork/core/reflectcore/reflectmodel/MethodProcessor.go:180.19,182.3 1 0
github.com/alimtvnetwork/core/reflectcore/reflectmodel/MethodProcessor.go:184.2,185.20 2 0
github.com/alimtvnetwork/core/reflectcore/reflectmodel/MethodProcessor.go:185.20,187.3 1 0
github.com/alimtvnetwork/core/reflectcore/reflectmodel/MethodProcessor.go:189.2,189.13 1 0
github.com/alimtvnetwork/core/reflectcore/reflectmodel/MethodProcessor.go:192.51,193.20 1 0
github.com/alimtvnetwork/core/reflectcore/reflectmodel/MethodProcessor.go:193.20,195.3 1 0
github.com/alimtvnetwork/core/reflectcore/reflectmodel/MethodProcessor.go:196.2,196.30 1 0
github.com/alimtvnetwork/core/reflectcore/reflectmodel/MethodProcessor.go:199.61,200.20 1 0
github.com/alimtvnetwork/core/reflectcore/reflectmodel/MethodProcessor.go:200.20,202.3 1 0
github.com/alimtvnetwork/core/reflectcore/reflectmodel/MethodProcessor.go:204.2,205.23 2 0
github.com/alimtvnetwork/core/reflectcore/reflectmodel/MethodProcessor.go:205.23,207.3 1 0
github.com/alimtvnetwork/core/reflectcore/reflectmodel/MethodProcessor.go:209.2,209.42 1 0
github.com/alimtvnetwork/core/reflectcore/reflectmodel/MethodProcessor.go:209.42,211.3 1 0
github.com/alimtvnetwork/core/reflectcore/reflectmodel/MethodProcessor.go:213.2,215.36 3 0
github.com/alimtvnetwork/core/reflectcore/reflectmodel/MethodProcessor.go:215.36,217.3 1 0
github.com/alimtvnetwork/core/reflectcore/reflectmodel/MethodProcessor.go:219.2,220.14 2 0
github.com/alimtvnetwork/core/reflectcore/reflectmodel/MethodProcessor.go:223.60,224.20 1 0
github.com/alimtvnetwork/core/reflectcore/reflectmodel/MethodProcessor.go:224.20,226.3 1 0
github.com/alimtvnetwork/core/reflectcore/reflectmodel/MethodProcessor.go:228.2,229.20 2 0
github.com/alimtvnetwork/core/reflectcore/reflectmodel/MethodProcessor.go:229.20,231.3 1 0
github.com/alimtvnetwork/core/reflectcore/reflectmodel/MethodProcessor.go:233.2,233.38 1 0
github.com/alimtvnetwork/core/reflectcore/reflectmodel/MethodProcessor.go:233.38,235.3 1 0
github.com/alimtvnetwork/core/reflectcore/reflectmodel/MethodProcessor.go:237.2,239.33 3 0
github.com/alimtvnetwork/core/reflectcore/reflectmodel/MethodProcessor.go:239.33,241.3 1 0
github.com/alimtvnetwork/core/reflectcore/reflectmodel/MethodProcessor.go:243.2,244.14 2 0
github.com/alimtvnetwork/core/reflectcore/reflectmodel/MethodProcessor.go:247.59,248.20 1 0
github.com/alimtvnetwork/core/reflectcore/reflectmodel/MethodProcessor.go:248.20,250.3 1 0
github.com/alimtvnetwork/core/reflectcore/reflectmodel/MethodProcessor.go:252.2,253.20 2 0
github.com/alimtvnetwork/core/reflectcore/reflectmodel/MethodProcessor.go:253.20,255.3 1 0
github.com/alimtvnetwork/core/reflectcore/reflectmodel/MethodProcessor.go:257.2,257.43 1 0
github.com/alimtvnetwork/core/reflectcore/reflectmodel/MethodProcessor.go:257.43,259.3 1 0
github.com/alimtvnetwork/core/reflectcore/reflectmodel/MethodProcessor.go:261.2,263.33 3 0
github.com/alimtvnetwork/core/reflectcore/reflectmodel/MethodProcessor.go:263.33,265.3 1 0
github.com/alimtvnetwork/core/reflectcore/reflectmodel/MethodProcessor.go:267.2,268.14 2 0
github.com/alimtvnetwork/core/reflectcore/reflectmodel/MethodProcessor.go:271.52,272.15 1 0
github.com/alimtvnetwork/core/reflectcore/reflectmodel/MethodProcessor.go:272.15,274.3 1 0
github.com/alimtvnetwork/core/reflectcore/reflectmodel/MethodProcessor.go:276.2,276.20 1 0
github.com/alimtvnetwork/core/reflectcore/reflectmodel/MethodProcessor.go:276.20,284.3 1 0
github.com/alimtvnetwork/core/reflectcore/reflectmodel/MethodProcessor.go:286.2,286.12 1 0
github.com/alimtvnetwork/core/reflectcore/reflectmodel/MethodProcessor.go:289.65,293.28 3 0
github.com/alimtvnetwork/core/reflectcore/reflectmodel/MethodProcessor.go:293.28,295.3 1 0
github.com/alimtvnetwork/core/reflectcore/reflectmodel/MethodProcessor.go:297.2,298.12 2 0
github.com/alimtvnetwork/core/reflectcore/reflectmodel/MethodProcessor.go:305.10,326.2 5 0
github.com/alimtvnetwork/core/reflectcore/reflectmodel/MethodProcessor.go:328.78,331.2 2 0
github.com/alimtvnetwork/core/reflectcore/reflectmodel/MethodProcessor.go:333.79,336.2 2 0
github.com/alimtvnetwork/core/reflectcore/reflectmodel/MethodProcessor.go:338.89,340.2 1 0
github.com/alimtvnetwork/core/reflectcore/reflectmodel/MethodProcessor.go:342.90,344.2 1 0
github.com/alimtvnetwork/core/reflectcore/reflectmodel/ReflectValueKind.go:16.65,23.2 1 0
github.com/alimtvnetwork/core/reflectcore/reflectmodel/ReflectValueKind.go:25.46,27.2 1 1
github.com/alimtvnetwork/core/reflectcore/reflectmodel/ReflectValueKind.go:29.45,31.2 1 1
github.com/alimtvnetwork/core/reflectcore/reflectmodel/ReflectValueKind.go:33.49,35.2 1 0
github.com/alimtvnetwork/core/reflectcore/reflectmodel/ReflectValueKind.go:37.50,38.15 1 0
github.com/alimtvnetwork/core/reflectcore/reflectmodel/ReflectValueKind.go:38.15,40.3 1 0
github.com/alimtvnetwork/core/reflectcore/reflectmodel/ReflectValueKind.go:42.2,42.39 1 0
github.com/alimtvnetwork/core/reflectcore/reflectmodel/ReflectValueKind.go:45.46,46.30 1 0
github.com/alimtvnetwork/core/reflectcore/reflectmodel/ReflectValueKind.go:46.30,48.3 1 0
github.com/alimtvnetwork/core/reflectcore/reflectmodel/ReflectValueKind.go:50.2,50.44 1 0
github.com/alimtvnetwork/core/reflectcore/reflectmodel/ReflectValueKind.go:53.56,54.15 1 0
github.com/alimtvnetwork/core/reflectcore/reflectmodel/ReflectValueKind.go:54.15,56.3 1 0
github.com/alimtvnetwork/core/reflectcore/reflectmodel/ReflectValueKind.go:58.2,58.17 1 0
github.com/alimtvnetwork/core/reflectcore/reflectmodel/ReflectValueKind.go:58.17,60.3 1 0
github.com/alimtvnetwork/core/reflectcore/reflectmodel/ReflectValueKind.go:62.2,70.15 6 0
github.com/alimtvnetwork/core/reflectcore/reflectmodel/ReflectValueKind.go:73.47,74.30 1 0
github.com/alimtvnetwork/core/reflectcore/reflectmodel/ReflectValueKind.go:74.30,76.3 1 0
github.com/alimtvnetwork/core/reflectcore/reflectmodel/ReflectValueKind.go:78.2,80.20 2 0
github.com/alimtvnetwork/core/reflectcore/reflectmodel/ReflectValueKind.go:83.52,86.15 2 0
github.com/alimtvnetwork/core/reflectcore/reflectmodel/ReflectValueKind.go:86.15,88.3 1 0
github.com/alimtvnetwork/core/reflectcore/reflectmodel/ReflectValueKind.go:90.2,90.23 1 0
github.com/alimtvnetwork/core/reflectcore/reflectmodel/isNull.go:5.28,6.17 1 0
github.com/alimtvnetwork/core/reflectcore/reflectmodel/isNull.go:6.17,8.3 1 0
github.com/alimtvnetwork/core/reflectcore/reflectmodel/isNull.go:10.2,12.19 2 0
github.com/alimtvnetwork/core/reflectcore/reflectmodel/isNull.go:13.98,14.20 1 0
github.com/alimtvnetwork/core/reflectcore/reflectmodel/isNull.go:15.10,16.15 1 0
github.com/alimtvnetwork/core/reflectcore/reflectmodel/utils.go:14.67,15.20 1 0
github.com/alimtvnetwork/core/reflectcore/reflectmodel/utils.go:15.20,17.3 1 0
github.com/alimtvnetwork/core/reflectcore/reflectmodel/utils.go:19.2,21.27 2 0
github.com/alimtvnetwork/core/reflectcore/reflectmodel/utils.go:21.27,23.3 1 0
github.com/alimtvnetwork/core/reflectcore/reflectmodel/utils.go:25.2,25.13 1 0
github.com/alimtvnetwork/core/reflectcore/reflectmodel/utils.go:30.9,31.29 1 0
github.com/alimtvnetwork/core/reflectcore/reflectmodel/utils.go:31.29,33.3 1 0
github.com/alimtvnetwork/core/reflectcore/reflectmodel/utils.go:35.2,37.35 2 0
github.com/alimtvnetwork/core/reflectcore/reflectmodel/utils.go:37.35,39.3 1 0
github.com/alimtvnetwork/core/reflectcore/reflectmodel/utils.go:41.2,41.13 1 0
github.com/alimtvnetwork/core/reflectcore/reflectmodel/utils.go:44.64,45.19 1 0
github.com/alimtvnetwork/core/reflectcore/reflectmodel/utils.go:45.19,47.3 1 0
github.com/alimtvnetwork/core/reflectcore/reflectmodel/utils.go:49.2,51.11 2 0
github.com/alimtvnetwork/core/reflectcore/reflectmodel/utils.go:52.38,53.17 1 0
github.com/alimtvnetwork/core/reflectcore/reflectmodel/utils.go:53.17,55.4 1 0
github.com/alimtvnetwork/core/reflectcore/reflectmodel/utils.go:57.3,57.31 1 0
github.com/alimtvnetwork/core/reflectcore/reflectmodel/utils.go:58.10,59.24 1 0
github.com/alimtvnetwork/core/reflectcore/reflectmodel/utils.go:63.41,64.17 1 0
github.com/alimtvnetwork/core/reflectcore/reflectmodel/utils.go:64.17,66.3 1 0
github.com/alimtvnetwork/core/reflectcore/reflectmodel/utils.go:68.2,70.19 2 0
github.com/alimtvnetwork/core/reflectcore/reflectmodel/utils.go:71.98,72.20 1 0
github.com/alimtvnetwork/core/reflectcore/reflectmodel/utils.go:73.10,74.15 1 0
github.com/alimtvnetwork/core/reflectcore/reflectmodel/utils.go:78.74,79.21 1 0
github.com/alimtvnetwork/core/reflectcore/reflectmodel/utils.go:79.21,81.3 1 0
github.com/alimtvnetwork/core/reflectcore/reflectmodel/utils.go:83.2,85.29 2 0
github.com/alimtvnetwork/core/reflectcore/reflectmodel/utils.go:85.29,96.3 3 0
github.com/alimtvnetwork/core/reflectcore/reflectmodel/utils.go:98.2,98.15 1 0
github.com/alimtvnetwork/core/reflectcore/reflectmodel/utils.go:101.65,102.21 1 0
github.com/alimtvnetwork/core/reflectcore/reflectmodel/utils.go:102.21,104.3 1 0
github.com/alimtvnetwork/core/reflectcore/reflectmodel/utils.go:106.2,108.29 2 0
github.com/alimtvnetwork/core/reflectcore/reflectmodel/utils.go:108.29,111.3 2 0
github.com/alimtvnetwork/core/reflectcore/reflectmodel/utils.go:113.2,113.15 1 0
github.com/alimtvnetwork/core/reflectcore/reflectmodel/utils.go:116.81,123.2 1 0
github.com/alimtvnetwork/core/reflectcore/reflectmodel/utils.go:129.28,133.25 3 0
github.com/alimtvnetwork/core/reflectcore/reflectmodel/utils.go:133.25,141.3 2 0
github.com/alimtvnetwork/core/reflectcore/reflectmodel/utils.go:143.2,145.31 2 0
github.com/alimtvnetwork/core/reflectcore/reflectmodel/utils.go:145.31,151.21 4 0
github.com/alimtvnetwork/core/reflectcore/reflectmodel/utils.go:151.21,152.12 1 0
github.com/alimtvnetwork/core/reflectcore/reflectmodel/utils.go:155.3,155.22 1 0
github.com/alimtvnetwork/core/reflectcore/reflectmodel/utils.go:155.22,160.4 1 0
github.com/alimtvnetwork/core/reflectcore/reflectmodel/utils.go:163.2,163.24 1 0
github.com/alimtvnetwork/core/reflectcore/reflectmodel/utils.go:163.24,165.3 1 0
github.com/alimtvnetwork/core/reflectcore/reflectmodel/utils.go:167.2,176.36 3 0
github.com/alimtvnetwork/core/reflectcore/reflectmodel/utils.go:179.101,180.31 1 0
github.com/alimtvnetwork/core/reflectcore/reflectmodel/utils.go:180.31,182.3 1 0
github.com/alimtvnetwork/core/reflectcore/reflectmodel/utils.go:184.2,190.34 2 0
github.com/alimtvnetwork/core/reflectcore/reflectmodel/utils.go:193.87,198.2 3 0
github.com/alimtvnetwork/core/reflectcore/reflectmodel/utils.go:200.53,203.18 2 0
github.com/alimtvnetwork/core/reflectcore/reflectmodel/utils.go:204.9,205.15 1 0
github.com/alimtvnetwork/core/reflectcore/reflectmodel/utils.go:206.9,207.15 1 0
github.com/alimtvnetwork/core/reflectcore/reflectmodel/utils.go:208.9,209.15 1 0
github.com/alimtvnetwork/core/reflectcore/reflectmodel/utils.go:210.10,211.39 1 0
github.com/alimtvnetwork/core/reflectcore/reflectmodel/utils.go:220.12,223.35 2 0
github.com/alimtvnetwork/core/reflectcore/reflectmodel/utils.go:223.35,225.3 1 0
github.com/alimtvnetwork/core/reflectcore/reflectmodel/utils.go:227.2,229.25 2 0
github.com/alimtvnetwork/core/reflectcore/reflectmodel/utils.go:229.25,231.3 1 0
github.com/alimtvnetwork/core/reflectcore/reflectmodel/utils.go:233.2,235.17 2 0
github.com/alimtvnetwork/core/reflectcore/reflectmodel/utils.go:238.72,239.21 1 0
github.com/alimtvnetwork/core/reflectcore/reflectmodel/utils.go:239.21,241.3 1 0
github.com/alimtvnetwork/core/reflectcore/reflectmodel/utils.go:243.2,246.29 3 0
github.com/alimtvnetwork/core/reflectcore/reflectmodel/utils.go:246.29,248.3 1 0
github.com/alimtvnetwork/core/reflectcore/reflectmodel/utils.go:250.2,250.17 1 0
