mode: set
github.com/alimtvnetwork/core/internal/convertinternal/anyTo.go:16.49,17.20 1 0
github.com/alimtvnetwork/core/internal/convertinternal/anyTo.go:17.20,19.3 1 0
github.com/alimtvnetwork/core/internal/convertinternal/anyTo.go:21.2,24.3 1 0
github.com/alimtvnetwork/core/internal/convertinternal/anyTo.go:27.56,28.20 1 0
github.com/alimtvnetwork/core/internal/convertinternal/anyTo.go:28.20,30.3 1 0
github.com/alimtvnetwork/core/internal/convertinternal/anyTo.go:32.2,35.3 1 0
github.com/alimtvnetwork/core/internal/convertinternal/anyTo.go:38.46,39.20 1 0
github.com/alimtvnetwork/core/internal/convertinternal/anyTo.go:39.20,41.3 1 0
github.com/alimtvnetwork/core/internal/convertinternal/anyTo.go:43.2,46.3 1 0
github.com/alimtvnetwork/core/internal/convertinternal/anyTo.go:49.49,50.20 1 1
github.com/alimtvnetwork/core/internal/convertinternal/anyTo.go:50.20,52.3 1 0
github.com/alimtvnetwork/core/internal/convertinternal/anyTo.go:54.2,54.29 1 1
github.com/alimtvnetwork/core/internal/convertinternal/anyTo.go:55.14,56.11 1 1
github.com/alimtvnetwork/core/internal/convertinternal/anyTo.go:57.13,58.28 1 0
github.com/alimtvnetwork/core/internal/convertinternal/anyTo.go:58.28,60.4 1 0
github.com/alimtvnetwork/core/internal/convertinternal/anyTo.go:62.3,62.18 1 0
github.com/alimtvnetwork/core/internal/convertinternal/anyTo.go:63.20,64.28 1 0
github.com/alimtvnetwork/core/internal/convertinternal/anyTo.go:64.28,66.4 1 0
github.com/alimtvnetwork/core/internal/convertinternal/anyTo.go:68.3,68.20 1 0
github.com/alimtvnetwork/core/internal/convertinternal/anyTo.go:69.13,70.15 1 0
github.com/alimtvnetwork/core/internal/convertinternal/anyTo.go:70.15,72.4 1 0
github.com/alimtvnetwork/core/internal/convertinternal/anyTo.go:74.3,74.19 1 0
github.com/alimtvnetwork/core/internal/convertinternal/anyTo.go:75.16,79.4 1 0
github.com/alimtvnetwork/core/internal/convertinternal/anyTo.go:80.13,81.18 1 0
github.com/alimtvnetwork/core/internal/convertinternal/anyTo.go:81.18,83.4 1 0
github.com/alimtvnetwork/core/internal/convertinternal/anyTo.go:85.3,87.26 2 0
github.com/alimtvnetwork/core/internal/convertinternal/anyTo.go:87.26,89.4 1 0
github.com/alimtvnetwork/core/internal/convertinternal/anyTo.go:91.3,94.4 1 0
github.com/alimtvnetwork/core/internal/convertinternal/anyTo.go:97.2,100.3 1 1
github.com/alimtvnetwork/core/internal/convertinternal/anyTo.go:103.47,104.20 1 0
github.com/alimtvnetwork/core/internal/convertinternal/anyTo.go:104.20,106.3 1 0
github.com/alimtvnetwork/core/internal/convertinternal/anyTo.go:108.2,108.29 1 0
github.com/alimtvnetwork/core/internal/convertinternal/anyTo.go:109.16,113.4 1 0
github.com/alimtvnetwork/core/internal/convertinternal/anyTo.go:114.14,115.11 1 0
github.com/alimtvnetwork/core/internal/convertinternal/anyTo.go:116.77,120.4 1 0
github.com/alimtvnetwork/core/internal/convertinternal/anyTo.go:121.13,122.15 1 0
github.com/alimtvnetwork/core/internal/convertinternal/anyTo.go:122.15,124.4 1 0
github.com/alimtvnetwork/core/internal/convertinternal/anyTo.go:126.3,126.19 1 0
github.com/alimtvnetwork/core/internal/convertinternal/anyTo.go:127.10,132.22 2 0
github.com/alimtvnetwork/core/internal/convertinternal/anyTo.go:136.60,137.20 1 0
github.com/alimtvnetwork/core/internal/convertinternal/anyTo.go:137.20,139.3 1 0
github.com/alimtvnetwork/core/internal/convertinternal/anyTo.go:141.2,141.29 1 0
github.com/alimtvnetwork/core/internal/convertinternal/anyTo.go:142.16,143.11 1 0
github.com/alimtvnetwork/core/internal/convertinternal/anyTo.go:144.14,148.4 1 0
github.com/alimtvnetwork/core/internal/convertinternal/anyTo.go:150.10,151.37 1 0
github.com/alimtvnetwork/core/internal/convertinternal/anyTo.go:155.55,156.20 1 0
github.com/alimtvnetwork/core/internal/convertinternal/anyTo.go:156.20,158.3 1 0
github.com/alimtvnetwork/core/internal/convertinternal/anyTo.go:160.2,167.3 2 0
github.com/alimtvnetwork/core/internal/convertinternal/anyTo.go:175.12,176.17 1 0
github.com/alimtvnetwork/core/internal/convertinternal/anyTo.go:176.17,178.3 1 0
github.com/alimtvnetwork/core/internal/convertinternal/anyTo.go:180.2,182.28 2 0
github.com/alimtvnetwork/core/internal/convertinternal/anyTo.go:182.28,188.3 1 0
github.com/alimtvnetwork/core/internal/convertinternal/anyTo.go:190.2,192.14 2 0
github.com/alimtvnetwork/core/internal/convertinternal/anyTo.go:196.70,198.25 2 0
github.com/alimtvnetwork/core/internal/convertinternal/anyTo.go:198.25,200.3 1 0
github.com/alimtvnetwork/core/internal/convertinternal/anyTo.go:201.2,201.14 1 0
github.com/alimtvnetwork/core/internal/convertinternal/anyTo.go:206.12,207.26 1 0
github.com/alimtvnetwork/core/internal/convertinternal/anyTo.go:208.14,209.14 1 0
github.com/alimtvnetwork/core/internal/convertinternal/anyTo.go:209.14,211.4 1 0
github.com/alimtvnetwork/core/internal/convertinternal/anyTo.go:212.3,212.49 1 0
github.com/alimtvnetwork/core/internal/convertinternal/anyTo.go:213.13,214.15 1 0
github.com/alimtvnetwork/core/internal/convertinternal/anyTo.go:214.15,216.4 1 0
github.com/alimtvnetwork/core/internal/convertinternal/anyTo.go:217.3,217.57 1 0
github.com/alimtvnetwork/core/internal/convertinternal/anyTo.go:218.16,219.11 1 0
github.com/alimtvnetwork/core/internal/convertinternal/anyTo.go:220.13,221.35 1 0
github.com/alimtvnetwork/core/internal/convertinternal/anyTo.go:222.22,223.52 1 0
github.com/alimtvnetwork/core/internal/convertinternal/anyTo.go:223.52,223.64 1 0
github.com/alimtvnetwork/core/internal/convertinternal/anyTo.go:224.19,225.57 1 0
github.com/alimtvnetwork/core/internal/convertinternal/anyTo.go:226.25,227.52 1 0
github.com/alimtvnetwork/core/internal/convertinternal/anyTo.go:227.52,227.64 1 0
github.com/alimtvnetwork/core/internal/convertinternal/anyTo.go:227.88,227.100 1 0
github.com/alimtvnetwork/core/internal/convertinternal/anyTo.go:228.22,229.52 1 0
github.com/alimtvnetwork/core/internal/convertinternal/anyTo.go:229.52,229.64 1 0
github.com/alimtvnetwork/core/internal/convertinternal/anyTo.go:229.85,229.116 1 0
github.com/alimtvnetwork/core/internal/convertinternal/anyTo.go:230.22,231.49 1 0
github.com/alimtvnetwork/core/internal/convertinternal/anyTo.go:231.49,231.77 1 0
github.com/alimtvnetwork/core/internal/convertinternal/anyTo.go:231.101,231.113 1 0
github.com/alimtvnetwork/core/internal/convertinternal/anyTo.go:232.10,233.49 1 0
github.com/alimtvnetwork/core/internal/convertinternal/anyTo.go:237.55,238.17 1 0
github.com/alimtvnetwork/core/internal/convertinternal/anyTo.go:238.17,240.3 1 0
github.com/alimtvnetwork/core/internal/convertinternal/anyTo.go:242.2,243.25 2 0
github.com/alimtvnetwork/core/internal/convertinternal/anyTo.go:243.25,245.3 1 0
github.com/alimtvnetwork/core/internal/convertinternal/anyTo.go:246.2,246.14 1 0
github.com/alimtvnetwork/core/internal/convertinternal/anyTo.go:249.67,250.26 1 0
github.com/alimtvnetwork/core/internal/convertinternal/anyTo.go:254.20,255.40 1 0
github.com/alimtvnetwork/core/internal/convertinternal/anyTo.go:256.20,257.58 1 0
github.com/alimtvnetwork/core/internal/convertinternal/anyTo.go:258.12,259.41 1 0
github.com/alimtvnetwork/core/internal/convertinternal/anyTo.go:260.13,261.43 1 0
github.com/alimtvnetwork/core/internal/convertinternal/anyTo.go:262.14,263.49 1 0
github.com/alimtvnetwork/core/internal/convertinternal/anyTo.go:264.15,265.51 1 0
github.com/alimtvnetwork/core/internal/convertinternal/anyTo.go:265.51,265.86 1 0
github.com/alimtvnetwork/core/internal/convertinternal/anyTo.go:266.17,267.53 1 0
github.com/alimtvnetwork/core/internal/convertinternal/anyTo.go:267.53,267.99 1 0
github.com/alimtvnetwork/core/internal/convertinternal/anyTo.go:268.14,269.50 1 0
github.com/alimtvnetwork/core/internal/convertinternal/anyTo.go:269.50,269.81 1 0
github.com/alimtvnetwork/core/internal/convertinternal/anyTo.go:270.10,271.34 1 0
github.com/alimtvnetwork/core/internal/convertinternal/anyTo.go:277.10,278.26 1 0
github.com/alimtvnetwork/core/internal/convertinternal/anyTo.go:279.14,280.11 1 0
github.com/alimtvnetwork/core/internal/convertinternal/anyTo.go:281.15,282.15 1 0
github.com/alimtvnetwork/core/internal/convertinternal/anyTo.go:282.15,284.4 1 0
github.com/alimtvnetwork/core/internal/convertinternal/anyTo.go:286.3,286.12 1 0
github.com/alimtvnetwork/core/internal/convertinternal/anyTo.go:287.13,288.15 1 0
github.com/alimtvnetwork/core/internal/convertinternal/anyTo.go:288.15,290.4 1 0
github.com/alimtvnetwork/core/internal/convertinternal/anyTo.go:292.3,292.19 1 0
github.com/alimtvnetwork/core/internal/convertinternal/anyTo.go:296.20,297.30 1 0
github.com/alimtvnetwork/core/internal/convertinternal/anyTo.go:298.12,299.31 1 0
github.com/alimtvnetwork/core/internal/convertinternal/anyTo.go:302.2,304.53 2 0
github.com/alimtvnetwork/core/internal/convertinternal/anyTo.go:307.34,311.2 2 0
github.com/alimtvnetwork/core/internal/convertinternal/codeFormatter.go:10.61,11.17 1 0
github.com/alimtvnetwork/core/internal/convertinternal/codeFormatter.go:11.17,13.3 1 0
github.com/alimtvnetwork/core/internal/convertinternal/codeFormatter.go:15.2,15.25 1 0
github.com/alimtvnetwork/core/internal/convertinternal/codeFormatter.go:18.61,19.20 1 0
github.com/alimtvnetwork/core/internal/convertinternal/codeFormatter.go:19.20,21.3 1 0
github.com/alimtvnetwork/core/internal/convertinternal/codeFormatter.go:23.2,25.16 2 0
github.com/alimtvnetwork/core/internal/convertinternal/codeFormatter.go:25.16,27.3 1 0
github.com/alimtvnetwork/core/internal/convertinternal/codeFormatter.go:29.2,29.35 1 0
github.com/alimtvnetwork/core/internal/convertinternal/integersConverter.go:9.26,10.21 1 0
github.com/alimtvnetwork/core/internal/convertinternal/integersConverter.go:10.21,12.3 1 0
github.com/alimtvnetwork/core/internal/convertinternal/integersConverter.go:14.2,16.29 2 0
github.com/alimtvnetwork/core/internal/convertinternal/integersConverter.go:16.29,18.3 1 0
github.com/alimtvnetwork/core/internal/convertinternal/integersConverter.go:20.2,20.16 1 0
github.com/alimtvnetwork/core/internal/convertinternal/integersConverter.go:25.27,26.21 1 0
github.com/alimtvnetwork/core/internal/convertinternal/integersConverter.go:26.21,28.3 1 0
github.com/alimtvnetwork/core/internal/convertinternal/integersConverter.go:30.2,32.29 2 0
github.com/alimtvnetwork/core/internal/convertinternal/integersConverter.go:32.29,34.3 1 0
github.com/alimtvnetwork/core/internal/convertinternal/integersConverter.go:36.2,36.16 1 0
github.com/alimtvnetwork/core/internal/convertinternal/integersConverter.go:39.79,40.26 1 0
github.com/alimtvnetwork/core/internal/convertinternal/integersConverter.go:40.26,42.3 1 0
github.com/alimtvnetwork/core/internal/convertinternal/integersConverter.go:44.2,44.45 1 0
github.com/alimtvnetwork/core/internal/convertinternal/integersConverter.go:47.72,49.37 2 0
github.com/alimtvnetwork/core/internal/convertinternal/integersConverter.go:49.37,51.3 1 0
github.com/alimtvnetwork/core/internal/convertinternal/integersConverter.go:53.2,53.20 1 0
github.com/alimtvnetwork/core/internal/convertinternal/keyValuesTo.go:6.70,7.34 1 0
github.com/alimtvnetwork/core/internal/convertinternal/keyValuesTo.go:7.34,9.3 1 0
github.com/alimtvnetwork/core/internal/convertinternal/keyValuesTo.go:11.2,13.27 2 0
github.com/alimtvnetwork/core/internal/convertinternal/keyValuesTo.go:13.27,15.3 1 0
github.com/alimtvnetwork/core/internal/convertinternal/keyValuesTo.go:17.2,17.17 1 0
github.com/alimtvnetwork/core/internal/convertinternal/keyValuesTo.go:21.75,22.33 1 0
github.com/alimtvnetwork/core/internal/convertinternal/keyValuesTo.go:22.33,26.3 2 0
github.com/alimtvnetwork/core/internal/convertinternal/keyValuesTo.go:28.2,30.28 2 0
github.com/alimtvnetwork/core/internal/convertinternal/keyValuesTo.go:30.28,32.3 1 0
github.com/alimtvnetwork/core/internal/convertinternal/keyValuesTo.go:34.2,34.18 1 0
github.com/alimtvnetwork/core/internal/convertinternal/mapConverter.go:15.53,17.21 2 0
github.com/alimtvnetwork/core/internal/convertinternal/mapConverter.go:17.21,19.3 1 0
github.com/alimtvnetwork/core/internal/convertinternal/mapConverter.go:20.2,20.13 1 0
github.com/alimtvnetwork/core/internal/convertinternal/mapConverter.go:24.59,26.21 2 0
github.com/alimtvnetwork/core/internal/convertinternal/mapConverter.go:26.21,28.3 1 0
github.com/alimtvnetwork/core/internal/convertinternal/mapConverter.go:29.2,29.13 1 0
github.com/alimtvnetwork/core/internal/convertinternal/mapConverter.go:33.65,35.21 2 0
github.com/alimtvnetwork/core/internal/convertinternal/mapConverter.go:35.21,37.3 1 0
github.com/alimtvnetwork/core/internal/convertinternal/mapConverter.go:38.2,38.13 1 0
github.com/alimtvnetwork/core/internal/convertinternal/mapConverter.go:43.30,44.28 1 0
github.com/alimtvnetwork/core/internal/convertinternal/mapConverter.go:45.25,46.38 1 0
github.com/alimtvnetwork/core/internal/convertinternal/mapConverter.go:47.22,48.38 1 0
github.com/alimtvnetwork/core/internal/convertinternal/mapConverter.go:49.19,50.35 1 0
github.com/alimtvnetwork/core/internal/convertinternal/mapConverter.go:51.22,52.35 1 0
github.com/alimtvnetwork/core/internal/convertinternal/mapConverter.go:53.23,54.35 1 0
github.com/alimtvnetwork/core/internal/convertinternal/mapConverter.go:55.19,56.35 1 0
github.com/alimtvnetwork/core/internal/convertinternal/mapConverter.go:57.22,58.35 1 0
github.com/alimtvnetwork/core/internal/convertinternal/mapConverter.go:59.31,60.35 1 0
github.com/alimtvnetwork/core/internal/convertinternal/mapConverter.go:61.10,65.4 1 0
github.com/alimtvnetwork/core/internal/convertinternal/mapConverter.go:71.38,72.28 1 0
github.com/alimtvnetwork/core/internal/convertinternal/mapConverter.go:73.25,74.29 1 0
github.com/alimtvnetwork/core/internal/convertinternal/mapConverter.go:74.29,77.4 2 0
github.com/alimtvnetwork/core/internal/convertinternal/mapConverter.go:78.3,78.27 1 0
github.com/alimtvnetwork/core/internal/convertinternal/mapConverter.go:79.22,80.29 1 0
github.com/alimtvnetwork/core/internal/convertinternal/mapConverter.go:80.29,83.4 2 0
github.com/alimtvnetwork/core/internal/convertinternal/mapConverter.go:84.3,84.27 1 0
github.com/alimtvnetwork/core/internal/convertinternal/mapConverter.go:85.19,86.29 1 0
github.com/alimtvnetwork/core/internal/convertinternal/mapConverter.go:86.29,89.4 2 0
github.com/alimtvnetwork/core/internal/convertinternal/mapConverter.go:90.3,90.27 1 0
github.com/alimtvnetwork/core/internal/convertinternal/mapConverter.go:91.22,92.29 1 0
github.com/alimtvnetwork/core/internal/convertinternal/mapConverter.go:92.29,95.4 2 0
github.com/alimtvnetwork/core/internal/convertinternal/mapConverter.go:96.3,96.27 1 0
github.com/alimtvnetwork/core/internal/convertinternal/mapConverter.go:97.23,98.29 1 0
github.com/alimtvnetwork/core/internal/convertinternal/mapConverter.go:98.29,101.4 2 0
github.com/alimtvnetwork/core/internal/convertinternal/mapConverter.go:102.3,102.27 1 0
github.com/alimtvnetwork/core/internal/convertinternal/mapConverter.go:103.19,104.29 1 0
github.com/alimtvnetwork/core/internal/convertinternal/mapConverter.go:104.29,107.4 2 0
github.com/alimtvnetwork/core/internal/convertinternal/mapConverter.go:108.3,108.27 1 0
github.com/alimtvnetwork/core/internal/convertinternal/mapConverter.go:109.22,110.29 1 0
github.com/alimtvnetwork/core/internal/convertinternal/mapConverter.go:110.29,113.4 2 0
github.com/alimtvnetwork/core/internal/convertinternal/mapConverter.go:114.3,114.27 1 0
github.com/alimtvnetwork/core/internal/convertinternal/mapConverter.go:115.10,119.4 1 0
github.com/alimtvnetwork/core/internal/convertinternal/mapConverter.go:125.36,127.34 2 0
github.com/alimtvnetwork/core/internal/convertinternal/mapConverter.go:127.34,129.3 1 0
github.com/alimtvnetwork/core/internal/convertinternal/mapConverter.go:130.2,131.18 2 0
github.com/alimtvnetwork/core/internal/convertinternal/mapConverter.go:136.38,138.16 2 0
github.com/alimtvnetwork/core/internal/convertinternal/mapConverter.go:138.16,140.3 1 0
github.com/alimtvnetwork/core/internal/convertinternal/mapConverter.go:141.2,142.27 2 0
github.com/alimtvnetwork/core/internal/convertinternal/mapConverter.go:142.27,144.3 1 0
github.com/alimtvnetwork/core/internal/convertinternal/mapConverter.go:145.2,146.27 2 0
github.com/alimtvnetwork/core/internal/convertinternal/mapConverter.go:146.27,148.3 1 0
github.com/alimtvnetwork/core/internal/convertinternal/mapConverter.go:149.2,149.26 1 0
github.com/alimtvnetwork/core/internal/convertinternal/mapConverter.go:153.68,155.26 2 0
github.com/alimtvnetwork/core/internal/convertinternal/mapConverter.go:155.26,157.3 1 0
github.com/alimtvnetwork/core/internal/convertinternal/mapConverter.go:158.2,158.15 1 0
github.com/alimtvnetwork/core/internal/convertinternal/mapConverter.go:162.62,164.26 2 0
github.com/alimtvnetwork/core/internal/convertinternal/mapConverter.go:164.26,166.3 1 0
github.com/alimtvnetwork/core/internal/convertinternal/mapConverter.go:167.2,167.15 1 0
github.com/alimtvnetwork/core/internal/convertinternal/mapConverter.go:172.32,173.33 1 0
github.com/alimtvnetwork/core/internal/convertinternal/mapConverter.go:174.25,175.45 1 0
github.com/alimtvnetwork/core/internal/convertinternal/mapConverter.go:176.22,177.42 1 0
github.com/alimtvnetwork/core/internal/convertinternal/mapConverter.go:178.19,179.42 1 0
github.com/alimtvnetwork/core/internal/convertinternal/mapConverter.go:180.22,182.32 2 0
github.com/alimtvnetwork/core/internal/convertinternal/mapConverter.go:182.32,184.4 1 0
github.com/alimtvnetwork/core/internal/convertinternal/mapConverter.go:185.3,185.19 1 0
github.com/alimtvnetwork/core/internal/convertinternal/mapConverter.go:186.22,187.45 1 0
github.com/alimtvnetwork/core/internal/convertinternal/mapConverter.go:188.23,189.42 1 0
github.com/alimtvnetwork/core/internal/convertinternal/mapConverter.go:190.19,191.42 1 0
github.com/alimtvnetwork/core/internal/convertinternal/mapConverter.go:192.22,193.45 1 0
github.com/alimtvnetwork/core/internal/convertinternal/mapConverter.go:194.10,198.4 1 0
github.com/alimtvnetwork/core/internal/convertinternal/mapConverter.go:205.21,206.34 1 0
github.com/alimtvnetwork/core/internal/convertinternal/mapConverter.go:206.34,208.3 1 0
github.com/alimtvnetwork/core/internal/convertinternal/mapConverter.go:210.2,212.46 2 0
github.com/alimtvnetwork/core/internal/convertinternal/mapConverter.go:212.46,218.31 2 0
github.com/alimtvnetwork/core/internal/convertinternal/mapConverter.go:218.31,219.12 1 0
github.com/alimtvnetwork/core/internal/convertinternal/mapConverter.go:222.3,222.20 1 0
github.com/alimtvnetwork/core/internal/convertinternal/mapConverter.go:225.2,225.15 1 0
github.com/alimtvnetwork/core/internal/convertinternal/mapConverter.go:232.21,233.55 1 0
github.com/alimtvnetwork/core/internal/convertinternal/mapConverter.go:233.55,235.3 1 0
github.com/alimtvnetwork/core/internal/convertinternal/mapConverter.go:237.2,244.35 2 0
github.com/alimtvnetwork/core/internal/convertinternal/mapConverter.go:244.35,250.31 2 0
github.com/alimtvnetwork/core/internal/convertinternal/mapConverter.go:250.31,251.12 1 0
github.com/alimtvnetwork/core/internal/convertinternal/mapConverter.go:254.3,254.20 1 0
github.com/alimtvnetwork/core/internal/convertinternal/mapConverter.go:257.2,257.46 1 0
github.com/alimtvnetwork/core/internal/convertinternal/mapConverter.go:257.46,263.31 2 0
github.com/alimtvnetwork/core/internal/convertinternal/mapConverter.go:263.31,264.12 1 0
github.com/alimtvnetwork/core/internal/convertinternal/mapConverter.go:267.3,267.20 1 0
github.com/alimtvnetwork/core/internal/convertinternal/mapConverter.go:270.2,270.15 1 0
github.com/alimtvnetwork/core/internal/convertinternal/mapConverter.go:273.74,274.26 1 0
github.com/alimtvnetwork/core/internal/convertinternal/mapConverter.go:274.26,276.3 1 0
github.com/alimtvnetwork/core/internal/convertinternal/mapConverter.go:278.2,281.31 3 0
github.com/alimtvnetwork/core/internal/convertinternal/mapConverter.go:281.31,283.3 1 0
github.com/alimtvnetwork/core/internal/convertinternal/mapConverter.go:285.2,285.16 1 0
github.com/alimtvnetwork/core/internal/convertinternal/stringUtil.go:18.10,27.2 2 0
github.com/alimtvnetwork/core/internal/convertinternal/stringUtil.go:34.10,43.2 2 0
github.com/alimtvnetwork/core/internal/convertinternal/stringUtil.go:47.10,50.18 2 0
github.com/alimtvnetwork/core/internal/convertinternal/stringUtil.go:51.9,52.15 1 0
github.com/alimtvnetwork/core/internal/convertinternal/stringUtil.go:53.9,54.15 1 0
github.com/alimtvnetwork/core/internal/convertinternal/stringUtil.go:55.9,56.15 1 0
github.com/alimtvnetwork/core/internal/convertinternal/stringUtil.go:57.10,61.4 1 0
github.com/alimtvnetwork/core/internal/convertinternal/stringUtil.go:67.10,68.20 1 0
github.com/alimtvnetwork/core/internal/convertinternal/stringUtil.go:68.20,70.3 1 0
github.com/alimtvnetwork/core/internal/convertinternal/stringUtil.go:72.2,74.26 2 0
github.com/alimtvnetwork/core/internal/convertinternal/stringUtil.go:74.26,76.3 1 0
github.com/alimtvnetwork/core/internal/convertinternal/stringUtil.go:78.2,78.32 1 0
github.com/alimtvnetwork/core/internal/convertinternal/stringUtil.go:83.10,84.20 1 0
github.com/alimtvnetwork/core/internal/convertinternal/stringUtil.go:84.20,86.3 1 0
github.com/alimtvnetwork/core/internal/convertinternal/stringUtil.go:88.2,93.24 5 0
github.com/alimtvnetwork/core/internal/convertinternal/stringUtil.go:93.24,95.3 1 0
github.com/alimtvnetwork/core/internal/convertinternal/stringUtil.go:97.2,97.46 1 0
github.com/alimtvnetwork/core/internal/convertinternal/stringUtil.go:102.10,103.20 1 0
github.com/alimtvnetwork/core/internal/convertinternal/stringUtil.go:103.20,105.3 1 0
github.com/alimtvnetwork/core/internal/convertinternal/stringUtil.go:107.2,109.26 2 0
github.com/alimtvnetwork/core/internal/convertinternal/stringUtil.go:109.26,110.13 1 0
github.com/alimtvnetwork/core/internal/convertinternal/stringUtil.go:110.13,112.4 1 0
github.com/alimtvnetwork/core/internal/convertinternal/stringUtil.go:112.9,114.4 1 0
github.com/alimtvnetwork/core/internal/convertinternal/stringUtil.go:117.2,117.32 1 0
github.com/alimtvnetwork/core/internal/convertinternal/stringUtil.go:122.10,123.20 1 0
github.com/alimtvnetwork/core/internal/convertinternal/stringUtil.go:123.20,125.3 1 0
github.com/alimtvnetwork/core/internal/convertinternal/stringUtil.go:127.2,132.24 5 0
github.com/alimtvnetwork/core/internal/convertinternal/stringUtil.go:132.24,134.3 1 0
github.com/alimtvnetwork/core/internal/convertinternal/stringUtil.go:136.2,136.46 1 0
github.com/alimtvnetwork/core/internal/convertinternal/stringsTo.go:10.74,11.21 1 0
github.com/alimtvnetwork/core/internal/convertinternal/stringsTo.go:11.21,13.3 1 0
github.com/alimtvnetwork/core/internal/convertinternal/stringsTo.go:15.2,21.29 3 0
github.com/alimtvnetwork/core/internal/convertinternal/stringsTo.go:21.29,27.3 1 0
github.com/alimtvnetwork/core/internal/convertinternal/stringsTo.go:29.2,29.17 1 0
github.com/alimtvnetwork/core/internal/convertinternal/stringsUtil.go:10.12,13.35 2 0
github.com/alimtvnetwork/core/internal/convertinternal/stringsUtil.go:13.35,19.3 1 0
github.com/alimtvnetwork/core/internal/convertinternal/stringsUtil.go:21.2,26.25 2 0
github.com/alimtvnetwork/core/internal/convertinternal/stringsUtil.go:26.25,32.3 1 0
github.com/alimtvnetwork/core/internal/convertinternal/stringsUtil.go:34.2,36.17 2 0
github.com/alimtvnetwork/core/internal/jsoninternal/anyToConvert.go:7.55,11.2 2 0
github.com/alimtvnetwork/core/internal/jsoninternal/anyToConvert.go:18.19,21.31 2 0
github.com/alimtvnetwork/core/internal/jsoninternal/anyToConvert.go:21.31,23.3 1 0
github.com/alimtvnetwork/core/internal/jsoninternal/anyToConvert.go:25.2,25.23 1 0
github.com/alimtvnetwork/core/internal/jsoninternal/anyToConvert.go:31.19,34.31 2 0
github.com/alimtvnetwork/core/internal/jsoninternal/anyToConvert.go:34.31,36.3 1 0
github.com/alimtvnetwork/core/internal/jsoninternal/anyToConvert.go:38.2,38.39 1 0
github.com/alimtvnetwork/core/internal/jsoninternal/anyToConvert.go:45.19,48.31 2 0
github.com/alimtvnetwork/core/internal/jsoninternal/anyToConvert.go:48.31,50.3 1 0
github.com/alimtvnetwork/core/internal/jsoninternal/anyToConvert.go:52.2,52.50 1 0
github.com/alimtvnetwork/core/internal/jsoninternal/anyToConvert.go:58.10,61.31 2 0
github.com/alimtvnetwork/core/internal/jsoninternal/anyToConvert.go:61.31,63.3 1 0
github.com/alimtvnetwork/core/internal/jsoninternal/anyToConvert.go:65.2,65.37 1 0
github.com/alimtvnetwork/core/internal/jsoninternal/anyToConvert.go:70.10,73.31 2 0
github.com/alimtvnetwork/core/internal/jsoninternal/anyToConvert.go:73.31,75.3 1 0
github.com/alimtvnetwork/core/internal/jsoninternal/anyToConvert.go:77.2,77.33 1 0
github.com/alimtvnetwork/core/internal/jsoninternal/anyToConvert.go:82.10,85.16 2 0
github.com/alimtvnetwork/core/internal/jsoninternal/anyToConvert.go:85.16,86.13 1 0
github.com/alimtvnetwork/core/internal/jsoninternal/anyToConvert.go:89.2,89.31 1 0
github.com/alimtvnetwork/core/internal/jsoninternal/anyToConvert.go:89.31,91.3 1 0
github.com/alimtvnetwork/core/internal/jsoninternal/anyToConvert.go:93.2,93.36 1 0
github.com/alimtvnetwork/core/internal/jsoninternal/bytesToPrettyConvert.go:12.10,16.2 2 0
github.com/alimtvnetwork/core/internal/jsoninternal/bytesToPrettyConvert.go:20.10,24.2 2 0
github.com/alimtvnetwork/core/internal/jsoninternal/bytesToPrettyConvert.go:29.19,34.2 3 0
github.com/alimtvnetwork/core/internal/jsoninternal/bytesToPrettyConvert.go:40.19,45.2 3 0
github.com/alimtvnetwork/core/internal/jsoninternal/bytesToPrettyConvert.go:47.75,50.16 2 0
github.com/alimtvnetwork/core/internal/jsoninternal/bytesToPrettyConvert.go:50.16,51.13 1 0
github.com/alimtvnetwork/core/internal/jsoninternal/bytesToPrettyConvert.go:54.2,54.15 1 0
github.com/alimtvnetwork/core/internal/jsoninternal/bytesToPrettyConvert.go:57.61,60.16 2 0
github.com/alimtvnetwork/core/internal/jsoninternal/bytesToPrettyConvert.go:60.16,61.13 1 0
github.com/alimtvnetwork/core/internal/jsoninternal/bytesToPrettyConvert.go:64.2,64.15 1 0
github.com/alimtvnetwork/core/internal/jsoninternal/stringJsonConverter.go:12.63,16.2 2 0
github.com/alimtvnetwork/core/internal/jsoninternal/stringJsonConverter.go:23.19,26.31 2 0
github.com/alimtvnetwork/core/internal/jsoninternal/stringJsonConverter.go:26.31,28.3 1 0
github.com/alimtvnetwork/core/internal/jsoninternal/stringJsonConverter.go:30.2,30.23 1 0
github.com/alimtvnetwork/core/internal/jsoninternal/stringJsonConverter.go:38.19,41.31 2 0
github.com/alimtvnetwork/core/internal/jsoninternal/stringJsonConverter.go:41.31,43.3 1 0
github.com/alimtvnetwork/core/internal/jsoninternal/stringJsonConverter.go:45.2,45.35 1 0
github.com/alimtvnetwork/core/internal/jsoninternal/stringJsonConverter.go:48.63,55.2 2 0
github.com/alimtvnetwork/core/internal/jsoninternal/stringToPrettyConvert.go:13.10,17.2 2 0
github.com/alimtvnetwork/core/internal/jsoninternal/stringToPrettyConvert.go:21.10,25.2 2 0
github.com/alimtvnetwork/core/internal/jsoninternal/stringToPrettyConvert.go:30.19,35.2 3 0
github.com/alimtvnetwork/core/internal/jsoninternal/stringToPrettyConvert.go:41.19,51.2 3 0
github.com/alimtvnetwork/core/internal/jsoninternal/stringToPrettyConvert.go:53.78,56.16 2 0
github.com/alimtvnetwork/core/internal/jsoninternal/stringToPrettyConvert.go:56.16,57.13 1 0
github.com/alimtvnetwork/core/internal/jsoninternal/stringToPrettyConvert.go:60.2,60.15 1 0
github.com/alimtvnetwork/core/internal/jsoninternal/stringToPrettyConvert.go:63.64,66.16 2 0
github.com/alimtvnetwork/core/internal/jsoninternal/stringToPrettyConvert.go:66.16,67.13 1 0
github.com/alimtvnetwork/core/internal/jsoninternal/stringToPrettyConvert.go:70.2,70.15 1 0
github.com/alimtvnetwork/core/reflectcore/reflectmodel/FieldProcessor.go:16.60,18.2 1 1
github.com/alimtvnetwork/core/reflectcore/reflectmodel/FieldProcessor.go:20.60,22.2 1 1
github.com/alimtvnetwork/core/reflectcore/reflectmodel/MethodProcessor.go:24.48,26.2 1 1
github.com/alimtvnetwork/core/reflectcore/reflectmodel/MethodProcessor.go:28.49,30.2 1 1
github.com/alimtvnetwork/core/reflectcore/reflectmodel/MethodProcessor.go:32.45,34.2 1 1
github.com/alimtvnetwork/core/reflectcore/reflectmodel/MethodProcessor.go:36.50,37.20 1 1
github.com/alimtvnetwork/core/reflectcore/reflectmodel/MethodProcessor.go:37.20,39.3 1 1
github.com/alimtvnetwork/core/reflectcore/reflectmodel/MethodProcessor.go:40.2,40.31 1 1
github.com/alimtvnetwork/core/reflectcore/reflectmodel/MethodProcessor.go:43.44,45.2 1 1
github.com/alimtvnetwork/core/reflectcore/reflectmodel/MethodProcessor.go:47.47,48.20 1 1
github.com/alimtvnetwork/core/reflectcore/reflectmodel/MethodProcessor.go:48.20,50.3 1 1
github.com/alimtvnetwork/core/reflectcore/reflectmodel/MethodProcessor.go:51.2,51.30 1 1
github.com/alimtvnetwork/core/reflectcore/reflectmodel/MethodProcessor.go:54.50,56.2 1 1
github.com/alimtvnetwork/core/reflectcore/reflectmodel/MethodProcessor.go:58.51,60.2 1 1
github.com/alimtvnetwork/core/reflectcore/reflectmodel/MethodProcessor.go:62.45,64.2 1 1
github.com/alimtvnetwork/core/reflectcore/reflectmodel/MethodProcessor.go:69.3,71.21 2 1
github.com/alimtvnetwork/core/reflectcore/reflectmodel/MethodProcessor.go:71.21,73.3 1 1
github.com/alimtvnetwork/core/reflectcore/reflectmodel/MethodProcessor.go:75.2,76.30 2 1
github.com/alimtvnetwork/core/reflectcore/reflectmodel/MethodProcessor.go:76.30,78.3 1 1
github.com/alimtvnetwork/core/reflectcore/reflectmodel/MethodProcessor.go:80.2,83.62 3 1
github.com/alimtvnetwork/core/reflectcore/reflectmodel/MethodProcessor.go:88.34,90.16 2 1
github.com/alimtvnetwork/core/reflectcore/reflectmodel/MethodProcessor.go:90.16,92.3 1 1
github.com/alimtvnetwork/core/reflectcore/reflectmodel/MethodProcessor.go:93.2,93.20 1 1
github.com/alimtvnetwork/core/reflectcore/reflectmodel/MethodProcessor.go:99.34,101.16 2 1
github.com/alimtvnetwork/core/reflectcore/reflectmodel/MethodProcessor.go:101.16,103.3 1 1
github.com/alimtvnetwork/core/reflectcore/reflectmodel/MethodProcessor.go:104.2,104.28 1 1
github.com/alimtvnetwork/core/reflectcore/reflectmodel/MethodProcessor.go:109.34,111.16 2 0
github.com/alimtvnetwork/core/reflectcore/reflectmodel/MethodProcessor.go:111.16,113.3 1 0
github.com/alimtvnetwork/core/reflectcore/reflectmodel/MethodProcessor.go:114.2,114.28 1 0
github.com/alimtvnetwork/core/reflectcore/reflectmodel/MethodProcessor.go:119.53,121.26 2 1
github.com/alimtvnetwork/core/reflectcore/reflectmodel/MethodProcessor.go:121.26,123.3 1 1
github.com/alimtvnetwork/core/reflectcore/reflectmodel/MethodProcessor.go:125.2,125.23 1 1
github.com/alimtvnetwork/core/reflectcore/reflectmodel/MethodProcessor.go:125.23,129.3 1 1
github.com/alimtvnetwork/core/reflectcore/reflectmodel/MethodProcessor.go:131.2,134.22 3 1
github.com/alimtvnetwork/core/reflectcore/reflectmodel/MethodProcessor.go:134.22,136.3 1 1
github.com/alimtvnetwork/core/reflectcore/reflectmodel/MethodProcessor.go:138.2,140.14 2 0
github.com/alimtvnetwork/core/reflectcore/reflectmodel/MethodProcessor.go:140.14,144.3 1 0
github.com/alimtvnetwork/core/reflectcore/reflectmodel/MethodProcessor.go:146.2,146.37 1 0
github.com/alimtvnetwork/core/reflectcore/reflectmodel/MethodProcessor.go:149.70,151.2 1 1
github.com/alimtvnetwork/core/reflectcore/reflectmodel/MethodProcessor.go:153.67,154.33 1 1
github.com/alimtvnetwork/core/reflectcore/reflectmodel/MethodProcessor.go:154.33,156.3 1 1
github.com/alimtvnetwork/core/reflectcore/reflectmodel/MethodProcessor.go:157.2,157.33 1 1
github.com/alimtvnetwork/core/reflectcore/reflectmodel/MethodProcessor.go:157.33,159.3 1 1
github.com/alimtvnetwork/core/reflectcore/reflectmodel/MethodProcessor.go:160.2,160.19 1 1
github.com/alimtvnetwork/core/reflectcore/reflectmodel/MethodProcessor.go:160.19,162.3 1 1
github.com/alimtvnetwork/core/reflectcore/reflectmodel/MethodProcessor.go:163.2,163.43 1 1
github.com/alimtvnetwork/core/reflectcore/reflectmodel/MethodProcessor.go:163.43,165.3 1 0
github.com/alimtvnetwork/core/reflectcore/reflectmodel/MethodProcessor.go:166.2,166.29 1 1
github.com/alimtvnetwork/core/reflectcore/reflectmodel/MethodProcessor.go:166.29,168.3 1 1
github.com/alimtvnetwork/core/reflectcore/reflectmodel/MethodProcessor.go:169.2,169.53 1 1
github.com/alimtvnetwork/core/reflectcore/reflectmodel/MethodProcessor.go:169.53,171.3 1 1
github.com/alimtvnetwork/core/reflectcore/reflectmodel/MethodProcessor.go:172.2,172.43 1 1
github.com/alimtvnetwork/core/reflectcore/reflectmodel/MethodProcessor.go:172.43,174.3 1 1
github.com/alimtvnetwork/core/reflectcore/reflectmodel/MethodProcessor.go:175.2,175.49 1 1
github.com/alimtvnetwork/core/reflectcore/reflectmodel/MethodProcessor.go:175.49,177.3 1 1
github.com/alimtvnetwork/core/reflectcore/reflectmodel/MethodProcessor.go:179.2,180.19 2 1
github.com/alimtvnetwork/core/reflectcore/reflectmodel/MethodProcessor.go:180.19,182.3 1 0
github.com/alimtvnetwork/core/reflectcore/reflectmodel/MethodProcessor.go:184.2,185.20 2 1
github.com/alimtvnetwork/core/reflectcore/reflectmodel/MethodProcessor.go:185.20,187.3 1 0
github.com/alimtvnetwork/core/reflectcore/reflectmodel/MethodProcessor.go:189.2,189.13 1 1
github.com/alimtvnetwork/core/reflectcore/reflectmodel/MethodProcessor.go:192.51,193.20 1 1
github.com/alimtvnetwork/core/reflectcore/reflectmodel/MethodProcessor.go:193.20,195.3 1 1
github.com/alimtvnetwork/core/reflectcore/reflectmodel/MethodProcessor.go:196.2,196.30 1 1
github.com/alimtvnetwork/core/reflectcore/reflectmodel/MethodProcessor.go:199.61,200.20 1 1
github.com/alimtvnetwork/core/reflectcore/reflectmodel/MethodProcessor.go:200.20,202.3 1 1
github.com/alimtvnetwork/core/reflectcore/reflectmodel/MethodProcessor.go:204.2,205.23 2 1
github.com/alimtvnetwork/core/reflectcore/reflectmodel/MethodProcessor.go:205.23,207.3 1 0
github.com/alimtvnetwork/core/reflectcore/reflectmodel/MethodProcessor.go:209.2,209.42 1 1
github.com/alimtvnetwork/core/reflectcore/reflectmodel/MethodProcessor.go:209.42,211.3 1 1
github.com/alimtvnetwork/core/reflectcore/reflectmodel/MethodProcessor.go:213.2,215.36 3 1
github.com/alimtvnetwork/core/reflectcore/reflectmodel/MethodProcessor.go:215.36,217.3 1 1
github.com/alimtvnetwork/core/reflectcore/reflectmodel/MethodProcessor.go:219.2,220.14 2 1
github.com/alimtvnetwork/core/reflectcore/reflectmodel/MethodProcessor.go:223.60,224.20 1 1
github.com/alimtvnetwork/core/reflectcore/reflectmodel/MethodProcessor.go:224.20,226.3 1 1
github.com/alimtvnetwork/core/reflectcore/reflectmodel/MethodProcessor.go:228.2,229.20 2 1
github.com/alimtvnetwork/core/reflectcore/reflectmodel/MethodProcessor.go:229.20,231.3 1 0
github.com/alimtvnetwork/core/reflectcore/reflectmodel/MethodProcessor.go:233.2,233.38 1 1
github.com/alimtvnetwork/core/reflectcore/reflectmodel/MethodProcessor.go:233.38,235.3 1 1
github.com/alimtvnetwork/core/reflectcore/reflectmodel/MethodProcessor.go:237.2,239.33 3 1
github.com/alimtvnetwork/core/reflectcore/reflectmodel/MethodProcessor.go:239.33,241.3 1 1
github.com/alimtvnetwork/core/reflectcore/reflectmodel/MethodProcessor.go:243.2,244.14 2 1
github.com/alimtvnetwork/core/reflectcore/reflectmodel/MethodProcessor.go:247.59,248.20 1 1
github.com/alimtvnetwork/core/reflectcore/reflectmodel/MethodProcessor.go:248.20,250.3 1 1
github.com/alimtvnetwork/core/reflectcore/reflectmodel/MethodProcessor.go:252.2,253.20 2 1
github.com/alimtvnetwork/core/reflectcore/reflectmodel/MethodProcessor.go:253.20,255.3 1 0
github.com/alimtvnetwork/core/reflectcore/reflectmodel/MethodProcessor.go:257.2,257.43 1 1
github.com/alimtvnetwork/core/reflectcore/reflectmodel/MethodProcessor.go:257.43,259.3 1 1
github.com/alimtvnetwork/core/reflectcore/reflectmodel/MethodProcessor.go:261.2,263.33 3 1
github.com/alimtvnetwork/core/reflectcore/reflectmodel/MethodProcessor.go:263.33,265.3 1 1
github.com/alimtvnetwork/core/reflectcore/reflectmodel/MethodProcessor.go:267.2,268.14 2 1
github.com/alimtvnetwork/core/reflectcore/reflectmodel/MethodProcessor.go:271.52,272.15 1 1
github.com/alimtvnetwork/core/reflectcore/reflectmodel/MethodProcessor.go:272.15,274.3 1 1
github.com/alimtvnetwork/core/reflectcore/reflectmodel/MethodProcessor.go:276.2,276.20 1 1
github.com/alimtvnetwork/core/reflectcore/reflectmodel/MethodProcessor.go:276.20,284.3 1 0
github.com/alimtvnetwork/core/reflectcore/reflectmodel/MethodProcessor.go:286.2,286.12 1 1
github.com/alimtvnetwork/core/reflectcore/reflectmodel/MethodProcessor.go:289.65,293.28 3 1
github.com/alimtvnetwork/core/reflectcore/reflectmodel/MethodProcessor.go:293.28,295.3 1 1
github.com/alimtvnetwork/core/reflectcore/reflectmodel/MethodProcessor.go:297.2,298.12 2 1
github.com/alimtvnetwork/core/reflectcore/reflectmodel/MethodProcessor.go:305.10,326.2 5 1
github.com/alimtvnetwork/core/reflectcore/reflectmodel/MethodProcessor.go:328.78,331.2 2 1
github.com/alimtvnetwork/core/reflectcore/reflectmodel/MethodProcessor.go:333.79,336.2 2 1
github.com/alimtvnetwork/core/reflectcore/reflectmodel/MethodProcessor.go:338.89,340.2 1 1
github.com/alimtvnetwork/core/reflectcore/reflectmodel/MethodProcessor.go:342.90,344.2 1 1
github.com/alimtvnetwork/core/reflectcore/reflectmodel/ReflectValueKind.go:16.65,23.2 1 0
github.com/alimtvnetwork/core/reflectcore/reflectmodel/ReflectValueKind.go:25.46,27.2 1 0
github.com/alimtvnetwork/core/reflectcore/reflectmodel/ReflectValueKind.go:29.45,31.2 1 0
github.com/alimtvnetwork/core/reflectcore/reflectmodel/ReflectValueKind.go:33.49,35.2 1 0
github.com/alimtvnetwork/core/reflectcore/reflectmodel/ReflectValueKind.go:37.50,38.15 1 0
github.com/alimtvnetwork/core/reflectcore/reflectmodel/ReflectValueKind.go:38.15,40.3 1 0
github.com/alimtvnetwork/core/reflectcore/reflectmodel/ReflectValueKind.go:42.2,42.39 1 0
github.com/alimtvnetwork/core/reflectcore/reflectmodel/ReflectValueKind.go:45.46,46.30 1 0
github.com/alimtvnetwork/core/reflectcore/reflectmodel/ReflectValueKind.go:46.30,48.3 1 0
github.com/alimtvnetwork/core/reflectcore/reflectmodel/ReflectValueKind.go:50.2,50.44 1 0
github.com/alimtvnetwork/core/reflectcore/reflectmodel/ReflectValueKind.go:53.56,54.15 1 0
github.com/alimtvnetwork/core/reflectcore/reflectmodel/ReflectValueKind.go:54.15,56.3 1 0
github.com/alimtvnetwork/core/reflectcore/reflectmodel/ReflectValueKind.go:58.2,58.17 1 0
github.com/alimtvnetwork/core/reflectcore/reflectmodel/ReflectValueKind.go:58.17,60.3 1 0
github.com/alimtvnetwork/core/reflectcore/reflectmodel/ReflectValueKind.go:62.2,70.15 6 0
github.com/alimtvnetwork/core/reflectcore/reflectmodel/ReflectValueKind.go:73.47,74.30 1 0
github.com/alimtvnetwork/core/reflectcore/reflectmodel/ReflectValueKind.go:74.30,76.3 1 0
github.com/alimtvnetwork/core/reflectcore/reflectmodel/ReflectValueKind.go:78.2,80.20 2 0
github.com/alimtvnetwork/core/reflectcore/reflectmodel/ReflectValueKind.go:83.52,86.15 2 0
github.com/alimtvnetwork/core/reflectcore/reflectmodel/ReflectValueKind.go:86.15,88.3 1 0
github.com/alimtvnetwork/core/reflectcore/reflectmodel/ReflectValueKind.go:90.2,90.23 1 0
github.com/alimtvnetwork/core/reflectcore/reflectmodel/isNull.go:5.28,6.17 1 1
github.com/alimtvnetwork/core/reflectcore/reflectmodel/isNull.go:6.17,8.3 1 1
github.com/alimtvnetwork/core/reflectcore/reflectmodel/isNull.go:10.2,12.19 2 1
github.com/alimtvnetwork/core/reflectcore/reflectmodel/isNull.go:13.98,14.20 1 1
github.com/alimtvnetwork/core/reflectcore/reflectmodel/isNull.go:15.10,16.15 1 1
github.com/alimtvnetwork/core/reflectcore/reflectmodel/utils.go:14.67,15.20 1 1
github.com/alimtvnetwork/core/reflectcore/reflectmodel/utils.go:15.20,17.3 1 1
github.com/alimtvnetwork/core/reflectcore/reflectmodel/utils.go:19.2,21.27 2 1
github.com/alimtvnetwork/core/reflectcore/reflectmodel/utils.go:21.27,23.3 1 1
github.com/alimtvnetwork/core/reflectcore/reflectmodel/utils.go:25.2,25.13 1 1
github.com/alimtvnetwork/core/reflectcore/reflectmodel/utils.go:30.9,31.29 1 1
github.com/alimtvnetwork/core/reflectcore/reflectmodel/utils.go:31.29,33.3 1 1
github.com/alimtvnetwork/core/reflectcore/reflectmodel/utils.go:35.2,37.35 2 1
github.com/alimtvnetwork/core/reflectcore/reflectmodel/utils.go:37.35,39.3 1 1
github.com/alimtvnetwork/core/reflectcore/reflectmodel/utils.go:41.2,41.13 1 1
github.com/alimtvnetwork/core/reflectcore/reflectmodel/utils.go:44.64,45.19 1 1
github.com/alimtvnetwork/core/reflectcore/reflectmodel/utils.go:45.19,47.3 1 0
github.com/alimtvnetwork/core/reflectcore/reflectmodel/utils.go:49.2,51.11 2 1
github.com/alimtvnetwork/core/reflectcore/reflectmodel/utils.go:52.38,53.17 1 1
github.com/alimtvnetwork/core/reflectcore/reflectmodel/utils.go:53.17,55.4 1 1
github.com/alimtvnetwork/core/reflectcore/reflectmodel/utils.go:57.3,57.31 1 1
github.com/alimtvnetwork/core/reflectcore/reflectmodel/utils.go:58.10,59.24 1 1
github.com/alimtvnetwork/core/reflectcore/reflectmodel/utils.go:63.41,64.17 1 1
github.com/alimtvnetwork/core/reflectcore/reflectmodel/utils.go:64.17,66.3 1 1
github.com/alimtvnetwork/core/reflectcore/reflectmodel/utils.go:68.2,70.19 2 1
github.com/alimtvnetwork/core/reflectcore/reflectmodel/utils.go:71.98,72.20 1 1
github.com/alimtvnetwork/core/reflectcore/reflectmodel/utils.go:73.10,74.15 1 1
github.com/alimtvnetwork/core/reflectcore/reflectmodel/utils.go:78.74,79.21 1 1
github.com/alimtvnetwork/core/reflectcore/reflectmodel/utils.go:79.21,81.3 1 1
github.com/alimtvnetwork/core/reflectcore/reflectmodel/utils.go:83.2,85.29 2 1
github.com/alimtvnetwork/core/reflectcore/reflectmodel/utils.go:85.29,96.3 3 1
github.com/alimtvnetwork/core/reflectcore/reflectmodel/utils.go:98.2,98.15 1 1
github.com/alimtvnetwork/core/reflectcore/reflectmodel/utils.go:101.65,102.21 1 1
github.com/alimtvnetwork/core/reflectcore/reflectmodel/utils.go:102.21,104.3 1 1
github.com/alimtvnetwork/core/reflectcore/reflectmodel/utils.go:106.2,108.29 2 1
github.com/alimtvnetwork/core/reflectcore/reflectmodel/utils.go:108.29,111.3 2 1
github.com/alimtvnetwork/core/reflectcore/reflectmodel/utils.go:113.2,113.15 1 1
github.com/alimtvnetwork/core/reflectcore/reflectmodel/utils.go:116.81,123.2 1 1
github.com/alimtvnetwork/core/reflectcore/reflectmodel/utils.go:129.28,133.25 3 1
github.com/alimtvnetwork/core/reflectcore/reflectmodel/utils.go:133.25,141.3 2 1
github.com/alimtvnetwork/core/reflectcore/reflectmodel/utils.go:143.2,145.31 2 1
github.com/alimtvnetwork/core/reflectcore/reflectmodel/utils.go:145.31,151.21 4 1
github.com/alimtvnetwork/core/reflectcore/reflectmodel/utils.go:151.21,152.12 1 1
github.com/alimtvnetwork/core/reflectcore/reflectmodel/utils.go:155.3,155.22 1 1
github.com/alimtvnetwork/core/reflectcore/reflectmodel/utils.go:155.22,160.4 1 1
github.com/alimtvnetwork/core/reflectcore/reflectmodel/utils.go:163.2,163.24 1 1
github.com/alimtvnetwork/core/reflectcore/reflectmodel/utils.go:163.24,165.3 1 1
github.com/alimtvnetwork/core/reflectcore/reflectmodel/utils.go:167.2,176.36 3 1
github.com/alimtvnetwork/core/reflectcore/reflectmodel/utils.go:179.101,180.31 1 1
github.com/alimtvnetwork/core/reflectcore/reflectmodel/utils.go:180.31,182.3 1 1
github.com/alimtvnetwork/core/reflectcore/reflectmodel/utils.go:184.2,190.34 2 1
github.com/alimtvnetwork/core/reflectcore/reflectmodel/utils.go:193.87,198.2 3 1
github.com/alimtvnetwork/core/reflectcore/reflectmodel/utils.go:200.53,203.18 2 1
github.com/alimtvnetwork/core/reflectcore/reflectmodel/utils.go:204.9,205.15 1 1
github.com/alimtvnetwork/core/reflectcore/reflectmodel/utils.go:206.9,207.15 1 1
github.com/alimtvnetwork/core/reflectcore/reflectmodel/utils.go:208.9,209.15 1 1
github.com/alimtvnetwork/core/reflectcore/reflectmodel/utils.go:210.10,211.39 1 1
github.com/alimtvnetwork/core/reflectcore/reflectmodel/utils.go:220.12,223.35 2 1
github.com/alimtvnetwork/core/reflectcore/reflectmodel/utils.go:223.35,225.3 1 1
github.com/alimtvnetwork/core/reflectcore/reflectmodel/utils.go:227.2,229.25 2 1
github.com/alimtvnetwork/core/reflectcore/reflectmodel/utils.go:229.25,231.3 1 1
github.com/alimtvnetwork/core/reflectcore/reflectmodel/utils.go:233.2,235.17 2 1
github.com/alimtvnetwork/core/reflectcore/reflectmodel/utils.go:238.72,239.21 1 1
github.com/alimtvnetwork/core/reflectcore/reflectmodel/utils.go:239.21,241.3 1 1
github.com/alimtvnetwork/core/reflectcore/reflectmodel/utils.go:243.2,246.29 3 1
github.com/alimtvnetwork/core/reflectcore/reflectmodel/utils.go:246.29,248.3 1 1
github.com/alimtvnetwork/core/reflectcore/reflectmodel/utils.go:250.2,250.17 1 1
