mode: set
github.com/alimtvnetwork/core/corecomparator/BaseIsCaseSensitive.go:7.52,9.2 1 0
github.com/alimtvnetwork/core/corecomparator/BaseIsCaseSensitive.go:11.68,15.2 1 0
github.com/alimtvnetwork/core/corecomparator/BaseIsCaseSensitive.go:17.59,21.2 1 0
github.com/alimtvnetwork/core/corecomparator/BaseIsCaseSensitive.go:23.64,24.15 1 0
github.com/alimtvnetwork/core/corecomparator/BaseIsCaseSensitive.go:24.15,26.3 1 0
github.com/alimtvnetwork/core/corecomparator/BaseIsCaseSensitive.go:28.2,30.3 1 0
github.com/alimtvnetwork/core/corecomparator/BaseIsIgnoreCase.go:7.52,9.2 1 0
github.com/alimtvnetwork/core/corecomparator/BaseIsIgnoreCase.go:11.71,15.2 1 0
github.com/alimtvnetwork/core/corecomparator/BaseIsIgnoreCase.go:17.53,21.2 1 0
github.com/alimtvnetwork/core/corecomparator/BaseIsIgnoreCase.go:23.58,24.15 1 0
github.com/alimtvnetwork/core/corecomparator/BaseIsIgnoreCase.go:24.15,26.3 1 0
github.com/alimtvnetwork/core/corecomparator/BaseIsIgnoreCase.go:28.2,30.3 1 0
github.com/alimtvnetwork/core/corecomparator/Compare.go:25.42,27.2 1 0
github.com/alimtvnetwork/core/corecomparator/Compare.go:29.33,31.2 1 0
github.com/alimtvnetwork/core/corecomparator/Compare.go:33.38,35.2 1 0
github.com/alimtvnetwork/core/corecomparator/Compare.go:37.36,39.2 1 0
github.com/alimtvnetwork/core/corecomparator/Compare.go:41.41,43.2 1 0
github.com/alimtvnetwork/core/corecomparator/Compare.go:45.49,47.2 1 0
github.com/alimtvnetwork/core/corecomparator/Compare.go:49.43,51.2 1 0
github.com/alimtvnetwork/core/corecomparator/Compare.go:53.36,55.2 1 0
github.com/alimtvnetwork/core/corecomparator/Compare.go:57.34,59.2 1 0
github.com/alimtvnetwork/core/corecomparator/Compare.go:61.36,63.2 1 0
github.com/alimtvnetwork/core/corecomparator/Compare.go:65.42,67.2 1 0
github.com/alimtvnetwork/core/corecomparator/Compare.go:69.49,71.2 1 0
github.com/alimtvnetwork/core/corecomparator/Compare.go:73.34,75.2 1 0
github.com/alimtvnetwork/core/corecomparator/Compare.go:77.40,79.2 1 0
github.com/alimtvnetwork/core/corecomparator/Compare.go:81.45,83.2 1 0
github.com/alimtvnetwork/core/corecomparator/Compare.go:85.37,87.2 1 0
github.com/alimtvnetwork/core/corecomparator/Compare.go:89.42,91.2 1 0
github.com/alimtvnetwork/core/corecomparator/Compare.go:96.55,98.2 1 0
github.com/alimtvnetwork/core/corecomparator/Compare.go:103.51,105.2 1 0
github.com/alimtvnetwork/core/corecomparator/Compare.go:110.61,112.2 1 0
github.com/alimtvnetwork/core/corecomparator/Compare.go:117.54,119.2 1 0
github.com/alimtvnetwork/core/corecomparator/Compare.go:121.37,123.2 1 0
github.com/alimtvnetwork/core/corecomparator/Compare.go:128.46,130.2 1 0
github.com/alimtvnetwork/core/corecomparator/Compare.go:135.53,137.2 1 0
github.com/alimtvnetwork/core/corecomparator/Compare.go:139.41,141.2 1 0
github.com/alimtvnetwork/core/corecomparator/Compare.go:143.44,145.2 1 0
github.com/alimtvnetwork/core/corecomparator/Compare.go:147.44,149.2 1 0
github.com/alimtvnetwork/core/corecomparator/Compare.go:151.51,153.2 1 0
github.com/alimtvnetwork/core/corecomparator/Compare.go:155.51,156.22 1 0
github.com/alimtvnetwork/core/corecomparator/Compare.go:156.22,158.3 1 0
github.com/alimtvnetwork/core/corecomparator/Compare.go:160.2,160.31 1 0
github.com/alimtvnetwork/core/corecomparator/Compare.go:160.31,161.18 1 0
github.com/alimtvnetwork/core/corecomparator/Compare.go:161.18,163.4 1 0
github.com/alimtvnetwork/core/corecomparator/Compare.go:166.2,166.14 1 0
github.com/alimtvnetwork/core/corecomparator/Compare.go:169.38,174.2 1 0
github.com/alimtvnetwork/core/corecomparator/Compare.go:176.58,177.22 1 0
github.com/alimtvnetwork/core/corecomparator/Compare.go:177.22,179.3 1 0
github.com/alimtvnetwork/core/corecomparator/Compare.go:181.2,183.31 2 0
github.com/alimtvnetwork/core/corecomparator/Compare.go:183.31,185.3 1 0
github.com/alimtvnetwork/core/corecomparator/Compare.go:187.2,187.14 1 0
github.com/alimtvnetwork/core/corecomparator/Compare.go:190.55,191.22 1 0
github.com/alimtvnetwork/core/corecomparator/Compare.go:191.22,193.3 1 0
github.com/alimtvnetwork/core/corecomparator/Compare.go:195.2,197.49 2 0
github.com/alimtvnetwork/core/corecomparator/Compare.go:200.33,202.2 1 1
github.com/alimtvnetwork/core/corecomparator/Compare.go:204.49,206.2 1 0
github.com/alimtvnetwork/core/corecomparator/Compare.go:208.53,209.17 1 0
github.com/alimtvnetwork/core/corecomparator/Compare.go:209.17,211.3 1 0
github.com/alimtvnetwork/core/corecomparator/Compare.go:213.2,217.9 3 0
github.com/alimtvnetwork/core/corecomparator/Compare.go:217.9,221.3 2 0
github.com/alimtvnetwork/core/corecomparator/Compare.go:223.2,223.100 1 0
github.com/alimtvnetwork/core/corecomparator/Compare.go:226.32,228.2 1 0
github.com/alimtvnetwork/core/corecomparator/Compare.go:232.8,233.27 1 0
github.com/alimtvnetwork/core/corecomparator/Compare.go:233.27,235.3 1 0
github.com/alimtvnetwork/core/corecomparator/Compare.go:237.2,237.30 1 0
github.com/alimtvnetwork/core/corecomparator/Compare.go:237.30,239.3 1 0
github.com/alimtvnetwork/core/corecomparator/Compare.go:241.2,241.33 1 0
github.com/alimtvnetwork/core/corecomparator/Compare.go:241.33,243.3 1 0
github.com/alimtvnetwork/core/corecomparator/Compare.go:245.2,245.51 1 0
github.com/alimtvnetwork/core/corecomparator/Compare.go:245.51,247.3 1 0
github.com/alimtvnetwork/core/corecomparator/Compare.go:249.2,249.48 1 0
github.com/alimtvnetwork/core/corecomparator/Compare.go:249.48,251.3 1 0
github.com/alimtvnetwork/core/corecomparator/Compare.go:253.2,253.14 1 0
github.com/alimtvnetwork/core/corecomparator/Compare.go:259.9,260.19 1 0
github.com/alimtvnetwork/core/corecomparator/Compare.go:260.19,262.3 1 0
github.com/alimtvnetwork/core/corecomparator/Compare.go:264.2,264.42 1 0
github.com/alimtvnetwork/core/corecomparator/Compare.go:264.42,266.3 1 0
github.com/alimtvnetwork/core/corecomparator/Compare.go:268.2,274.7 2 0
github.com/alimtvnetwork/core/corecomparator/Compare.go:279.9,280.42 1 0
github.com/alimtvnetwork/core/corecomparator/Compare.go:280.42,282.3 1 0
github.com/alimtvnetwork/core/corecomparator/Compare.go:284.2,289.7 2 0
github.com/alimtvnetwork/core/corecomparator/Compare.go:292.43,294.2 1 1
github.com/alimtvnetwork/core/corecomparator/Compare.go:296.46,298.2 1 1
github.com/alimtvnetwork/core/corecomparator/Compare.go:300.46,302.2 1 0
github.com/alimtvnetwork/core/corecomparator/Compare.go:304.41,306.2 1 1
github.com/alimtvnetwork/core/corecomparator/Compare.go:308.45,310.2 1 1
github.com/alimtvnetwork/core/corecomparator/Compare.go:312.40,314.2 1 0
github.com/alimtvnetwork/core/corecomparator/Compare.go:316.35,318.2 1 1
github.com/alimtvnetwork/core/corecomparator/Compare.go:320.54,321.29 1 0
github.com/alimtvnetwork/core/corecomparator/Compare.go:321.29,322.27 1 0
github.com/alimtvnetwork/core/corecomparator/Compare.go:322.27,324.4 1 0
github.com/alimtvnetwork/core/corecomparator/Compare.go:327.2,327.14 1 0
github.com/alimtvnetwork/core/corecomparator/Compare.go:330.36,332.2 1 0
github.com/alimtvnetwork/core/corecomparator/Compare.go:334.34,336.2 1 0
github.com/alimtvnetwork/core/corecomparator/Compare.go:338.36,340.2 1 0
github.com/alimtvnetwork/core/corecomparator/Compare.go:342.38,344.2 1 0
github.com/alimtvnetwork/core/corecomparator/Compare.go:346.38,348.2 1 0
github.com/alimtvnetwork/core/corecomparator/Compare.go:350.40,352.2 1 0
github.com/alimtvnetwork/core/corecomparator/Compare.go:354.59,355.63 1 0
github.com/alimtvnetwork/core/corecomparator/Max.go:3.20,5.2 1 0
github.com/alimtvnetwork/core/corecomparator/Min.go:3.20,5.2 1 0
github.com/alimtvnetwork/core/corecomparator/MinLength.go:3.43,4.18 1 0
github.com/alimtvnetwork/core/corecomparator/MinLength.go:4.18,6.3 1 0
github.com/alimtvnetwork/core/corecomparator/MinLength.go:8.2,8.14 1 0
github.com/alimtvnetwork/core/corecomparator/RangeNamesCsv.go:5.29,8.2 1 0
github.com/alimtvnetwork/core/corecomparator/Ranges.go:3.24,5.2 1 0
github.com/alimtvnetwork/core/coredata/coregeneric/Collection.go:17.46,19.2 1 0
github.com/alimtvnetwork/core/coredata/coregeneric/Collection.go:22.56,24.2 1 0
github.com/alimtvnetwork/core/coredata/coregeneric/Collection.go:27.54,29.2 1 0
github.com/alimtvnetwork/core/coredata/coregeneric/Collection.go:32.55,37.2 3 0
github.com/alimtvnetwork/core/coredata/coregeneric/Collection.go:40.67,42.2 1 0
github.com/alimtvnetwork/core/coredata/coregeneric/Collection.go:45.44,47.2 1 0
github.com/alimtvnetwork/core/coredata/coregeneric/Collection.go:50.42,52.2 1 0
github.com/alimtvnetwork/core/coredata/coregeneric/Collection.go:55.51,57.2 1 0
github.com/alimtvnetwork/core/coredata/coregeneric/Collection.go:60.38,62.2 1 0
github.com/alimtvnetwork/core/coredata/coregeneric/Collection.go:65.42,67.2 1 0
github.com/alimtvnetwork/core/coredata/coregeneric/Collection.go:70.38,72.2 1 0
github.com/alimtvnetwork/core/coredata/coregeneric/Collection.go:75.41,76.21 1 0
github.com/alimtvnetwork/core/coredata/coregeneric/Collection.go:76.21,78.3 1 0
github.com/alimtvnetwork/core/coredata/coregeneric/Collection.go:80.2,80.22 1 0
github.com/alimtvnetwork/core/coredata/coregeneric/Collection.go:84.39,85.34 1 0
github.com/alimtvnetwork/core/coredata/coregeneric/Collection.go:85.34,87.3 1 0
github.com/alimtvnetwork/core/coredata/coregeneric/Collection.go:89.2,89.22 1 0
github.com/alimtvnetwork/core/coredata/coregeneric/Collection.go:93.43,98.2 3 0
github.com/alimtvnetwork/core/coredata/coregeneric/Collection.go:101.41,103.2 1 0
github.com/alimtvnetwork/core/coredata/coregeneric/Collection.go:106.45,111.2 3 0
github.com/alimtvnetwork/core/coredata/coregeneric/Collection.go:114.42,116.2 1 0
github.com/alimtvnetwork/core/coredata/coregeneric/Collection.go:119.53,123.2 2 0
github.com/alimtvnetwork/core/coredata/coregeneric/Collection.go:126.57,133.2 4 0
github.com/alimtvnetwork/core/coredata/coregeneric/Collection.go:136.58,140.2 2 0
github.com/alimtvnetwork/core/coredata/coregeneric/Collection.go:143.62,150.2 4 0
github.com/alimtvnetwork/core/coredata/coregeneric/Collection.go:153.61,157.2 2 0
github.com/alimtvnetwork/core/coredata/coregeneric/Collection.go:160.67,163.12 2 0
github.com/alimtvnetwork/core/coredata/coregeneric/Collection.go:163.12,165.3 1 0
github.com/alimtvnetwork/core/coredata/coregeneric/Collection.go:167.2,169.11 2 0
github.com/alimtvnetwork/core/coredata/coregeneric/Collection.go:173.75,176.12 2 0
github.com/alimtvnetwork/core/coredata/coregeneric/Collection.go:176.12,178.3 1 0
github.com/alimtvnetwork/core/coredata/coregeneric/Collection.go:180.2,182.11 2 0
github.com/alimtvnetwork/core/coredata/coregeneric/Collection.go:186.61,190.2 2 0
github.com/alimtvnetwork/core/coredata/coregeneric/Collection.go:193.77,194.21 1 0
github.com/alimtvnetwork/core/coredata/coregeneric/Collection.go:194.21,196.3 1 0
github.com/alimtvnetwork/core/coredata/coregeneric/Collection.go:198.2,198.32 1 0
github.com/alimtvnetwork/core/coredata/coregeneric/Collection.go:202.87,203.34 1 0
github.com/alimtvnetwork/core/coredata/coregeneric/Collection.go:203.34,204.20 1 0
github.com/alimtvnetwork/core/coredata/coregeneric/Collection.go:204.20,205.12 1 0
github.com/alimtvnetwork/core/coredata/coregeneric/Collection.go:208.3,208.25 1 0
github.com/alimtvnetwork/core/coredata/coregeneric/Collection.go:211.2,211.11 1 0
github.com/alimtvnetwork/core/coredata/coregeneric/Collection.go:215.51,217.34 2 0
github.com/alimtvnetwork/core/coredata/coregeneric/Collection.go:217.34,219.3 1 0
github.com/alimtvnetwork/core/coredata/coregeneric/Collection.go:221.2,223.13 2 0
github.com/alimtvnetwork/core/coredata/coregeneric/Collection.go:227.36,229.2 1 0
github.com/alimtvnetwork/core/coredata/coregeneric/Collection.go:232.35,234.2 1 0
github.com/alimtvnetwork/core/coredata/coregeneric/Collection.go:237.45,238.18 1 0
github.com/alimtvnetwork/core/coredata/coregeneric/Collection.go:238.18,242.3 2 0
github.com/alimtvnetwork/core/coredata/coregeneric/Collection.go:244.2,244.19 1 0
github.com/alimtvnetwork/core/coredata/coregeneric/Collection.go:248.44,249.18 1 0
github.com/alimtvnetwork/core/coredata/coregeneric/Collection.go:249.18,253.3 2 0
github.com/alimtvnetwork/core/coredata/coregeneric/Collection.go:255.2,255.18 1 0
github.com/alimtvnetwork/core/coredata/coregeneric/Collection.go:259.46,260.41 1 0
github.com/alimtvnetwork/core/coredata/coregeneric/Collection.go:260.41,264.3 2 0
github.com/alimtvnetwork/core/coredata/coregeneric/Collection.go:266.2,266.24 1 0
github.com/alimtvnetwork/core/coredata/coregeneric/Collection.go:270.46,271.26 1 0
github.com/alimtvnetwork/core/coredata/coregeneric/Collection.go:271.26,273.3 1 0
github.com/alimtvnetwork/core/coredata/coregeneric/Collection.go:275.2,275.25 1 0
github.com/alimtvnetwork/core/coredata/coregeneric/Collection.go:279.46,280.26 1 0
github.com/alimtvnetwork/core/coredata/coregeneric/Collection.go:280.26,282.3 1 0
github.com/alimtvnetwork/core/coredata/coregeneric/Collection.go:284.2,284.25 1 0
github.com/alimtvnetwork/core/coredata/coregeneric/Collection.go:288.62,289.32 1 0
github.com/alimtvnetwork/core/coredata/coregeneric/Collection.go:289.32,291.3 1 0
github.com/alimtvnetwork/core/coredata/coregeneric/Collection.go:295.82,296.32 1 0
github.com/alimtvnetwork/core/coredata/coregeneric/Collection.go:296.32,297.18 1 0
github.com/alimtvnetwork/core/coredata/coregeneric/Collection.go:297.18,299.4 1 0
github.com/alimtvnetwork/core/coredata/coregeneric/Collection.go:304.72,307.32 2 0
github.com/alimtvnetwork/core/coredata/coregeneric/Collection.go:307.32,308.22 1 0
github.com/alimtvnetwork/core/coredata/coregeneric/Collection.go:308.22,310.4 1 0
github.com/alimtvnetwork/core/coredata/coregeneric/Collection.go:313.2,313.15 1 0
github.com/alimtvnetwork/core/coredata/coregeneric/Collection.go:317.64,320.32 2 0
github.com/alimtvnetwork/core/coredata/coregeneric/Collection.go:320.32,321.22 1 0
github.com/alimtvnetwork/core/coredata/coregeneric/Collection.go:321.22,323.4 1 0
github.com/alimtvnetwork/core/coredata/coregeneric/Collection.go:326.2,326.14 1 0
github.com/alimtvnetwork/core/coredata/coregeneric/Collection.go:330.49,331.18 1 0
github.com/alimtvnetwork/core/coredata/coregeneric/Collection.go:331.18,333.3 1 0
github.com/alimtvnetwork/core/coredata/coregeneric/Collection.go:335.2,335.37 1 0
github.com/alimtvnetwork/core/coredata/coregeneric/Collection.go:339.74,340.43 1 0
github.com/alimtvnetwork/core/coredata/coregeneric/Collection.go:340.43,342.3 1 0
github.com/alimtvnetwork/core/coredata/coregeneric/Collection.go:344.2,344.11 1 0
github.com/alimtvnetwork/core/coredata/coregeneric/Collection.go:348.51,349.55 1 0
github.com/alimtvnetwork/core/coredata/coregeneric/Collection.go:349.55,351.3 1 0
github.com/alimtvnetwork/core/coredata/coregeneric/Collection.go:353.2,353.11 1 0
github.com/alimtvnetwork/core/coredata/coregeneric/Collection.go:357.42,359.2 1 0
github.com/alimtvnetwork/core/coredata/coregeneric/Collection.go:362.73,369.2 5 0
github.com/alimtvnetwork/core/coredata/coregeneric/CollectionIter.go:9.50,10.39 1 0
github.com/alimtvnetwork/core/coredata/coregeneric/CollectionIter.go:10.39,11.33 1 0
github.com/alimtvnetwork/core/coredata/coregeneric/CollectionIter.go:11.33,12.23 1 0
github.com/alimtvnetwork/core/coredata/coregeneric/CollectionIter.go:12.23,14.5 1 0
github.com/alimtvnetwork/core/coredata/coregeneric/CollectionIter.go:22.47,23.34 1 0
github.com/alimtvnetwork/core/coredata/coregeneric/CollectionIter.go:23.34,24.33 1 0
github.com/alimtvnetwork/core/coredata/coregeneric/CollectionIter.go:24.33,25.20 1 0
github.com/alimtvnetwork/core/coredata/coregeneric/CollectionIter.go:25.20,27.5 1 0
github.com/alimtvnetwork/core/coredata/coregeneric/CollectionIter.go:35.55,36.39 1 0
github.com/alimtvnetwork/core/coredata/coregeneric/CollectionIter.go:36.39,37.43 1 0
github.com/alimtvnetwork/core/coredata/coregeneric/CollectionIter.go:37.43,38.30 1 0
github.com/alimtvnetwork/core/coredata/coregeneric/CollectionIter.go:38.30,40.5 1 0
github.com/alimtvnetwork/core/coredata/coregeneric/Hashmap.go:16.57,18.2 1 0
github.com/alimtvnetwork/core/coredata/coregeneric/Hashmap.go:21.67,25.2 1 0
github.com/alimtvnetwork/core/coredata/coregeneric/Hashmap.go:28.69,32.2 1 0
github.com/alimtvnetwork/core/coredata/coregeneric/Hashmap.go:35.70,38.26 2 0
github.com/alimtvnetwork/core/coredata/coregeneric/Hashmap.go:38.26,40.3 1 0
github.com/alimtvnetwork/core/coredata/coregeneric/Hashmap.go:42.2,42.11 1 0
github.com/alimtvnetwork/core/coredata/coregeneric/Hashmap.go:45.41,47.2 1 0
github.com/alimtvnetwork/core/coredata/coregeneric/Hashmap.go:50.42,52.2 1 0
github.com/alimtvnetwork/core/coredata/coregeneric/Hashmap.go:55.45,60.2 3 0
github.com/alimtvnetwork/core/coredata/coregeneric/Hashmap.go:63.39,64.34 1 0
github.com/alimtvnetwork/core/coredata/coregeneric/Hashmap.go:64.34,66.3 1 0
github.com/alimtvnetwork/core/coredata/coregeneric/Hashmap.go:68.2,68.22 1 0
github.com/alimtvnetwork/core/coredata/coregeneric/Hashmap.go:72.43,77.2 3 0
github.com/alimtvnetwork/core/coredata/coregeneric/Hashmap.go:80.64,85.2 3 0
github.com/alimtvnetwork/core/coredata/coregeneric/Hashmap.go:88.63,95.2 4 0
github.com/alimtvnetwork/core/coredata/coregeneric/Hashmap.go:98.47,102.2 2 0
github.com/alimtvnetwork/core/coredata/coregeneric/Hashmap.go:105.62,109.15 3 0
github.com/alimtvnetwork/core/coredata/coregeneric/Hashmap.go:109.15,111.3 1 0
github.com/alimtvnetwork/core/coredata/coregeneric/Hashmap.go:113.2,113.12 1 0
github.com/alimtvnetwork/core/coredata/coregeneric/Hashmap.go:117.51,124.2 4 0
github.com/alimtvnetwork/core/coredata/coregeneric/Hashmap.go:127.42,131.2 2 0
github.com/alimtvnetwork/core/coredata/coregeneric/Hashmap.go:134.47,136.2 1 0
github.com/alimtvnetwork/core/coredata/coregeneric/Hashmap.go:139.51,145.2 4 0
github.com/alimtvnetwork/core/coredata/coregeneric/Hashmap.go:148.51,150.2 1 0
github.com/alimtvnetwork/core/coredata/coregeneric/Hashmap.go:153.45,156.15 2 0
github.com/alimtvnetwork/core/coredata/coregeneric/Hashmap.go:156.15,158.3 1 0
github.com/alimtvnetwork/core/coredata/coregeneric/Hashmap.go:160.2,160.18 1 0
github.com/alimtvnetwork/core/coredata/coregeneric/Hashmap.go:164.49,169.2 3 0
github.com/alimtvnetwork/core/coredata/coregeneric/Hashmap.go:172.74,173.24 1 0
github.com/alimtvnetwork/core/coredata/coregeneric/Hashmap.go:173.24,175.3 1 0
github.com/alimtvnetwork/core/coredata/coregeneric/Hashmap.go:177.2,177.29 1 0
github.com/alimtvnetwork/core/coredata/coregeneric/Hashmap.go:177.29,179.3 1 0
github.com/alimtvnetwork/core/coredata/coregeneric/Hashmap.go:181.2,181.11 1 0
github.com/alimtvnetwork/core/coredata/coregeneric/Hashmap.go:185.82,186.37 1 0
github.com/alimtvnetwork/core/coredata/coregeneric/Hashmap.go:186.37,188.3 1 0
github.com/alimtvnetwork/core/coredata/coregeneric/Hashmap.go:190.2,190.32 1 0
github.com/alimtvnetwork/core/coredata/coregeneric/Hashmap.go:190.32,192.3 1 0
github.com/alimtvnetwork/core/coredata/coregeneric/Hashmap.go:194.2,194.11 1 0
github.com/alimtvnetwork/core/coredata/coregeneric/Hashmap.go:198.37,199.18 1 0
github.com/alimtvnetwork/core/coredata/coregeneric/Hashmap.go:199.18,201.3 1 0
github.com/alimtvnetwork/core/coredata/coregeneric/Hashmap.go:203.2,205.26 2 0
github.com/alimtvnetwork/core/coredata/coregeneric/Hashmap.go:205.26,207.3 1 0
github.com/alimtvnetwork/core/coredata/coregeneric/Hashmap.go:209.2,209.13 1 0
github.com/alimtvnetwork/core/coredata/coregeneric/Hashmap.go:213.39,214.18 1 0
github.com/alimtvnetwork/core/coredata/coregeneric/Hashmap.go:214.18,216.3 1 0
github.com/alimtvnetwork/core/coredata/coregeneric/Hashmap.go:218.2,220.29 2 0
github.com/alimtvnetwork/core/coredata/coregeneric/Hashmap.go:220.29,222.3 1 0
github.com/alimtvnetwork/core/coredata/coregeneric/Hashmap.go:224.2,224.15 1 0
github.com/alimtvnetwork/core/coredata/coregeneric/Hashmap.go:228.40,230.2 1 0
github.com/alimtvnetwork/core/coredata/coregeneric/Hashmap.go:233.57,234.29 1 0
github.com/alimtvnetwork/core/coredata/coregeneric/Hashmap.go:234.29,236.3 1 0
github.com/alimtvnetwork/core/coredata/coregeneric/Hashmap.go:240.77,241.29 1 0
github.com/alimtvnetwork/core/coredata/coregeneric/Hashmap.go:241.29,242.15 1 0
github.com/alimtvnetwork/core/coredata/coregeneric/Hashmap.go:242.15,244.4 1 0
github.com/alimtvnetwork/core/coredata/coregeneric/Hashmap.go:249.77,252.31 2 0
github.com/alimtvnetwork/core/coredata/coregeneric/Hashmap.go:252.31,253.19 1 0
github.com/alimtvnetwork/core/coredata/coregeneric/Hashmap.go:253.19,255.4 1 0
github.com/alimtvnetwork/core/coredata/coregeneric/Hashmap.go:258.2,261.31 3 0
github.com/alimtvnetwork/core/coredata/coregeneric/Hashmap.go:261.31,263.3 1 0
github.com/alimtvnetwork/core/coredata/coregeneric/Hashmap.go:265.2,265.15 1 0
github.com/alimtvnetwork/core/coredata/coregeneric/Hashmap.go:269.49,271.2 1 0
github.com/alimtvnetwork/core/coredata/coregeneric/Hashmap.go:274.62,275.31 1 0
github.com/alimtvnetwork/core/coredata/coregeneric/Hashmap.go:275.31,277.3 1 0
github.com/alimtvnetwork/core/coredata/coregeneric/Hashmap.go:279.2,279.31 1 0
github.com/alimtvnetwork/core/coredata/coregeneric/Hashmap.go:279.31,281.3 1 0
github.com/alimtvnetwork/core/coredata/coregeneric/Hashmap.go:283.2,283.17 1 0
github.com/alimtvnetwork/core/coredata/coregeneric/Hashmap.go:283.17,285.3 1 0
github.com/alimtvnetwork/core/coredata/coregeneric/Hashmap.go:287.2,287.35 1 0
github.com/alimtvnetwork/core/coredata/coregeneric/Hashmap.go:287.35,289.3 1 0
github.com/alimtvnetwork/core/coredata/coregeneric/Hashmap.go:291.2,291.26 1 0
github.com/alimtvnetwork/core/coredata/coregeneric/Hashmap.go:291.26,294.16 2 0
github.com/alimtvnetwork/core/coredata/coregeneric/Hashmap.go:294.16,296.4 1 0
github.com/alimtvnetwork/core/coredata/coregeneric/Hashmap.go:299.2,299.13 1 0
github.com/alimtvnetwork/core/coredata/coregeneric/Hashmap.go:303.42,305.2 1 0
github.com/alimtvnetwork/core/coredata/coregeneric/HashmapIter.go:8.48,9.37 1 0
github.com/alimtvnetwork/core/coredata/coregeneric/HashmapIter.go:9.37,10.30 1 0
github.com/alimtvnetwork/core/coredata/coregeneric/HashmapIter.go:10.30,11.20 1 0
github.com/alimtvnetwork/core/coredata/coregeneric/HashmapIter.go:11.20,13.5 1 0
github.com/alimtvnetwork/core/coredata/coregeneric/HashmapIter.go:21.49,22.34 1 0
github.com/alimtvnetwork/core/coredata/coregeneric/HashmapIter.go:22.34,23.27 1 0
github.com/alimtvnetwork/core/coredata/coregeneric/HashmapIter.go:23.27,24.17 1 0
github.com/alimtvnetwork/core/coredata/coregeneric/HashmapIter.go:24.17,26.5 1 0
github.com/alimtvnetwork/core/coredata/coregeneric/HashmapIter.go:34.51,35.34 1 0
github.com/alimtvnetwork/core/coredata/coregeneric/HashmapIter.go:35.34,36.30 1 0
github.com/alimtvnetwork/core/coredata/coregeneric/HashmapIter.go:36.30,37.17 1 0
github.com/alimtvnetwork/core/coredata/coregeneric/HashmapIter.go:37.17,39.5 1 0
github.com/alimtvnetwork/core/coredata/coregeneric/Hashset.go:16.47,18.2 1 0
github.com/alimtvnetwork/core/coredata/coregeneric/Hashset.go:21.57,25.2 1 0
github.com/alimtvnetwork/core/coredata/coregeneric/Hashset.go:28.55,31.29 2 0
github.com/alimtvnetwork/core/coredata/coregeneric/Hashset.go:31.29,33.3 1 0
github.com/alimtvnetwork/core/coredata/coregeneric/Hashset.go:35.2,35.11 1 0
github.com/alimtvnetwork/core/coredata/coregeneric/Hashset.go:39.68,43.2 1 0
github.com/alimtvnetwork/core/coredata/coregeneric/Hashset.go:46.38,48.2 1 0
github.com/alimtvnetwork/core/coredata/coregeneric/Hashset.go:51.39,53.2 1 0
github.com/alimtvnetwork/core/coredata/coregeneric/Hashset.go:56.42,61.2 3 0
github.com/alimtvnetwork/core/coredata/coregeneric/Hashset.go:64.36,65.34 1 0
github.com/alimtvnetwork/core/coredata/coregeneric/Hashset.go:65.34,67.3 1 0
github.com/alimtvnetwork/core/coredata/coregeneric/Hashset.go:69.2,69.22 1 0
github.com/alimtvnetwork/core/coredata/coregeneric/Hashset.go:73.40,78.2 3 0
github.com/alimtvnetwork/core/coredata/coregeneric/Hashset.go:81.46,85.2 2 0
github.com/alimtvnetwork/core/coredata/coregeneric/Hashset.go:88.53,92.11 3 0
github.com/alimtvnetwork/core/coredata/coregeneric/Hashset.go:92.11,94.3 1 0
github.com/alimtvnetwork/core/coredata/coregeneric/Hashset.go:96.2,96.12 1 0
github.com/alimtvnetwork/core/coredata/coregeneric/Hashset.go:100.50,106.2 4 0
github.com/alimtvnetwork/core/coredata/coregeneric/Hashset.go:109.51,110.27 1 0
github.com/alimtvnetwork/core/coredata/coregeneric/Hashset.go:110.27,112.3 1 0
github.com/alimtvnetwork/core/coredata/coregeneric/Hashset.go:114.2,114.11 1 0
github.com/alimtvnetwork/core/coredata/coregeneric/Hashset.go:118.54,119.27 1 0
github.com/alimtvnetwork/core/coredata/coregeneric/Hashset.go:119.27,121.3 1 0
github.com/alimtvnetwork/core/coredata/coregeneric/Hashset.go:123.2,123.11 1 0
github.com/alimtvnetwork/core/coredata/coregeneric/Hashset.go:127.58,130.27 2 0
github.com/alimtvnetwork/core/coredata/coregeneric/Hashset.go:130.27,132.3 1 0
github.com/alimtvnetwork/core/coredata/coregeneric/Hashset.go:134.2,136.11 2 0
github.com/alimtvnetwork/core/coredata/coregeneric/Hashset.go:140.60,143.12 2 0
github.com/alimtvnetwork/core/coredata/coregeneric/Hashset.go:143.12,145.3 1 0
github.com/alimtvnetwork/core/coredata/coregeneric/Hashset.go:147.2,147.20 1 0
github.com/alimtvnetwork/core/coredata/coregeneric/Hashset.go:151.68,154.12 2 0
github.com/alimtvnetwork/core/coredata/coregeneric/Hashset.go:154.12,156.3 1 0
github.com/alimtvnetwork/core/coredata/coregeneric/Hashset.go:158.2,158.25 1 0
github.com/alimtvnetwork/core/coredata/coregeneric/Hashset.go:162.70,163.37 1 0
github.com/alimtvnetwork/core/coredata/coregeneric/Hashset.go:163.37,165.3 1 0
github.com/alimtvnetwork/core/coredata/coregeneric/Hashset.go:167.2,167.29 1 0
github.com/alimtvnetwork/core/coredata/coregeneric/Hashset.go:167.29,169.3 1 0
github.com/alimtvnetwork/core/coredata/coregeneric/Hashset.go:171.2,171.11 1 0
github.com/alimtvnetwork/core/coredata/coregeneric/Hashset.go:175.68,176.29 1 0
github.com/alimtvnetwork/core/coredata/coregeneric/Hashset.go:176.29,177.8 1 0
github.com/alimtvnetwork/core/coredata/coregeneric/Hashset.go:177.8,179.4 1 0
github.com/alimtvnetwork/core/coredata/coregeneric/Hashset.go:182.2,182.11 1 0
github.com/alimtvnetwork/core/coredata/coregeneric/Hashset.go:186.39,190.2 2 0
github.com/alimtvnetwork/core/coredata/coregeneric/Hashset.go:193.44,195.2 1 0
github.com/alimtvnetwork/core/coredata/coregeneric/Hashset.go:198.48,204.2 4 0
github.com/alimtvnetwork/core/coredata/coregeneric/Hashset.go:207.46,208.27 1 0
github.com/alimtvnetwork/core/coredata/coregeneric/Hashset.go:208.27,211.16 2 0
github.com/alimtvnetwork/core/coredata/coregeneric/Hashset.go:211.16,213.4 1 0
github.com/alimtvnetwork/core/coredata/coregeneric/Hashset.go:216.2,216.13 1 0
github.com/alimtvnetwork/core/coredata/coregeneric/Hashset.go:220.46,221.27 1 0
github.com/alimtvnetwork/core/coredata/coregeneric/Hashset.go:221.27,222.18 1 0
github.com/alimtvnetwork/core/coredata/coregeneric/Hashset.go:222.18,224.4 1 0
github.com/alimtvnetwork/core/coredata/coregeneric/Hashset.go:227.2,227.14 1 0
github.com/alimtvnetwork/core/coredata/coregeneric/Hashset.go:231.42,234.13 2 0
github.com/alimtvnetwork/core/coredata/coregeneric/Hashset.go:234.13,236.3 1 0
github.com/alimtvnetwork/core/coredata/coregeneric/Hashset.go:238.2,238.16 1 0
github.com/alimtvnetwork/core/coredata/coregeneric/Hashset.go:242.46,247.2 3 0
github.com/alimtvnetwork/core/coredata/coregeneric/Hashset.go:250.34,251.18 1 0
github.com/alimtvnetwork/core/coredata/coregeneric/Hashset.go:251.18,253.3 1 0
github.com/alimtvnetwork/core/coredata/coregeneric/Hashset.go:255.2,257.26 2 0
github.com/alimtvnetwork/core/coredata/coregeneric/Hashset.go:257.26,259.3 1 0
github.com/alimtvnetwork/core/coredata/coregeneric/Hashset.go:261.2,261.13 1 0
github.com/alimtvnetwork/core/coredata/coregeneric/Hashset.go:265.38,269.2 2 0
github.com/alimtvnetwork/core/coredata/coregeneric/Hashset.go:272.40,274.2 1 0
github.com/alimtvnetwork/core/coredata/coregeneric/Hashset.go:277.56,278.28 1 0
github.com/alimtvnetwork/core/coredata/coregeneric/Hashset.go:278.28,280.3 1 0
github.com/alimtvnetwork/core/coredata/coregeneric/Hashset.go:282.2,284.26 2 0
github.com/alimtvnetwork/core/coredata/coregeneric/Hashset.go:284.26,286.3 1 0
github.com/alimtvnetwork/core/coredata/coregeneric/Hashset.go:288.2,290.11 2 0
github.com/alimtvnetwork/core/coredata/coregeneric/Hashset.go:294.51,296.2 1 0
github.com/alimtvnetwork/core/coredata/coregeneric/Hashset.go:299.56,300.31 1 0
github.com/alimtvnetwork/core/coredata/coregeneric/Hashset.go:300.31,302.3 1 0
github.com/alimtvnetwork/core/coredata/coregeneric/Hashset.go:304.2,304.31 1 0
github.com/alimtvnetwork/core/coredata/coregeneric/Hashset.go:304.31,306.3 1 0
github.com/alimtvnetwork/core/coredata/coregeneric/Hashset.go:308.2,308.17 1 0
github.com/alimtvnetwork/core/coredata/coregeneric/Hashset.go:308.17,310.3 1 0
github.com/alimtvnetwork/core/coredata/coregeneric/Hashset.go:312.2,312.35 1 0
github.com/alimtvnetwork/core/coredata/coregeneric/Hashset.go:312.35,314.3 1 0
github.com/alimtvnetwork/core/coredata/coregeneric/Hashset.go:316.2,316.26 1 0
github.com/alimtvnetwork/core/coredata/coregeneric/Hashset.go:316.26,319.16 2 0
github.com/alimtvnetwork/core/coredata/coregeneric/Hashset.go:319.16,321.4 1 0
github.com/alimtvnetwork/core/coredata/coregeneric/Hashset.go:324.2,324.13 1 0
github.com/alimtvnetwork/core/coredata/coregeneric/Hashset.go:328.39,330.2 1 0
github.com/alimtvnetwork/core/coredata/coregeneric/HashsetIter.go:9.48,10.40 1 0
github.com/alimtvnetwork/core/coredata/coregeneric/HashsetIter.go:10.40,11.33 1 0
github.com/alimtvnetwork/core/coredata/coregeneric/HashsetIter.go:11.33,12.23 1 0
github.com/alimtvnetwork/core/coredata/coregeneric/HashsetIter.go:12.23,14.5 1 0
github.com/alimtvnetwork/core/coredata/coregeneric/HashsetIter.go:22.44,23.34 1 0
github.com/alimtvnetwork/core/coredata/coregeneric/HashsetIter.go:23.34,24.30 1 0
github.com/alimtvnetwork/core/coredata/coregeneric/HashsetIter.go:24.30,25.20 1 0
github.com/alimtvnetwork/core/coredata/coregeneric/HashsetIter.go:25.20,27.5 1 0
github.com/alimtvnetwork/core/coredata/coregeneric/LinkedList.go:17.46,19.2 1 1
github.com/alimtvnetwork/core/coredata/coregeneric/LinkedList.go:22.54,25.29 2 0
github.com/alimtvnetwork/core/coredata/coregeneric/LinkedList.go:25.29,27.3 1 0
github.com/alimtvnetwork/core/coredata/coregeneric/LinkedList.go:29.2,29.11 1 0
github.com/alimtvnetwork/core/coredata/coregeneric/LinkedList.go:33.52,35.2 1 0
github.com/alimtvnetwork/core/coredata/coregeneric/LinkedList.go:38.52,40.2 1 0
github.com/alimtvnetwork/core/coredata/coregeneric/LinkedList.go:43.39,45.2 1 0
github.com/alimtvnetwork/core/coredata/coregeneric/LinkedList.go:48.43,53.2 3 0
github.com/alimtvnetwork/core/coredata/coregeneric/LinkedList.go:56.41,58.2 1 1
github.com/alimtvnetwork/core/coredata/coregeneric/LinkedList.go:61.45,66.2 3 0
github.com/alimtvnetwork/core/coredata/coregeneric/LinkedList.go:69.42,71.2 1 0
github.com/alimtvnetwork/core/coredata/coregeneric/LinkedList.go:74.53,80.18 2 1
github.com/alimtvnetwork/core/coredata/coregeneric/LinkedList.go:80.18,86.3 4 1
github.com/alimtvnetwork/core/coredata/coregeneric/LinkedList.go:88.2,92.11 4 0
github.com/alimtvnetwork/core/coredata/coregeneric/LinkedList.go:96.57,101.2 3 0
github.com/alimtvnetwork/core/coredata/coregeneric/LinkedList.go:104.58,105.29 1 0
github.com/alimtvnetwork/core/coredata/coregeneric/LinkedList.go:105.29,107.3 1 0
github.com/alimtvnetwork/core/coredata/coregeneric/LinkedList.go:109.2,109.11 1 0
github.com/alimtvnetwork/core/coredata/coregeneric/LinkedList.go:113.61,114.29 1 0
github.com/alimtvnetwork/core/coredata/coregeneric/LinkedList.go:114.29,116.3 1 0
github.com/alimtvnetwork/core/coredata/coregeneric/LinkedList.go:118.2,118.11 1 0
github.com/alimtvnetwork/core/coredata/coregeneric/LinkedList.go:122.67,125.12 2 0
github.com/alimtvnetwork/core/coredata/coregeneric/LinkedList.go:125.12,127.3 1 0
github.com/alimtvnetwork/core/coredata/coregeneric/LinkedList.go:129.2,129.21 1 0
github.com/alimtvnetwork/core/coredata/coregeneric/LinkedList.go:133.72,136.12 2 0
github.com/alimtvnetwork/core/coredata/coregeneric/LinkedList.go:136.12,138.3 1 0
github.com/alimtvnetwork/core/coredata/coregeneric/LinkedList.go:140.2,140.26 1 0
github.com/alimtvnetwork/core/coredata/coregeneric/LinkedList.go:144.61,146.2 1 0
github.com/alimtvnetwork/core/coredata/coregeneric/LinkedList.go:149.58,150.18 1 0
github.com/alimtvnetwork/core/coredata/coregeneric/LinkedList.go:150.18,152.3 1 0
github.com/alimtvnetwork/core/coredata/coregeneric/LinkedList.go:154.2,162.11 4 0
github.com/alimtvnetwork/core/coredata/coregeneric/LinkedList.go:166.58,168.2 1 0
github.com/alimtvnetwork/core/coredata/coregeneric/LinkedList.go:171.59,173.2 1 0
github.com/alimtvnetwork/core/coredata/coregeneric/LinkedList.go:176.54,178.2 1 0
github.com/alimtvnetwork/core/coredata/coregeneric/LinkedList.go:181.77,182.18 1 0
github.com/alimtvnetwork/core/coredata/coregeneric/LinkedList.go:182.18,188.3 4 0
github.com/alimtvnetwork/core/coredata/coregeneric/LinkedList.go:190.2,194.11 4 0
github.com/alimtvnetwork/core/coredata/coregeneric/LinkedList.go:198.89,201.18 2 0
github.com/alimtvnetwork/core/coredata/coregeneric/LinkedList.go:201.18,203.3 1 0
github.com/alimtvnetwork/core/coredata/coregeneric/LinkedList.go:203.8,205.3 1 0
github.com/alimtvnetwork/core/coredata/coregeneric/LinkedList.go:207.2,210.11 3 0
github.com/alimtvnetwork/core/coredata/coregeneric/LinkedList.go:214.36,216.2 1 0
github.com/alimtvnetwork/core/coredata/coregeneric/LinkedList.go:219.35,221.2 1 0
github.com/alimtvnetwork/core/coredata/coregeneric/LinkedList.go:224.45,225.18 1 0
github.com/alimtvnetwork/core/coredata/coregeneric/LinkedList.go:225.18,229.3 2 0
github.com/alimtvnetwork/core/coredata/coregeneric/LinkedList.go:231.2,231.24 1 0
github.com/alimtvnetwork/core/coredata/coregeneric/LinkedList.go:235.44,236.18 1 0
github.com/alimtvnetwork/core/coredata/coregeneric/LinkedList.go:236.18,240.3 2 0
github.com/alimtvnetwork/core/coredata/coregeneric/LinkedList.go:242.2,242.24 1 0
github.com/alimtvnetwork/core/coredata/coregeneric/LinkedList.go:246.38,247.18 1 0
github.com/alimtvnetwork/core/coredata/coregeneric/LinkedList.go:247.18,249.3 1 0
github.com/alimtvnetwork/core/coredata/coregeneric/LinkedList.go:251.2,255.21 4 0
github.com/alimtvnetwork/core/coredata/coregeneric/LinkedList.go:255.21,258.3 2 0
github.com/alimtvnetwork/core/coredata/coregeneric/LinkedList.go:260.2,260.14 1 0
github.com/alimtvnetwork/core/coredata/coregeneric/LinkedList.go:264.54,266.2 1 0
github.com/alimtvnetwork/core/coredata/coregeneric/LinkedList.go:269.62,270.18 1 0
github.com/alimtvnetwork/core/coredata/coregeneric/LinkedList.go:270.18,272.3 1 0
github.com/alimtvnetwork/core/coredata/coregeneric/LinkedList.go:274.2,278.21 4 0
github.com/alimtvnetwork/core/coredata/coregeneric/LinkedList.go:278.21,282.3 3 0
github.com/alimtvnetwork/core/coredata/coregeneric/LinkedList.go:286.82,287.18 1 0
github.com/alimtvnetwork/core/coredata/coregeneric/LinkedList.go:287.18,289.3 1 0
github.com/alimtvnetwork/core/coredata/coregeneric/LinkedList.go:291.2,292.25 2 0
github.com/alimtvnetwork/core/coredata/coregeneric/LinkedList.go:292.25,294.3 1 0
github.com/alimtvnetwork/core/coredata/coregeneric/LinkedList.go:296.2,297.21 2 0
github.com/alimtvnetwork/core/coredata/coregeneric/LinkedList.go:297.21,300.26 2 0
github.com/alimtvnetwork/core/coredata/coregeneric/LinkedList.go:300.26,302.4 1 0
github.com/alimtvnetwork/core/coredata/coregeneric/LinkedList.go:304.3,304.6 1 0
github.com/alimtvnetwork/core/coredata/coregeneric/LinkedList.go:309.64,310.53 1 1
github.com/alimtvnetwork/core/coredata/coregeneric/LinkedList.go:310.53,312.3 1 0
github.com/alimtvnetwork/core/coredata/coregeneric/LinkedList.go:314.2,316.29 2 1
github.com/alimtvnetwork/core/coredata/coregeneric/LinkedList.go:316.29,319.18 2 1
github.com/alimtvnetwork/core/coredata/coregeneric/LinkedList.go:319.18,321.4 1 1
github.com/alimtvnetwork/core/coredata/coregeneric/LinkedList.go:323.3,323.21 1 0
github.com/alimtvnetwork/core/coredata/coregeneric/LinkedList.go:326.2,326.13 1 0
github.com/alimtvnetwork/core/coredata/coregeneric/LinkedList.go:330.42,332.2 1 0
github.com/alimtvnetwork/core/coredata/coregeneric/LinkedListIter.go:8.50,9.39 1 0
github.com/alimtvnetwork/core/coredata/coregeneric/LinkedListIter.go:9.39,13.22 3 0
github.com/alimtvnetwork/core/coredata/coregeneric/LinkedListIter.go:13.22,14.34 1 0
github.com/alimtvnetwork/core/coredata/coregeneric/LinkedListIter.go:14.34,16.5 1 0
github.com/alimtvnetwork/core/coredata/coregeneric/LinkedListIter.go:18.4,19.7 2 0
github.com/alimtvnetwork/core/coredata/coregeneric/LinkedListIter.go:27.47,28.34 1 0
github.com/alimtvnetwork/core/coredata/coregeneric/LinkedListIter.go:28.34,31.22 2 0
github.com/alimtvnetwork/core/coredata/coregeneric/LinkedListIter.go:31.22,32.31 1 0
github.com/alimtvnetwork/core/coredata/coregeneric/LinkedListIter.go:32.31,34.5 1 0
github.com/alimtvnetwork/core/coredata/coregeneric/LinkedListIter.go:36.4,36.26 1 0
github.com/alimtvnetwork/core/coredata/coregeneric/LinkedListNode.go:13.45,15.2 1 1
github.com/alimtvnetwork/core/coredata/coregeneric/LinkedListNode.go:18.56,20.2 1 0
github.com/alimtvnetwork/core/coredata/coregeneric/LinkedListNode.go:23.87,27.21 3 0
github.com/alimtvnetwork/core/coredata/coregeneric/LinkedListNode.go:27.21,30.3 2 0
github.com/alimtvnetwork/core/coredata/coregeneric/LinkedListNode.go:32.2,32.21 1 0
github.com/alimtvnetwork/core/coredata/coregeneric/LinkedListNode.go:36.57,41.2 1 0
github.com/alimtvnetwork/core/coredata/coregeneric/LinkedListNode.go:44.45,50.21 4 0
github.com/alimtvnetwork/core/coredata/coregeneric/LinkedListNode.go:50.21,53.3 2 0
github.com/alimtvnetwork/core/coredata/coregeneric/LinkedListNode.go:55.2,55.14 1 0
github.com/alimtvnetwork/core/coredata/coregeneric/LinkedListNode.go:59.46,61.2 1 0
github.com/alimtvnetwork/core/coredata/coregeneric/Pair.go:21.57,27.2 1 0
github.com/alimtvnetwork/core/coredata/coregeneric/Pair.go:35.15,42.2 1 0
github.com/alimtvnetwork/core/coredata/coregeneric/Pair.go:45.60,50.2 1 0
github.com/alimtvnetwork/core/coredata/coregeneric/Pair.go:53.55,57.2 1 0
github.com/alimtvnetwork/core/coredata/coregeneric/Pair.go:60.41,62.2 1 0
github.com/alimtvnetwork/core/coredata/coregeneric/Pair.go:65.40,67.2 1 0
github.com/alimtvnetwork/core/coredata/coregeneric/Pair.go:70.39,72.2 1 0
github.com/alimtvnetwork/core/coredata/coregeneric/Pair.go:75.43,76.15 1 0
github.com/alimtvnetwork/core/coredata/coregeneric/Pair.go:76.15,78.3 1 0
github.com/alimtvnetwork/core/coredata/coregeneric/Pair.go:80.2,85.3 1 0
github.com/alimtvnetwork/core/coredata/coregeneric/Pair.go:90.57,91.33 1 0
github.com/alimtvnetwork/core/coredata/coregeneric/Pair.go:91.33,93.3 1 0
github.com/alimtvnetwork/core/coredata/coregeneric/Pair.go:95.2,95.33 1 0
github.com/alimtvnetwork/core/coredata/coregeneric/Pair.go:95.33,97.3 1 0
github.com/alimtvnetwork/core/coredata/coregeneric/Pair.go:99.2,101.66 1 0
github.com/alimtvnetwork/core/coredata/coregeneric/Pair.go:105.39,106.15 1 0
github.com/alimtvnetwork/core/coredata/coregeneric/Pair.go:106.15,108.3 1 0
github.com/alimtvnetwork/core/coredata/coregeneric/Pair.go:110.2,110.89 1 0
github.com/alimtvnetwork/core/coredata/coregeneric/Pair.go:114.31,115.15 1 0
github.com/alimtvnetwork/core/coredata/coregeneric/Pair.go:115.15,117.3 1 0
github.com/alimtvnetwork/core/coredata/coregeneric/Pair.go:119.2,125.17 6 0
github.com/alimtvnetwork/core/coredata/coregeneric/Pair.go:129.33,131.2 1 0
github.com/alimtvnetwork/core/coredata/coregeneric/PairFrom.go:15.50,17.2 1 0
github.com/alimtvnetwork/core/coredata/coregeneric/PairFrom.go:20.55,22.2 1 0
github.com/alimtvnetwork/core/coredata/coregeneric/PairFrom.go:41.61,45.2 2 0
github.com/alimtvnetwork/core/coredata/coregeneric/PairFrom.go:48.68,51.23 2 0
github.com/alimtvnetwork/core/coredata/coregeneric/PairFrom.go:51.23,53.3 1 0
github.com/alimtvnetwork/core/coredata/coregeneric/PairFrom.go:55.2,55.29 1 0
github.com/alimtvnetwork/core/coredata/coregeneric/PairFrom.go:66.65,68.13 2 0
github.com/alimtvnetwork/core/coredata/coregeneric/PairFrom.go:68.13,70.3 1 0
github.com/alimtvnetwork/core/coredata/coregeneric/PairFrom.go:72.2,72.51 1 0
github.com/alimtvnetwork/core/coredata/coregeneric/PairFrom.go:76.72,78.13 2 0
github.com/alimtvnetwork/core/coredata/coregeneric/PairFrom.go:78.13,82.3 1 0
github.com/alimtvnetwork/core/coredata/coregeneric/PairFrom.go:84.2,87.3 1 0
github.com/alimtvnetwork/core/coredata/coregeneric/PairFrom.go:95.58,97.2 1 0
github.com/alimtvnetwork/core/coredata/coregeneric/PairFrom.go:99.58,102.9 2 0
github.com/alimtvnetwork/core/coredata/coregeneric/PairFrom.go:103.19,104.52 1 0
github.com/alimtvnetwork/core/coredata/coregeneric/PairFrom.go:105.19,106.72 1 0
github.com/alimtvnetwork/core/coredata/coregeneric/PairFrom.go:107.10,108.44 1 0
github.com/alimtvnetwork/core/coredata/coregeneric/PairFrom.go:125.49,130.2 3 0
github.com/alimtvnetwork/core/coredata/coregeneric/PairFrom.go:138.76,143.2 3 0
github.com/alimtvnetwork/core/coredata/coregeneric/PointerSliceSorter.go:25.81,28.31 1 0
github.com/alimtvnetwork/core/coredata/coregeneric/PointerSliceSorter.go:28.31,30.4 1 0
github.com/alimtvnetwork/core/coredata/coregeneric/PointerSliceSorter.go:37.82,40.31 1 0
github.com/alimtvnetwork/core/coredata/coregeneric/PointerSliceSorter.go:40.31,42.4 1 0
github.com/alimtvnetwork/core/coredata/coregeneric/PointerSliceSorter.go:49.119,55.2 1 0
github.com/alimtvnetwork/core/coredata/coregeneric/PointerSliceSorter.go:58.90,62.2 2 0
github.com/alimtvnetwork/core/coredata/coregeneric/PointerSliceSorter.go:65.83,69.2 2 0
github.com/alimtvnetwork/core/coredata/coregeneric/PointerSliceSorter.go:72.65,73.33 1 0
github.com/alimtvnetwork/core/coredata/coregeneric/PointerSliceSorter.go:73.33,75.3 1 0
github.com/alimtvnetwork/core/coredata/coregeneric/PointerSliceSorter.go:77.2,77.10 1 0
github.com/alimtvnetwork/core/coredata/coregeneric/PointerSliceSorter.go:81.66,82.33 1 0
github.com/alimtvnetwork/core/coredata/coregeneric/PointerSliceSorter.go:82.33,84.3 1 0
github.com/alimtvnetwork/core/coredata/coregeneric/PointerSliceSorter.go:86.2,86.10 1 0
github.com/alimtvnetwork/core/coredata/coregeneric/PointerSliceSorter.go:90.77,94.2 2 0
github.com/alimtvnetwork/core/coredata/coregeneric/PointerSliceSorter.go:97.46,99.2 1 0
github.com/alimtvnetwork/core/coredata/coregeneric/PointerSliceSorter.go:102.63,106.2 2 0
github.com/alimtvnetwork/core/coredata/coregeneric/PointerSliceSorter.go:109.49,111.2 1 0
github.com/alimtvnetwork/core/coredata/coregeneric/PointerSliceSorter.go:116.43,117.20 1 0
github.com/alimtvnetwork/core/coredata/coregeneric/PointerSliceSorter.go:117.20,119.3 1 0
github.com/alimtvnetwork/core/coredata/coregeneric/PointerSliceSorter.go:121.2,121.21 1 0
github.com/alimtvnetwork/core/coredata/coregeneric/PointerSliceSorter.go:125.53,128.28 2 0
github.com/alimtvnetwork/core/coredata/coregeneric/PointerSliceSorter.go:128.28,130.3 1 0
github.com/alimtvnetwork/core/coredata/coregeneric/PointerSliceSorter.go:132.2,132.15 1 0
github.com/alimtvnetwork/core/coredata/coregeneric/PointerSliceSorter.go:132.15,134.3 1 0
github.com/alimtvnetwork/core/coredata/coregeneric/PointerSliceSorter.go:136.2,136.15 1 0
github.com/alimtvnetwork/core/coredata/coregeneric/PointerSliceSorter.go:136.15,138.3 1 0
github.com/alimtvnetwork/core/coredata/coregeneric/PointerSliceSorter.go:140.2,140.29 1 0
github.com/alimtvnetwork/core/coredata/coregeneric/PointerSliceSorter.go:144.48,146.2 1 0
github.com/alimtvnetwork/core/coredata/coregeneric/SimpleSlice.go:12.48,16.2 2 0
github.com/alimtvnetwork/core/coredata/coregeneric/SimpleSlice.go:19.58,23.2 2 0
github.com/alimtvnetwork/core/coredata/coregeneric/SimpleSlice.go:26.56,30.2 2 0
github.com/alimtvnetwork/core/coredata/coregeneric/SimpleSlice.go:33.57,37.2 2 0
github.com/alimtvnetwork/core/coredata/coregeneric/SimpleSlice.go:40.55,44.2 2 0
github.com/alimtvnetwork/core/coredata/coregeneric/SimpleSlice.go:47.69,50.12 2 0
github.com/alimtvnetwork/core/coredata/coregeneric/SimpleSlice.go:50.12,52.3 1 0
github.com/alimtvnetwork/core/coredata/coregeneric/SimpleSlice.go:54.2,56.11 2 0
github.com/alimtvnetwork/core/coredata/coregeneric/SimpleSlice.go:60.60,61.21 1 0
github.com/alimtvnetwork/core/coredata/coregeneric/SimpleSlice.go:61.21,63.3 1 0
github.com/alimtvnetwork/core/coredata/coregeneric/SimpleSlice.go:65.2,67.11 2 0
github.com/alimtvnetwork/core/coredata/coregeneric/SimpleSlice.go:71.63,72.21 1 0
github.com/alimtvnetwork/core/coredata/coregeneric/SimpleSlice.go:72.21,74.3 1 0
github.com/alimtvnetwork/core/coredata/coregeneric/SimpleSlice.go:76.2,78.11 2 0
github.com/alimtvnetwork/core/coredata/coregeneric/SimpleSlice.go:82.74,85.12 2 0
github.com/alimtvnetwork/core/coredata/coregeneric/SimpleSlice.go:85.12,87.3 1 0
github.com/alimtvnetwork/core/coredata/coregeneric/SimpleSlice.go:89.2,89.26 1 0
github.com/alimtvnetwork/core/coredata/coregeneric/SimpleSlice.go:93.63,97.2 2 0
github.com/alimtvnetwork/core/coredata/coregeneric/SimpleSlice.go:100.37,102.2 1 0
github.com/alimtvnetwork/core/coredata/coregeneric/SimpleSlice.go:105.36,107.2 1 0
github.com/alimtvnetwork/core/coredata/coregeneric/SimpleSlice.go:110.46,111.18 1 0
github.com/alimtvnetwork/core/coredata/coregeneric/SimpleSlice.go:111.18,115.3 2 0
github.com/alimtvnetwork/core/coredata/coregeneric/SimpleSlice.go:117.2,117.19 1 0
github.com/alimtvnetwork/core/coredata/coregeneric/SimpleSlice.go:121.45,122.18 1 0
github.com/alimtvnetwork/core/coredata/coregeneric/SimpleSlice.go:122.18,126.3 2 0
github.com/alimtvnetwork/core/coredata/coregeneric/SimpleSlice.go:128.2,128.18 1 0
github.com/alimtvnetwork/core/coredata/coregeneric/SimpleSlice.go:132.47,133.26 1 0
github.com/alimtvnetwork/core/coredata/coregeneric/SimpleSlice.go:133.26,135.3 1 0
github.com/alimtvnetwork/core/coredata/coregeneric/SimpleSlice.go:137.2,137.22 1 0
github.com/alimtvnetwork/core/coredata/coregeneric/SimpleSlice.go:141.47,142.26 1 0
github.com/alimtvnetwork/core/coredata/coregeneric/SimpleSlice.go:142.26,144.3 1 0
github.com/alimtvnetwork/core/coredata/coregeneric/SimpleSlice.go:146.2,146.22 1 0
github.com/alimtvnetwork/core/coredata/coregeneric/SimpleSlice.go:150.40,151.15 1 0
github.com/alimtvnetwork/core/coredata/coregeneric/SimpleSlice.go:151.15,153.3 1 0
github.com/alimtvnetwork/core/coredata/coregeneric/SimpleSlice.go:155.2,155.17 1 0
github.com/alimtvnetwork/core/coredata/coregeneric/SimpleSlice.go:159.39,161.2 1 0
github.com/alimtvnetwork/core/coredata/coregeneric/SimpleSlice.go:164.42,166.2 1 0
github.com/alimtvnetwork/core/coredata/coregeneric/SimpleSlice.go:169.45,171.2 1 0
github.com/alimtvnetwork/core/coredata/coregeneric/SimpleSlice.go:174.43,176.2 1 0
github.com/alimtvnetwork/core/coredata/coregeneric/SimpleSlice.go:179.43,181.2 1 0
github.com/alimtvnetwork/core/coredata/coregeneric/SimpleSlice.go:184.52,186.2 1 0
github.com/alimtvnetwork/core/coredata/coregeneric/SimpleSlice.go:189.39,191.2 1 0
github.com/alimtvnetwork/core/coredata/coregeneric/SimpleSlice.go:194.71,195.38 1 0
github.com/alimtvnetwork/core/coredata/coregeneric/SimpleSlice.go:195.38,197.3 1 0
github.com/alimtvnetwork/core/coredata/coregeneric/SimpleSlice.go:199.2,204.11 5 0
github.com/alimtvnetwork/core/coredata/coregeneric/SimpleSlice.go:208.63,209.27 1 0
github.com/alimtvnetwork/core/coredata/coregeneric/SimpleSlice.go:209.27,211.3 1 0
github.com/alimtvnetwork/core/coredata/coregeneric/SimpleSlice.go:215.74,218.27 2 0
github.com/alimtvnetwork/core/coredata/coregeneric/SimpleSlice.go:218.27,219.22 1 0
github.com/alimtvnetwork/core/coredata/coregeneric/SimpleSlice.go:219.22,221.4 1 0
github.com/alimtvnetwork/core/coredata/coregeneric/SimpleSlice.go:224.2,224.15 1 0
github.com/alimtvnetwork/core/coredata/coregeneric/SimpleSlice.go:228.81,231.27 2 0
github.com/alimtvnetwork/core/coredata/coregeneric/SimpleSlice.go:231.27,232.25 1 0
github.com/alimtvnetwork/core/coredata/coregeneric/SimpleSlice.go:232.25,234.4 1 0
github.com/alimtvnetwork/core/coredata/coregeneric/SimpleSlice.go:237.2,237.14 1 0
github.com/alimtvnetwork/core/coredata/coregeneric/SimpleSlice.go:241.51,242.18 1 0
github.com/alimtvnetwork/core/coredata/coregeneric/SimpleSlice.go:242.18,244.3 1 0
github.com/alimtvnetwork/core/coredata/coregeneric/SimpleSlice.go:246.2,246.33 1 0
github.com/alimtvnetwork/core/coredata/coregeneric/SimpleSlice.go:250.43,252.2 1 0
github.com/alimtvnetwork/core/coredata/coregeneric/SimpleSliceIter.go:8.51,9.39 1 0
github.com/alimtvnetwork/core/coredata/coregeneric/SimpleSliceIter.go:9.39,10.28 1 0
github.com/alimtvnetwork/core/coredata/coregeneric/SimpleSliceIter.go:10.28,11.23 1 0
github.com/alimtvnetwork/core/coredata/coregeneric/SimpleSliceIter.go:11.23,13.5 1 0
github.com/alimtvnetwork/core/coredata/coregeneric/SimpleSliceIter.go:21.48,22.34 1 0
github.com/alimtvnetwork/core/coredata/coregeneric/SimpleSliceIter.go:22.34,23.28 1 0
github.com/alimtvnetwork/core/coredata/coregeneric/SimpleSliceIter.go:23.28,24.20 1 0
github.com/alimtvnetwork/core/coredata/coregeneric/SimpleSliceIter.go:24.20,26.5 1 0
github.com/alimtvnetwork/core/coredata/coregeneric/Triple.go:23.81,30.2 1 0
github.com/alimtvnetwork/core/coredata/coregeneric/Triple.go:39.20,47.2 1 0
github.com/alimtvnetwork/core/coredata/coregeneric/Triple.go:50.74,55.2 1 0
github.com/alimtvnetwork/core/coredata/coregeneric/Triple.go:58.69,62.2 1 0
github.com/alimtvnetwork/core/coredata/coregeneric/Triple.go:65.46,67.2 1 0
github.com/alimtvnetwork/core/coredata/coregeneric/Triple.go:70.45,72.2 1 0
github.com/alimtvnetwork/core/coredata/coregeneric/Triple.go:75.47,77.2 1 0
github.com/alimtvnetwork/core/coredata/coregeneric/Triple.go:80.53,81.15 1 0
github.com/alimtvnetwork/core/coredata/coregeneric/Triple.go:81.15,83.3 1 0
github.com/alimtvnetwork/core/coredata/coregeneric/Triple.go:85.2,91.3 1 0
github.com/alimtvnetwork/core/coredata/coregeneric/Triple.go:95.67,96.33 1 0
github.com/alimtvnetwork/core/coredata/coregeneric/Triple.go:96.33,98.3 1 0
github.com/alimtvnetwork/core/coredata/coregeneric/Triple.go:100.2,100.33 1 0
github.com/alimtvnetwork/core/coredata/coregeneric/Triple.go:100.33,102.3 1 0
github.com/alimtvnetwork/core/coredata/coregeneric/Triple.go:104.2,107.66 1 0
github.com/alimtvnetwork/core/coredata/coregeneric/Triple.go:111.44,112.15 1 0
github.com/alimtvnetwork/core/coredata/coregeneric/Triple.go:112.15,114.3 1 0
github.com/alimtvnetwork/core/coredata/coregeneric/Triple.go:116.2,119.3 1 0
github.com/alimtvnetwork/core/coredata/coregeneric/Triple.go:123.36,124.15 1 0
github.com/alimtvnetwork/core/coredata/coregeneric/Triple.go:124.15,126.3 1 0
github.com/alimtvnetwork/core/coredata/coregeneric/Triple.go:128.2,136.17 8 0
github.com/alimtvnetwork/core/coredata/coregeneric/Triple.go:140.38,142.2 1 0
github.com/alimtvnetwork/core/coredata/coregeneric/TripleFrom.go:15.65,17.2 1 0
github.com/alimtvnetwork/core/coredata/coregeneric/TripleFrom.go:20.62,22.2 1 0
github.com/alimtvnetwork/core/coredata/coregeneric/TripleFrom.go:43.73,47.2 2 0
github.com/alimtvnetwork/core/coredata/coregeneric/TripleFrom.go:50.80,53.23 2 0
github.com/alimtvnetwork/core/coredata/coregeneric/TripleFrom.go:53.23,55.3 1 0
github.com/alimtvnetwork/core/coredata/coregeneric/TripleFrom.go:57.2,57.31 1 0
github.com/alimtvnetwork/core/coredata/coregeneric/TripleFrom.go:69.74,73.2 2 0
github.com/alimtvnetwork/core/coredata/coregeneric/TripleFrom.go:76.81,79.23 2 0
github.com/alimtvnetwork/core/coredata/coregeneric/TripleFrom.go:79.23,81.3 1 0
github.com/alimtvnetwork/core/coredata/coregeneric/TripleFrom.go:83.2,83.31 1 0
github.com/alimtvnetwork/core/coredata/coregeneric/TripleFrom.go:87.70,89.2 1 0
github.com/alimtvnetwork/core/coredata/coregeneric/TripleFrom.go:91.70,94.9 2 0
github.com/alimtvnetwork/core/coredata/coregeneric/TripleFrom.go:95.19,96.62 1 0
github.com/alimtvnetwork/core/coredata/coregeneric/TripleFrom.go:97.19,98.78 1 0
github.com/alimtvnetwork/core/coredata/coregeneric/TripleFrom.go:99.19,100.85 1 0
github.com/alimtvnetwork/core/coredata/coregeneric/TripleFrom.go:101.10,102.56 1 0
github.com/alimtvnetwork/core/coredata/coregeneric/TripleFrom.go:119.56,124.2 3 0
github.com/alimtvnetwork/core/coredata/coregeneric/TripleFrom.go:132.96,138.2 4 0
github.com/alimtvnetwork/core/coredata/coregeneric/comparablefuncs.go:14.8,15.19 1 0
github.com/alimtvnetwork/core/coredata/coregeneric/comparablefuncs.go:15.19,17.3 1 0
github.com/alimtvnetwork/core/coredata/coregeneric/comparablefuncs.go:19.2,19.29 1 0
github.com/alimtvnetwork/core/coredata/coregeneric/comparablefuncs.go:19.29,22.16 2 0
github.com/alimtvnetwork/core/coredata/coregeneric/comparablefuncs.go:22.16,24.4 1 0
github.com/alimtvnetwork/core/coredata/coregeneric/comparablefuncs.go:27.2,27.13 1 0
github.com/alimtvnetwork/core/coredata/coregeneric/comparablefuncs.go:34.8,35.19 1 0
github.com/alimtvnetwork/core/coredata/coregeneric/comparablefuncs.go:35.19,37.3 1 0
github.com/alimtvnetwork/core/coredata/coregeneric/comparablefuncs.go:39.2,39.29 1 0
github.com/alimtvnetwork/core/coredata/coregeneric/comparablefuncs.go:39.29,40.33 1 0
github.com/alimtvnetwork/core/coredata/coregeneric/comparablefuncs.go:40.33,42.4 1 0
github.com/alimtvnetwork/core/coredata/coregeneric/comparablefuncs.go:45.2,45.14 1 0
github.com/alimtvnetwork/core/coredata/coregeneric/comparablefuncs.go:52.8,53.19 1 0
github.com/alimtvnetwork/core/coredata/coregeneric/comparablefuncs.go:53.19,55.3 1 0
github.com/alimtvnetwork/core/coredata/coregeneric/comparablefuncs.go:57.2,58.15 2 0
github.com/alimtvnetwork/core/coredata/coregeneric/comparablefuncs.go:58.15,60.3 1 0
github.com/alimtvnetwork/core/coredata/coregeneric/comparablefuncs.go:62.2,62.31 1 0
github.com/alimtvnetwork/core/coredata/coregeneric/comparablefuncs.go:69.7,70.19 1 0
github.com/alimtvnetwork/core/coredata/coregeneric/comparablefuncs.go:70.19,72.3 1 0
github.com/alimtvnetwork/core/coredata/coregeneric/comparablefuncs.go:74.2,77.40 3 0
github.com/alimtvnetwork/core/coredata/coregeneric/comparablefuncs.go:77.40,78.23 1 0
github.com/alimtvnetwork/core/coredata/coregeneric/comparablefuncs.go:78.23,80.4 1 0
github.com/alimtvnetwork/core/coredata/coregeneric/comparablefuncs.go:80.9,82.4 1 0
github.com/alimtvnetwork/core/coredata/coregeneric/comparablefuncs.go:85.2,87.16 2 0
github.com/alimtvnetwork/core/coredata/coregeneric/comparablefuncs.go:94.15,95.19 1 0
github.com/alimtvnetwork/core/coredata/coregeneric/comparablefuncs.go:95.19,97.3 1 0
github.com/alimtvnetwork/core/coredata/coregeneric/comparablefuncs.go:99.2,99.37 1 0
github.com/alimtvnetwork/core/coredata/coregeneric/comparablefuncs.go:105.19,106.19 1 0
github.com/alimtvnetwork/core/coredata/coregeneric/comparablefuncs.go:106.19,108.3 1 0
github.com/alimtvnetwork/core/coredata/coregeneric/comparablefuncs.go:110.2,113.31 3 0
github.com/alimtvnetwork/core/coredata/coregeneric/comparablefuncs.go:113.31,114.18 1 0
github.com/alimtvnetwork/core/coredata/coregeneric/comparablefuncs.go:114.18,117.4 2 0
github.com/alimtvnetwork/core/coredata/coregeneric/comparablefuncs.go:120.2,120.15 1 0
github.com/alimtvnetwork/core/coredata/coregeneric/comparablefuncs.go:127.8,128.19 1 0
github.com/alimtvnetwork/core/coredata/coregeneric/comparablefuncs.go:128.19,130.3 1 0
github.com/alimtvnetwork/core/coredata/coregeneric/comparablefuncs.go:132.2,132.35 1 0
github.com/alimtvnetwork/core/coredata/coregeneric/comparablefuncs.go:132.35,133.23 1 0
github.com/alimtvnetwork/core/coredata/coregeneric/comparablefuncs.go:133.23,135.4 1 0
github.com/alimtvnetwork/core/coredata/coregeneric/comparablefuncs.go:138.2,138.14 1 0
github.com/alimtvnetwork/core/coredata/coregeneric/funcs.go:9.18,10.39 1 0
github.com/alimtvnetwork/core/coredata/coregeneric/funcs.go:10.39,12.3 1 0
github.com/alimtvnetwork/core/coredata/coregeneric/funcs.go:14.2,16.36 2 0
github.com/alimtvnetwork/core/coredata/coregeneric/funcs.go:16.36,18.3 1 0
github.com/alimtvnetwork/core/coredata/coregeneric/funcs.go:20.2,20.15 1 0
github.com/alimtvnetwork/core/coredata/coregeneric/funcs.go:27.18,28.39 1 0
github.com/alimtvnetwork/core/coredata/coregeneric/funcs.go:28.39,30.3 1 0
github.com/alimtvnetwork/core/coredata/coregeneric/funcs.go:32.2,34.36 2 0
github.com/alimtvnetwork/core/coredata/coregeneric/funcs.go:34.36,37.3 2 0
github.com/alimtvnetwork/core/coredata/coregeneric/funcs.go:39.2,39.15 1 0
github.com/alimtvnetwork/core/coredata/coregeneric/funcs.go:47.5,48.19 1 0
github.com/alimtvnetwork/core/coredata/coregeneric/funcs.go:48.19,50.3 1 0
github.com/alimtvnetwork/core/coredata/coregeneric/funcs.go:52.2,54.36 2 0
github.com/alimtvnetwork/core/coredata/coregeneric/funcs.go:54.36,56.3 1 0
github.com/alimtvnetwork/core/coredata/coregeneric/funcs.go:58.2,58.15 1 0
github.com/alimtvnetwork/core/coredata/coregeneric/funcs.go:65.24,68.19 2 0
github.com/alimtvnetwork/core/coredata/coregeneric/funcs.go:68.19,70.3 1 0
github.com/alimtvnetwork/core/coredata/coregeneric/funcs.go:72.2,72.36 1 0
github.com/alimtvnetwork/core/coredata/coregeneric/funcs.go:72.36,78.17 4 0
github.com/alimtvnetwork/core/coredata/coregeneric/funcs.go:78.17,81.4 2 0
github.com/alimtvnetwork/core/coredata/coregeneric/funcs.go:83.3,83.16 1 0
github.com/alimtvnetwork/core/coredata/coregeneric/funcs.go:86.2,86.15 1 0
github.com/alimtvnetwork/core/coredata/coregeneric/funcs.go:94.8,95.19 1 0
github.com/alimtvnetwork/core/coredata/coregeneric/funcs.go:95.19,97.3 1 0
github.com/alimtvnetwork/core/coredata/coregeneric/funcs.go:99.2,99.36 1 0
github.com/alimtvnetwork/core/coredata/coregeneric/funcs.go:99.36,100.22 1 0
github.com/alimtvnetwork/core/coredata/coregeneric/funcs.go:100.22,102.4 1 0
github.com/alimtvnetwork/core/coredata/coregeneric/funcs.go:105.2,105.14 1 0
github.com/alimtvnetwork/core/coredata/coregeneric/funcs.go:112.7,113.19 1 0
github.com/alimtvnetwork/core/coredata/coregeneric/funcs.go:113.19,115.3 1 0
github.com/alimtvnetwork/core/coredata/coregeneric/funcs.go:117.2,117.36 1 0
github.com/alimtvnetwork/core/coredata/coregeneric/funcs.go:117.36,118.22 1 0
github.com/alimtvnetwork/core/coredata/coregeneric/funcs.go:118.22,120.4 1 0
github.com/alimtvnetwork/core/coredata/coregeneric/funcs.go:123.2,123.11 1 0
github.com/alimtvnetwork/core/coredata/coregeneric/funcs.go:130.8,131.19 1 0
github.com/alimtvnetwork/core/coredata/coregeneric/funcs.go:131.19,133.3 1 0
github.com/alimtvnetwork/core/coredata/coregeneric/funcs.go:135.2,135.40 1 0
github.com/alimtvnetwork/core/coredata/coregeneric/funcs.go:135.40,136.23 1 0
github.com/alimtvnetwork/core/coredata/coregeneric/funcs.go:136.23,138.4 1 0
github.com/alimtvnetwork/core/coredata/coregeneric/funcs.go:141.2,141.14 1 0
github.com/alimtvnetwork/core/coredata/coregeneric/funcs.go:148.7,149.19 1 0
github.com/alimtvnetwork/core/coredata/coregeneric/funcs.go:149.19,151.3 1 0
github.com/alimtvnetwork/core/coredata/coregeneric/funcs.go:153.2,153.40 1 0
github.com/alimtvnetwork/core/coredata/coregeneric/funcs.go:153.40,154.23 1 0
github.com/alimtvnetwork/core/coredata/coregeneric/funcs.go:154.23,156.4 1 0
github.com/alimtvnetwork/core/coredata/coregeneric/funcs.go:159.2,159.11 1 0
github.com/alimtvnetwork/core/coredata/coregeneric/funcs.go:166.18,167.19 1 0
github.com/alimtvnetwork/core/coredata/coregeneric/funcs.go:167.19,169.3 1 0
github.com/alimtvnetwork/core/coredata/coregeneric/funcs.go:171.2,174.36 3 0
github.com/alimtvnetwork/core/coredata/coregeneric/funcs.go:174.36,175.18 1 0
github.com/alimtvnetwork/core/coredata/coregeneric/funcs.go:175.18,178.4 2 0
github.com/alimtvnetwork/core/coredata/coregeneric/funcs.go:181.2,181.15 1 0
github.com/alimtvnetwork/core/coredata/coregeneric/funcs.go:188.19,189.39 1 0
github.com/alimtvnetwork/core/coredata/coregeneric/funcs.go:189.39,191.3 1 0
github.com/alimtvnetwork/core/coredata/coregeneric/funcs.go:193.2,195.31 2 0
github.com/alimtvnetwork/core/coredata/coregeneric/funcs.go:195.31,197.3 1 0
github.com/alimtvnetwork/core/coredata/coregeneric/funcs.go:199.2,199.15 1 0
github.com/alimtvnetwork/core/coredata/coregeneric/newPairCreator.go:17.81,19.2 1 0
github.com/alimtvnetwork/core/coredata/coregeneric/newPairCreator.go:22.79,24.2 1 0
github.com/alimtvnetwork/core/coredata/coregeneric/newPairCreator.go:27.85,29.2 1 0
github.com/alimtvnetwork/core/coredata/coregeneric/newPairCreator.go:32.91,34.2 1 0
github.com/alimtvnetwork/core/coredata/coregeneric/newPairCreator.go:37.82,39.2 1 0
github.com/alimtvnetwork/core/coredata/coregeneric/newPairCreator.go:42.79,44.2 1 0
github.com/alimtvnetwork/core/coredata/coregeneric/newPairCreator.go:47.66,49.2 1 0
github.com/alimtvnetwork/core/coredata/coregeneric/newPairCreator.go:52.79,54.2 1 0
github.com/alimtvnetwork/core/coredata/coregeneric/newPairCreator.go:57.63,59.2 1 0
github.com/alimtvnetwork/core/coredata/coregeneric/newPairCreator.go:64.84,66.2 1 0
github.com/alimtvnetwork/core/coredata/coregeneric/newPairCreator.go:69.69,71.2 1 0
github.com/alimtvnetwork/core/coredata/coregeneric/newPairCreator.go:80.73,82.2 1 0
github.com/alimtvnetwork/core/coredata/coregeneric/newPairCreator.go:85.80,87.2 1 0
github.com/alimtvnetwork/core/coredata/coregeneric/newPairCreator.go:94.77,96.2 1 0
github.com/alimtvnetwork/core/coredata/coregeneric/newPairCreator.go:99.84,101.2 1 0
github.com/alimtvnetwork/core/coredata/coregeneric/newPairCreator.go:104.74,106.2 1 0
github.com/alimtvnetwork/core/coredata/coregeneric/newPairCreator.go:113.63,115.2 1 0
github.com/alimtvnetwork/core/coredata/coregeneric/newPairCreator.go:118.71,120.2 1 0
github.com/alimtvnetwork/core/coredata/coregeneric/newPairCreator.go:123.79,125.2 1 0
github.com/alimtvnetwork/core/coredata/coregeneric/newPairCreator.go:130.90,132.2 1 0
github.com/alimtvnetwork/core/coredata/coregeneric/newPairCreator.go:135.106,137.2 1 0
github.com/alimtvnetwork/core/coredata/coregeneric/newTripleCreator.go:16.107,18.2 1 0
github.com/alimtvnetwork/core/coredata/coregeneric/newTripleCreator.go:21.112,23.2 1 0
github.com/alimtvnetwork/core/coredata/coregeneric/newTripleCreator.go:26.99,28.2 1 0
github.com/alimtvnetwork/core/coredata/coregeneric/newTripleCreator.go:31.80,33.2 1 0
github.com/alimtvnetwork/core/coredata/coregeneric/newTripleCreator.go:38.102,40.2 1 0
github.com/alimtvnetwork/core/coredata/coregeneric/newTripleCreator.go:43.78,45.2 1 0
github.com/alimtvnetwork/core/coredata/coregeneric/newTripleCreator.go:55.85,57.2 1 0
github.com/alimtvnetwork/core/coredata/coregeneric/newTripleCreator.go:60.92,62.2 1 0
github.com/alimtvnetwork/core/coredata/coregeneric/newTripleCreator.go:70.86,72.2 1 0
github.com/alimtvnetwork/core/coredata/coregeneric/newTripleCreator.go:75.93,77.2 1 0
github.com/alimtvnetwork/core/coredata/coregeneric/newTripleCreator.go:80.86,82.2 1 0
github.com/alimtvnetwork/core/coredata/coregeneric/newTripleCreator.go:89.72,91.2 1 0
github.com/alimtvnetwork/core/coredata/coregeneric/newTripleCreator.go:94.82,96.2 1 0
github.com/alimtvnetwork/core/coredata/coregeneric/newTripleCreator.go:99.92,101.2 1 0
github.com/alimtvnetwork/core/coredata/coregeneric/newTripleCreator.go:109.26,111.2 1 0
github.com/alimtvnetwork/core/coredata/coregeneric/newTripleCreator.go:117.38,119.2 1 0
github.com/alimtvnetwork/core/coredata/coregeneric/numericfuncs.go:14.70,15.19 1 0
github.com/alimtvnetwork/core/coredata/coregeneric/numericfuncs.go:15.19,17.3 1 0
github.com/alimtvnetwork/core/coredata/coregeneric/numericfuncs.go:19.2,19.18 1 0
github.com/alimtvnetwork/core/coredata/coregeneric/numericfuncs.go:19.18,21.3 1 0
github.com/alimtvnetwork/core/coredata/coregeneric/numericfuncs.go:23.2,23.32 1 0
github.com/alimtvnetwork/core/coredata/coregeneric/numericfuncs.go:31.44,33.2 1 0
github.com/alimtvnetwork/core/coredata/coregeneric/numericfuncs.go:36.51,38.2 1 0
github.com/alimtvnetwork/core/coredata/coregeneric/numericfuncs.go:41.47,43.2 1 0
github.com/alimtvnetwork/core/coredata/coregeneric/numericfuncs.go:46.54,48.2 1 0
github.com/alimtvnetwork/core/coredata/coregeneric/numericfuncs.go:51.52,53.2 1 0
github.com/alimtvnetwork/core/coredata/coregeneric/numericfuncs.go:56.48,58.2 1 0
github.com/alimtvnetwork/core/coredata/coregeneric/numericfuncs.go:65.50,66.20 1 0
github.com/alimtvnetwork/core/coredata/coregeneric/numericfuncs.go:66.20,68.3 1 0
github.com/alimtvnetwork/core/coredata/coregeneric/numericfuncs.go:70.2,70.20 1 0
github.com/alimtvnetwork/core/coredata/coregeneric/numericfuncs.go:70.20,72.3 1 0
github.com/alimtvnetwork/core/coredata/coregeneric/numericfuncs.go:74.2,74.14 1 0
github.com/alimtvnetwork/core/coredata/coregeneric/numericfuncs.go:78.45,79.20 1 0
github.com/alimtvnetwork/core/coredata/coregeneric/numericfuncs.go:79.20,81.3 1 0
github.com/alimtvnetwork/core/coredata/coregeneric/numericfuncs.go:83.2,83.14 1 0
github.com/alimtvnetwork/core/coredata/coregeneric/numericfuncs.go:87.45,88.20 1 0
github.com/alimtvnetwork/core/coredata/coregeneric/numericfuncs.go:88.20,90.3 1 0
github.com/alimtvnetwork/core/coredata/coregeneric/numericfuncs.go:92.2,92.14 1 0
github.com/alimtvnetwork/core/coredata/coregeneric/numericfuncs.go:96.55,98.2 1 0
github.com/alimtvnetwork/core/coredata/coregeneric/numericfuncs.go:101.64,103.2 1 0
github.com/alimtvnetwork/core/coredata/coregeneric/numericfuncs.go:110.38,111.15 1 0
github.com/alimtvnetwork/core/coredata/coregeneric/numericfuncs.go:111.15,113.3 1 0
github.com/alimtvnetwork/core/coredata/coregeneric/numericfuncs.go:115.2,115.14 1 0
github.com/alimtvnetwork/core/coredata/coregeneric/numericfuncs.go:119.48,122.14 2 0
github.com/alimtvnetwork/core/coredata/coregeneric/numericfuncs.go:122.14,124.3 1 0
github.com/alimtvnetwork/core/coredata/coregeneric/numericfuncs.go:126.2,126.13 1 0
github.com/alimtvnetwork/core/coredata/coregeneric/numericfuncs.go:130.36,133.27 2 0
github.com/alimtvnetwork/core/coredata/coregeneric/numericfuncs.go:133.27,135.3 1 0
github.com/alimtvnetwork/core/coredata/coregeneric/numericfuncs.go:137.2,137.14 1 0
github.com/alimtvnetwork/core/coredata/coregeneric/numericfuncs.go:141.33,142.11 1 0
github.com/alimtvnetwork/core/coredata/coregeneric/numericfuncs.go:142.11,144.3 1 0
github.com/alimtvnetwork/core/coredata/coregeneric/numericfuncs.go:146.2,146.10 1 0
github.com/alimtvnetwork/core/coredata/coregeneric/numericfuncs.go:150.33,151.11 1 0
github.com/alimtvnetwork/core/coredata/coregeneric/numericfuncs.go:151.11,153.3 1 0
github.com/alimtvnetwork/core/coredata/coregeneric/numericfuncs.go:155.2,155.10 1 0
github.com/alimtvnetwork/core/coredata/coregeneric/numericfuncs.go:160.42,163.31 2 0
github.com/alimtvnetwork/core/coredata/coregeneric/numericfuncs.go:163.31,164.17 1 0
github.com/alimtvnetwork/core/coredata/coregeneric/numericfuncs.go:164.17,166.4 1 0
github.com/alimtvnetwork/core/coredata/coregeneric/numericfuncs.go:169.2,169.15 1 0
github.com/alimtvnetwork/core/coredata/coregeneric/numericfuncs.go:174.42,177.31 2 0
github.com/alimtvnetwork/core/coredata/coregeneric/numericfuncs.go:177.31,178.17 1 0
github.com/alimtvnetwork/core/coredata/coregeneric/numericfuncs.go:178.17,180.4 1 0
github.com/alimtvnetwork/core/coredata/coregeneric/numericfuncs.go:183.2,183.15 1 0
github.com/alimtvnetwork/core/coredata/coregeneric/numericfuncs.go:191.38,193.2 1 0
github.com/alimtvnetwork/core/coredata/coregeneric/numericfuncs.go:196.42,198.2 1 0
github.com/alimtvnetwork/core/coredata/coregeneric/numericfuncs.go:202.48,204.2 1 0
github.com/alimtvnetwork/core/coredata/coregeneric/numericfuncs.go:208.45,210.2 1 0
github.com/alimtvnetwork/core/coredata/coregeneric/numericfuncs.go:213.41,214.15 1 0
github.com/alimtvnetwork/core/coredata/coregeneric/numericfuncs.go:214.15,216.3 1 0
github.com/alimtvnetwork/core/coredata/coregeneric/numericfuncs.go:218.2,218.15 1 0
github.com/alimtvnetwork/core/coredata/coregeneric/numericfuncs.go:218.15,220.3 1 0
github.com/alimtvnetwork/core/coredata/coregeneric/numericfuncs.go:222.2,222.10 1 0
github.com/alimtvnetwork/core/coredata/coregeneric/numericfuncs.go:230.53,231.22 1 0
github.com/alimtvnetwork/core/coredata/coregeneric/numericfuncs.go:231.22,233.3 1 0
github.com/alimtvnetwork/core/coredata/coregeneric/numericfuncs.go:235.2,235.32 1 0
github.com/alimtvnetwork/core/coredata/coregeneric/numericfuncs.go:240.74,241.22 1 0
github.com/alimtvnetwork/core/coredata/coregeneric/numericfuncs.go:241.22,243.3 1 0
github.com/alimtvnetwork/core/coredata/coregeneric/numericfuncs.go:245.2,245.32 1 0
github.com/alimtvnetwork/core/coredata/coregeneric/orderedfuncs.go:17.74,18.19 1 0
github.com/alimtvnetwork/core/coredata/coregeneric/orderedfuncs.go:18.19,20.3 1 0
github.com/alimtvnetwork/core/coredata/coregeneric/orderedfuncs.go:22.2,24.15 2 0
github.com/alimtvnetwork/core/coredata/coregeneric/orderedfuncs.go:28.78,29.19 1 0
github.com/alimtvnetwork/core/coredata/coregeneric/orderedfuncs.go:29.19,31.3 1 0
github.com/alimtvnetwork/core/coredata/coregeneric/orderedfuncs.go:33.2,33.49 1 0
github.com/alimtvnetwork/core/coredata/coregeneric/orderedfuncs.go:33.49,35.3 1 0
github.com/alimtvnetwork/core/coredata/coregeneric/orderedfuncs.go:37.2,37.15 1 0
github.com/alimtvnetwork/core/coredata/coregeneric/orderedfuncs.go:42.60,44.2 1 0
github.com/alimtvnetwork/core/coredata/coregeneric/orderedfuncs.go:48.60,50.2 1 0
github.com/alimtvnetwork/core/coredata/coregeneric/orderedfuncs.go:53.79,54.22 1 0
github.com/alimtvnetwork/core/coredata/coregeneric/orderedfuncs.go:54.22,56.3 1 0
github.com/alimtvnetwork/core/coredata/coregeneric/orderedfuncs.go:58.2,58.33 1 0
github.com/alimtvnetwork/core/coredata/coregeneric/orderedfuncs.go:62.79,63.22 1 0
github.com/alimtvnetwork/core/coredata/coregeneric/orderedfuncs.go:63.22,65.3 1 0
github.com/alimtvnetwork/core/coredata/coregeneric/orderedfuncs.go:67.2,67.33 1 0
github.com/alimtvnetwork/core/coredata/coregeneric/orderedfuncs.go:71.68,72.19 1 0
github.com/alimtvnetwork/core/coredata/coregeneric/orderedfuncs.go:72.19,74.3 1 0
github.com/alimtvnetwork/core/coredata/coregeneric/orderedfuncs.go:76.2,76.38 1 0
github.com/alimtvnetwork/core/coredata/coregeneric/orderedfuncs.go:80.77,84.2 2 0
github.com/alimtvnetwork/core/coredata/coregeneric/orderedfuncs.go:87.81,88.49 1 0
github.com/alimtvnetwork/core/coredata/coregeneric/orderedfuncs.go:88.49,90.3 1 0
github.com/alimtvnetwork/core/coredata/coregeneric/orderedfuncs.go:92.2,92.15 1 0
github.com/alimtvnetwork/core/coredata/coregeneric/orderedfuncs.go:97.62,99.2 1 0
github.com/alimtvnetwork/core/coredata/coregeneric/orderedfuncs.go:103.62,105.2 1 0
github.com/alimtvnetwork/core/coredata/coregeneric/orderedfuncs.go:109.60,112.19 2 0
github.com/alimtvnetwork/core/coredata/coregeneric/orderedfuncs.go:112.19,114.3 1 0
github.com/alimtvnetwork/core/coredata/coregeneric/orderedfuncs.go:116.2,116.36 1 0
github.com/alimtvnetwork/core/coredata/coregeneric/orderedfuncs.go:116.36,118.3 1 0
github.com/alimtvnetwork/core/coredata/coregeneric/orderedfuncs.go:120.2,120.12 1 0
github.com/alimtvnetwork/core/coredata/coregeneric/orderedfuncs.go:124.62,127.31 2 0
github.com/alimtvnetwork/core/coredata/coregeneric/orderedfuncs.go:127.31,129.3 1 0
github.com/alimtvnetwork/core/coredata/coregeneric/orderedfuncs.go:131.2,131.12 1 0
github.com/alimtvnetwork/core/coredata/coregeneric/orderedfuncs.go:135.93,136.19 1 0
github.com/alimtvnetwork/core/coredata/coregeneric/orderedfuncs.go:136.19,138.3 1 0
github.com/alimtvnetwork/core/coredata/coregeneric/orderedfuncs.go:140.2,140.36 1 0
github.com/alimtvnetwork/core/coredata/coregeneric/orderedfuncs.go:140.36,142.3 1 0
github.com/alimtvnetwork/core/coredata/coregeneric/orderedfuncs.go:144.2,144.15 1 0
github.com/alimtvnetwork/core/coredata/coregeneric/orderedfuncs.go:152.63,157.2 3 0
github.com/alimtvnetwork/core/coredata/coregeneric/orderedfuncs.go:160.67,162.41 2 0
github.com/alimtvnetwork/core/coredata/coregeneric/orderedfuncs.go:162.41,164.3 1 0
github.com/alimtvnetwork/core/coredata/coregeneric/orderedfuncs.go:166.2,166.13 1 0
github.com/alimtvnetwork/core/coredata/coregeneric/orderedfuncs.go:171.54,173.2 1 0
github.com/alimtvnetwork/core/coredata/coregeneric/orderedfuncs.go:177.54,179.2 1 0
github.com/alimtvnetwork/core/coredata/coregeneric/orderedfuncs.go:182.73,183.22 1 0
github.com/alimtvnetwork/core/coredata/coregeneric/orderedfuncs.go:183.22,185.3 1 0
github.com/alimtvnetwork/core/coredata/coregeneric/orderedfuncs.go:187.2,187.34 1 0
github.com/alimtvnetwork/core/coredata/coregeneric/orderedfuncs.go:191.73,192.22 1 0
github.com/alimtvnetwork/core/coredata/coregeneric/orderedfuncs.go:192.22,194.3 1 0
github.com/alimtvnetwork/core/coredata/coregeneric/orderedfuncs.go:196.2,196.34 1 0
github.com/alimtvnetwork/core/coredata/coregeneric/orderedfuncs.go:200.80,204.2 2 0
github.com/alimtvnetwork/core/coredata/coregeneric/orderedfuncs.go:212.73,217.2 3 0
github.com/alimtvnetwork/core/coredata/coregeneric/orderedfuncs.go:220.77,222.41 2 0
github.com/alimtvnetwork/core/coredata/coregeneric/orderedfuncs.go:222.41,224.3 1 0
github.com/alimtvnetwork/core/coredata/coregeneric/orderedfuncs.go:226.2,226.13 1 0
github.com/alimtvnetwork/core/coredata/coregeneric/orderedfuncs.go:231.67,233.2 1 0
github.com/alimtvnetwork/core/coredata/coregeneric/orderedfuncs.go:237.67,239.2 1 0
github.com/alimtvnetwork/core/coredata/coregeneric/orderedfuncs.go:242.86,243.22 1 0
github.com/alimtvnetwork/core/coredata/coregeneric/orderedfuncs.go:243.22,245.3 1 0
github.com/alimtvnetwork/core/coredata/coregeneric/orderedfuncs.go:247.2,247.34 1 0
github.com/alimtvnetwork/core/coredata/coregeneric/orderedfuncs.go:251.86,252.22 1 0
github.com/alimtvnetwork/core/coredata/coregeneric/orderedfuncs.go:252.22,254.3 1 0
github.com/alimtvnetwork/core/coredata/coregeneric/orderedfuncs.go:256.2,256.34 1 0
github.com/alimtvnetwork/core/coredata/coregeneric/orderedfuncs.go:261.82,266.2 3 0
github.com/alimtvnetwork/core/coredata/coregeneric/orderedfuncs.go:270.76,272.2 1 0
github.com/alimtvnetwork/core/coredata/coregeneric/orderedfuncs.go:276.76,278.2 1 0
github.com/alimtvnetwork/core/coredata/coregeneric/orderedfuncs.go:281.95,282.22 1 0
github.com/alimtvnetwork/core/coredata/coregeneric/orderedfuncs.go:282.22,284.3 1 0
github.com/alimtvnetwork/core/coredata/coregeneric/orderedfuncs.go:286.2,286.36 1 0
github.com/alimtvnetwork/core/coredata/coregeneric/orderedfuncs.go:290.95,291.22 1 0
github.com/alimtvnetwork/core/coredata/coregeneric/orderedfuncs.go:291.22,293.3 1 0
github.com/alimtvnetwork/core/coredata/coregeneric/orderedfuncs.go:295.2,295.36 1 0
github.com/alimtvnetwork/core/coredata/coregeneric/typedCollectionCreator.go:8.60,10.2 1 0
github.com/alimtvnetwork/core/coredata/coregeneric/typedCollectionCreator.go:13.70,15.2 1 0
github.com/alimtvnetwork/core/coredata/coregeneric/typedCollectionCreator.go:18.68,20.2 1 0
github.com/alimtvnetwork/core/coredata/coregeneric/typedCollectionCreator.go:23.69,25.2 1 0
github.com/alimtvnetwork/core/coredata/coregeneric/typedCollectionCreator.go:28.70,30.2 1 0
github.com/alimtvnetwork/core/coredata/coregeneric/typedCollectionCreator.go:33.81,35.2 1 0
github.com/alimtvnetwork/core/coredata/coregeneric/typedHashmapCreator.go:7.60,9.2 1 0
github.com/alimtvnetwork/core/coredata/coregeneric/typedHashmapCreator.go:12.70,14.2 1 0
github.com/alimtvnetwork/core/coredata/coregeneric/typedHashmapCreator.go:17.72,19.2 1 0
github.com/alimtvnetwork/core/coredata/coregeneric/typedHashmapCreator.go:22.73,24.2 1 0
github.com/alimtvnetwork/core/coredata/coregeneric/typedHashsetCreator.go:7.54,9.2 1 0
github.com/alimtvnetwork/core/coredata/coregeneric/typedHashsetCreator.go:12.64,14.2 1 0
github.com/alimtvnetwork/core/coredata/coregeneric/typedHashsetCreator.go:17.62,19.2 1 0
github.com/alimtvnetwork/core/coredata/coregeneric/typedHashsetCreator.go:22.64,24.2 1 0
github.com/alimtvnetwork/core/coredata/coregeneric/typedHashsetCreator.go:27.76,29.2 1 0
github.com/alimtvnetwork/core/coredata/coregeneric/typedLinkedListCreator.go:7.60,9.2 1 0
github.com/alimtvnetwork/core/coredata/coregeneric/typedLinkedListCreator.go:12.68,14.2 1 0
github.com/alimtvnetwork/core/coredata/coregeneric/typedLinkedListCreator.go:17.70,19.2 1 0
github.com/alimtvnetwork/core/coredata/coregeneric/typedSimpleSliceCreator.go:7.62,9.2 1 0
github.com/alimtvnetwork/core/coredata/coregeneric/typedSimpleSliceCreator.go:12.72,14.2 1 0
github.com/alimtvnetwork/core/coredata/coregeneric/typedSimpleSliceCreator.go:17.70,19.2 1 0
github.com/alimtvnetwork/core/coredata/coregeneric/typedSimpleSliceCreator.go:22.71,24.2 1 0
github.com/alimtvnetwork/core/coredata/coregeneric/typedSimpleSliceCreator.go:27.72,29.2 1 0
github.com/alimtvnetwork/core/internal/csvinternal/AnyItemsToCsvString.go:24.10,25.26 1 0
github.com/alimtvnetwork/core/internal/csvinternal/AnyItemsToCsvString.go:25.26,27.3 1 0
github.com/alimtvnetwork/core/internal/csvinternal/AnyItemsToCsvString.go:29.2,36.10 2 0
github.com/alimtvnetwork/core/internal/csvinternal/AnyItemsToCsvStrings.go:19.12,20.26 1 0
github.com/alimtvnetwork/core/internal/csvinternal/AnyItemsToCsvStrings.go:20.26,22.3 1 0
github.com/alimtvnetwork/core/internal/csvinternal/AnyItemsToCsvStrings.go:24.2,26.44 2 0
github.com/alimtvnetwork/core/internal/csvinternal/AnyItemsToCsvStrings.go:26.44,28.47 1 0
github.com/alimtvnetwork/core/internal/csvinternal/AnyItemsToCsvStrings.go:28.47,32.4 1 0
github.com/alimtvnetwork/core/internal/csvinternal/AnyItemsToCsvStrings.go:34.3,34.15 1 0
github.com/alimtvnetwork/core/internal/csvinternal/AnyItemsToCsvStrings.go:35.8,35.52 1 0
github.com/alimtvnetwork/core/internal/csvinternal/AnyItemsToCsvStrings.go:35.52,37.47 1 0
github.com/alimtvnetwork/core/internal/csvinternal/AnyItemsToCsvStrings.go:37.47,41.4 1 0
github.com/alimtvnetwork/core/internal/csvinternal/AnyItemsToCsvStrings.go:43.3,43.15 1 0
github.com/alimtvnetwork/core/internal/csvinternal/AnyItemsToCsvStrings.go:47.2,47.46 1 0
github.com/alimtvnetwork/core/internal/csvinternal/AnyItemsToCsvStrings.go:47.46,51.3 1 0
github.com/alimtvnetwork/core/internal/csvinternal/AnyItemsToCsvStrings.go:53.2,53.14 1 0
github.com/alimtvnetwork/core/internal/csvinternal/AnyItemsToStringDefault.go:7.10,13.2 1 0
github.com/alimtvnetwork/core/internal/csvinternal/CompileStringersToCsvStrings.go:19.12,20.40 1 0
github.com/alimtvnetwork/core/internal/csvinternal/CompileStringersToCsvStrings.go:20.40,22.3 1 0
github.com/alimtvnetwork/core/internal/csvinternal/CompileStringersToCsvStrings.go:24.2,26.44 2 0
github.com/alimtvnetwork/core/internal/csvinternal/CompileStringersToCsvStrings.go:26.44,28.57 1 0
github.com/alimtvnetwork/core/internal/csvinternal/CompileStringersToCsvStrings.go:28.57,32.4 1 0
github.com/alimtvnetwork/core/internal/csvinternal/CompileStringersToCsvStrings.go:34.3,34.15 1 0
github.com/alimtvnetwork/core/internal/csvinternal/CompileStringersToCsvStrings.go:35.8,35.52 1 0
github.com/alimtvnetwork/core/internal/csvinternal/CompileStringersToCsvStrings.go:35.52,37.57 1 0
github.com/alimtvnetwork/core/internal/csvinternal/CompileStringersToCsvStrings.go:37.57,41.4 1 0
github.com/alimtvnetwork/core/internal/csvinternal/CompileStringersToCsvStrings.go:43.3,43.15 1 0
github.com/alimtvnetwork/core/internal/csvinternal/CompileStringersToCsvStrings.go:47.2,47.56 1 0
github.com/alimtvnetwork/core/internal/csvinternal/CompileStringersToCsvStrings.go:47.56,51.3 1 0
github.com/alimtvnetwork/core/internal/csvinternal/CompileStringersToCsvStrings.go:53.2,53.14 1 0
github.com/alimtvnetwork/core/internal/csvinternal/CompileStringersToString.go:10.10,17.2 2 0
github.com/alimtvnetwork/core/internal/csvinternal/CompileStringersToStringDefault.go:7.10,13.2 1 0
github.com/alimtvnetwork/core/internal/csvinternal/RangeNamesWithValuesIndexes.go:18.12,19.27 1 0
github.com/alimtvnetwork/core/internal/csvinternal/RangeNamesWithValuesIndexes.go:19.27,21.3 1 0
github.com/alimtvnetwork/core/internal/csvinternal/RangeNamesWithValuesIndexes.go:23.2,25.35 2 0
github.com/alimtvnetwork/core/internal/csvinternal/RangeNamesWithValuesIndexes.go:25.35,30.3 1 0
github.com/alimtvnetwork/core/internal/csvinternal/RangeNamesWithValuesIndexes.go:32.2,32.23 1 0
github.com/alimtvnetwork/core/internal/csvinternal/RangeNamesWithValuesIndexesCsvString.go:20.10,24.2 1 0
github.com/alimtvnetwork/core/internal/csvinternal/StringersToCsvStrings.go:19.12,20.33 1 0
github.com/alimtvnetwork/core/internal/csvinternal/StringersToCsvStrings.go:20.33,22.3 1 0
github.com/alimtvnetwork/core/internal/csvinternal/StringersToCsvStrings.go:24.2,26.44 2 0
github.com/alimtvnetwork/core/internal/csvinternal/StringersToCsvStrings.go:26.44,28.50 1 0
github.com/alimtvnetwork/core/internal/csvinternal/StringersToCsvStrings.go:28.50,32.4 1 0
github.com/alimtvnetwork/core/internal/csvinternal/StringersToCsvStrings.go:34.3,34.15 1 0
github.com/alimtvnetwork/core/internal/csvinternal/StringersToCsvStrings.go:35.8,35.52 1 0
github.com/alimtvnetwork/core/internal/csvinternal/StringersToCsvStrings.go:35.52,37.50 1 0
github.com/alimtvnetwork/core/internal/csvinternal/StringersToCsvStrings.go:37.50,41.4 1 0
github.com/alimtvnetwork/core/internal/csvinternal/StringersToCsvStrings.go:43.3,43.15 1 0
github.com/alimtvnetwork/core/internal/csvinternal/StringersToCsvStrings.go:47.2,47.49 1 0
github.com/alimtvnetwork/core/internal/csvinternal/StringersToCsvStrings.go:47.49,51.3 1 0
github.com/alimtvnetwork/core/internal/csvinternal/StringersToCsvStrings.go:53.2,53.14 1 0
github.com/alimtvnetwork/core/internal/csvinternal/StringersToString.go:13.10,20.2 2 0
github.com/alimtvnetwork/core/internal/csvinternal/StringersToStringDefault.go:11.10,17.2 1 0
github.com/alimtvnetwork/core/internal/csvinternal/StringsToCsvString.go:24.10,25.26 1 0
github.com/alimtvnetwork/core/internal/csvinternal/StringsToCsvString.go:25.26,27.3 1 0
github.com/alimtvnetwork/core/internal/csvinternal/StringsToCsvString.go:29.2,36.10 2 0
github.com/alimtvnetwork/core/internal/csvinternal/StringsToCsvStrings.go:19.12,20.26 1 0
github.com/alimtvnetwork/core/internal/csvinternal/StringsToCsvStrings.go:20.26,22.3 1 0
github.com/alimtvnetwork/core/internal/csvinternal/StringsToCsvStrings.go:24.2,26.44 2 0
github.com/alimtvnetwork/core/internal/csvinternal/StringsToCsvStrings.go:26.44,28.47 1 0
github.com/alimtvnetwork/core/internal/csvinternal/StringsToCsvStrings.go:28.47,32.4 1 0
github.com/alimtvnetwork/core/internal/csvinternal/StringsToCsvStrings.go:34.3,34.15 1 0
github.com/alimtvnetwork/core/internal/csvinternal/StringsToCsvStrings.go:35.8,35.52 1 0
github.com/alimtvnetwork/core/internal/csvinternal/StringsToCsvStrings.go:35.52,37.47 1 0
github.com/alimtvnetwork/core/internal/csvinternal/StringsToCsvStrings.go:37.47,41.4 1 0
github.com/alimtvnetwork/core/internal/csvinternal/StringsToCsvStrings.go:43.3,43.15 1 0
github.com/alimtvnetwork/core/internal/csvinternal/StringsToCsvStrings.go:47.2,47.46 1 0
github.com/alimtvnetwork/core/internal/csvinternal/StringsToCsvStrings.go:47.46,51.3 1 0
github.com/alimtvnetwork/core/internal/csvinternal/StringsToCsvStrings.go:53.2,53.14 1 0
github.com/alimtvnetwork/core/internal/csvinternal/StringsToCsvStringsDefault.go:5.12,10.2 1 0
github.com/alimtvnetwork/core/internal/csvinternal/StringsToStringDefault.go:7.10,13.2 1 0
github.com/alimtvnetwork/core/internal/csvinternal/StringsToStringDefaultNoQuotations.go:7.10,13.2 1 0
