mode: set
github.com/alimtvnetwork/core/internal/mapdiffinternal/HasmapDiff.go:13.37,14.15 1 0
github.com/alimtvnetwork/core/internal/mapdiffinternal/HasmapDiff.go:14.15,16.3 1 0
github.com/alimtvnetwork/core/internal/mapdiffinternal/HasmapDiff.go:18.2,18.17 1 0
github.com/alimtvnetwork/core/internal/mapdiffinternal/HasmapDiff.go:21.38,23.2 1 0
github.com/alimtvnetwork/core/internal/mapdiffinternal/HasmapDiff.go:25.41,27.2 1 0
github.com/alimtvnetwork/core/internal/mapdiffinternal/HasmapDiff.go:29.39,31.2 1 0
github.com/alimtvnetwork/core/internal/mapdiffinternal/HasmapDiff.go:33.48,34.18 1 0
github.com/alimtvnetwork/core/internal/mapdiffinternal/HasmapDiff.go:34.18,36.3 1 0
github.com/alimtvnetwork/core/internal/mapdiffinternal/HasmapDiff.go:38.2,43.22 3 0
github.com/alimtvnetwork/core/internal/mapdiffinternal/HasmapDiff.go:43.22,46.3 2 0
github.com/alimtvnetwork/core/internal/mapdiffinternal/HasmapDiff.go:48.2,50.16 2 0
github.com/alimtvnetwork/core/internal/mapdiffinternal/HasmapDiff.go:55.8,56.34 1 0
github.com/alimtvnetwork/core/internal/mapdiffinternal/HasmapDiff.go:56.34,58.3 1 0
github.com/alimtvnetwork/core/internal/mapdiffinternal/HasmapDiff.go:60.2,60.34 1 0
github.com/alimtvnetwork/core/internal/mapdiffinternal/HasmapDiff.go:60.34,62.3 1 0
github.com/alimtvnetwork/core/internal/mapdiffinternal/HasmapDiff.go:64.2,64.34 1 0
github.com/alimtvnetwork/core/internal/mapdiffinternal/HasmapDiff.go:64.34,66.3 1 0
github.com/alimtvnetwork/core/internal/mapdiffinternal/HasmapDiff.go:68.2,68.38 1 0
github.com/alimtvnetwork/core/internal/mapdiffinternal/HasmapDiff.go:68.38,72.16 3 0
github.com/alimtvnetwork/core/internal/mapdiffinternal/HasmapDiff.go:72.16,74.4 1 0
github.com/alimtvnetwork/core/internal/mapdiffinternal/HasmapDiff.go:76.3,78.20 1 0
github.com/alimtvnetwork/core/internal/mapdiffinternal/HasmapDiff.go:78.20,80.4 1 0
github.com/alimtvnetwork/core/internal/mapdiffinternal/HasmapDiff.go:83.2,83.13 1 0
github.com/alimtvnetwork/core/internal/mapdiffinternal/HasmapDiff.go:88.15,92.23 2 0
github.com/alimtvnetwork/core/internal/mapdiffinternal/HasmapDiff.go:92.23,94.3 1 0
github.com/alimtvnetwork/core/internal/mapdiffinternal/HasmapDiff.go:96.2,96.16 1 0
github.com/alimtvnetwork/core/internal/mapdiffinternal/HasmapDiff.go:103.3,104.38 1 0
github.com/alimtvnetwork/core/internal/mapdiffinternal/HasmapDiff.go:104.38,107.11 2 0
github.com/alimtvnetwork/core/internal/mapdiffinternal/HasmapDiff.go:107.11,109.12 2 0
github.com/alimtvnetwork/core/internal/mapdiffinternal/HasmapDiff.go:112.3,112.51 1 0
github.com/alimtvnetwork/core/internal/mapdiffinternal/HasmapDiff.go:112.51,114.4 1 0
github.com/alimtvnetwork/core/internal/mapdiffinternal/HasmapDiff.go:123.3,124.43 1 0
github.com/alimtvnetwork/core/internal/mapdiffinternal/HasmapDiff.go:124.43,125.47 1 0
github.com/alimtvnetwork/core/internal/mapdiffinternal/HasmapDiff.go:125.47,126.12 1 0
github.com/alimtvnetwork/core/internal/mapdiffinternal/HasmapDiff.go:129.3,131.11 2 0
github.com/alimtvnetwork/core/internal/mapdiffinternal/HasmapDiff.go:131.11,133.12 2 0
github.com/alimtvnetwork/core/internal/mapdiffinternal/HasmapDiff.go:136.3,136.42 1 0
github.com/alimtvnetwork/core/internal/mapdiffinternal/HasmapDiff.go:136.42,138.4 1 0
github.com/alimtvnetwork/core/internal/mapdiffinternal/HasmapDiff.go:144.21,145.34 1 0
github.com/alimtvnetwork/core/internal/mapdiffinternal/HasmapDiff.go:145.34,147.3 1 0
github.com/alimtvnetwork/core/internal/mapdiffinternal/HasmapDiff.go:149.2,149.34 1 0
github.com/alimtvnetwork/core/internal/mapdiffinternal/HasmapDiff.go:149.34,151.3 1 0
github.com/alimtvnetwork/core/internal/mapdiffinternal/HasmapDiff.go:153.2,153.34 1 0
github.com/alimtvnetwork/core/internal/mapdiffinternal/HasmapDiff.go:153.34,155.3 1 0
github.com/alimtvnetwork/core/internal/mapdiffinternal/HasmapDiff.go:157.2,162.55 4 0
github.com/alimtvnetwork/core/internal/mapdiffinternal/HasmapDiff.go:162.55,164.3 1 0
github.com/alimtvnetwork/core/internal/mapdiffinternal/HasmapDiff.go:166.2,168.16 2 0
github.com/alimtvnetwork/core/internal/mapdiffinternal/HasmapDiff.go:173.10,176.27 2 0
github.com/alimtvnetwork/core/internal/mapdiffinternal/HasmapDiff.go:176.27,178.3 1 0
github.com/alimtvnetwork/core/internal/mapdiffinternal/HasmapDiff.go:180.2,187.18 3 0
github.com/alimtvnetwork/core/internal/mapdiffinternal/HasmapDiff.go:192.24,196.34 3 0
github.com/alimtvnetwork/core/internal/mapdiffinternal/HasmapDiff.go:196.34,203.3 2 0
github.com/alimtvnetwork/core/internal/mapdiffinternal/HasmapDiff.go:205.2,205.14 1 0
github.com/alimtvnetwork/core/internal/mapdiffinternal/HasmapDiff.go:211.10,214.23 2 0
github.com/alimtvnetwork/core/internal/mapdiffinternal/HasmapDiff.go:214.23,216.3 1 0
github.com/alimtvnetwork/core/internal/mapdiffinternal/HasmapDiff.go:218.2,221.15 1 0
github.com/alimtvnetwork/core/internal/mapdiffinternal/HasmapDiff.go:227.24,232.23 2 0
github.com/alimtvnetwork/core/internal/mapdiffinternal/HasmapDiff.go:232.23,234.3 1 0
github.com/alimtvnetwork/core/internal/mapdiffinternal/HasmapDiff.go:236.2,238.20 2 0
github.com/alimtvnetwork/core/internal/mapdiffinternal/HasmapDiff.go:244.8,246.2 1 0
github.com/alimtvnetwork/core/internal/mapdiffinternal/MapStringAnyDiff.go:14.42,15.15 1 0
github.com/alimtvnetwork/core/internal/mapdiffinternal/MapStringAnyDiff.go:15.15,17.3 1 0
github.com/alimtvnetwork/core/internal/mapdiffinternal/MapStringAnyDiff.go:19.2,19.17 1 0
github.com/alimtvnetwork/core/internal/mapdiffinternal/MapStringAnyDiff.go:22.43,24.2 1 0
github.com/alimtvnetwork/core/internal/mapdiffinternal/MapStringAnyDiff.go:26.46,28.2 1 0
github.com/alimtvnetwork/core/internal/mapdiffinternal/MapStringAnyDiff.go:30.44,32.2 1 0
github.com/alimtvnetwork/core/internal/mapdiffinternal/MapStringAnyDiff.go:34.53,35.18 1 0
github.com/alimtvnetwork/core/internal/mapdiffinternal/MapStringAnyDiff.go:35.18,37.3 1 0
github.com/alimtvnetwork/core/internal/mapdiffinternal/MapStringAnyDiff.go:39.2,45.22 3 0
github.com/alimtvnetwork/core/internal/mapdiffinternal/MapStringAnyDiff.go:45.22,48.3 2 0
github.com/alimtvnetwork/core/internal/mapdiffinternal/MapStringAnyDiff.go:50.2,52.16 2 0
github.com/alimtvnetwork/core/internal/mapdiffinternal/MapStringAnyDiff.go:55.49,56.15 1 0
github.com/alimtvnetwork/core/internal/mapdiffinternal/MapStringAnyDiff.go:56.15,58.3 1 0
github.com/alimtvnetwork/core/internal/mapdiffinternal/MapStringAnyDiff.go:60.2,60.11 1 0
github.com/alimtvnetwork/core/internal/mapdiffinternal/MapStringAnyDiff.go:66.8,70.2 1 0
github.com/alimtvnetwork/core/internal/mapdiffinternal/MapStringAnyDiff.go:75.8,76.34 1 0
github.com/alimtvnetwork/core/internal/mapdiffinternal/MapStringAnyDiff.go:76.34,78.3 1 0
github.com/alimtvnetwork/core/internal/mapdiffinternal/MapStringAnyDiff.go:80.2,80.34 1 0
github.com/alimtvnetwork/core/internal/mapdiffinternal/MapStringAnyDiff.go:80.34,82.3 1 0
github.com/alimtvnetwork/core/internal/mapdiffinternal/MapStringAnyDiff.go:84.2,84.34 1 0
github.com/alimtvnetwork/core/internal/mapdiffinternal/MapStringAnyDiff.go:84.34,86.3 1 0
github.com/alimtvnetwork/core/internal/mapdiffinternal/MapStringAnyDiff.go:88.2,88.35 1 0
github.com/alimtvnetwork/core/internal/mapdiffinternal/MapStringAnyDiff.go:88.35,92.16 3 0
github.com/alimtvnetwork/core/internal/mapdiffinternal/MapStringAnyDiff.go:92.16,94.4 1 0
github.com/alimtvnetwork/core/internal/mapdiffinternal/MapStringAnyDiff.go:96.3,99.17 1 0
github.com/alimtvnetwork/core/internal/mapdiffinternal/MapStringAnyDiff.go:99.17,101.4 1 0
github.com/alimtvnetwork/core/internal/mapdiffinternal/MapStringAnyDiff.go:104.2,104.13 1 0
github.com/alimtvnetwork/core/internal/mapdiffinternal/MapStringAnyDiff.go:110.20,115.23 2 0
github.com/alimtvnetwork/core/internal/mapdiffinternal/MapStringAnyDiff.go:115.23,117.3 1 0
github.com/alimtvnetwork/core/internal/mapdiffinternal/MapStringAnyDiff.go:119.2,119.16 1 0
github.com/alimtvnetwork/core/internal/mapdiffinternal/MapStringAnyDiff.go:127.3,128.35 1 0
github.com/alimtvnetwork/core/internal/mapdiffinternal/MapStringAnyDiff.go:128.35,131.11 2 0
github.com/alimtvnetwork/core/internal/mapdiffinternal/MapStringAnyDiff.go:131.11,133.12 2 0
github.com/alimtvnetwork/core/internal/mapdiffinternal/MapStringAnyDiff.go:136.3,136.63 1 0
github.com/alimtvnetwork/core/internal/mapdiffinternal/MapStringAnyDiff.go:136.63,138.4 1 0
github.com/alimtvnetwork/core/internal/mapdiffinternal/MapStringAnyDiff.go:148.3,149.46 1 0
github.com/alimtvnetwork/core/internal/mapdiffinternal/MapStringAnyDiff.go:149.46,150.47 1 0
github.com/alimtvnetwork/core/internal/mapdiffinternal/MapStringAnyDiff.go:150.47,151.12 1 0
github.com/alimtvnetwork/core/internal/mapdiffinternal/MapStringAnyDiff.go:154.3,156.11 2 0
github.com/alimtvnetwork/core/internal/mapdiffinternal/MapStringAnyDiff.go:156.11,158.12 2 0
github.com/alimtvnetwork/core/internal/mapdiffinternal/MapStringAnyDiff.go:161.3,161.60 1 0
github.com/alimtvnetwork/core/internal/mapdiffinternal/MapStringAnyDiff.go:161.60,163.4 1 0
github.com/alimtvnetwork/core/internal/mapdiffinternal/MapStringAnyDiff.go:170.18,171.34 1 0
github.com/alimtvnetwork/core/internal/mapdiffinternal/MapStringAnyDiff.go:171.34,173.3 1 0
github.com/alimtvnetwork/core/internal/mapdiffinternal/MapStringAnyDiff.go:175.2,175.34 1 0
github.com/alimtvnetwork/core/internal/mapdiffinternal/MapStringAnyDiff.go:175.34,177.3 1 0
github.com/alimtvnetwork/core/internal/mapdiffinternal/MapStringAnyDiff.go:179.2,179.34 1 0
github.com/alimtvnetwork/core/internal/mapdiffinternal/MapStringAnyDiff.go:179.34,181.3 1 0
github.com/alimtvnetwork/core/internal/mapdiffinternal/MapStringAnyDiff.go:183.2,188.55 4 0
github.com/alimtvnetwork/core/internal/mapdiffinternal/MapStringAnyDiff.go:188.55,190.3 1 0
github.com/alimtvnetwork/core/internal/mapdiffinternal/MapStringAnyDiff.go:192.2,194.16 2 0
github.com/alimtvnetwork/core/internal/mapdiffinternal/MapStringAnyDiff.go:200.10,204.27 2 0
github.com/alimtvnetwork/core/internal/mapdiffinternal/MapStringAnyDiff.go:204.27,206.3 1 0
github.com/alimtvnetwork/core/internal/mapdiffinternal/MapStringAnyDiff.go:208.2,215.18 3 0
github.com/alimtvnetwork/core/internal/mapdiffinternal/MapStringAnyDiff.go:220.24,224.34 3 0
github.com/alimtvnetwork/core/internal/mapdiffinternal/MapStringAnyDiff.go:224.34,226.24 2 0
github.com/alimtvnetwork/core/internal/mapdiffinternal/MapStringAnyDiff.go:226.24,232.12 2 0
github.com/alimtvnetwork/core/internal/mapdiffinternal/MapStringAnyDiff.go:236.3,239.8 1 0
github.com/alimtvnetwork/core/internal/mapdiffinternal/MapStringAnyDiff.go:242.2,242.14 1 0
github.com/alimtvnetwork/core/internal/mapdiffinternal/MapStringAnyDiff.go:249.10,254.23 2 0
github.com/alimtvnetwork/core/internal/mapdiffinternal/MapStringAnyDiff.go:254.23,256.3 1 0
github.com/alimtvnetwork/core/internal/mapdiffinternal/MapStringAnyDiff.go:258.2,261.15 1 0
github.com/alimtvnetwork/core/internal/mapdiffinternal/MapStringAnyDiff.go:268.24,274.23 2 0
github.com/alimtvnetwork/core/internal/mapdiffinternal/MapStringAnyDiff.go:274.23,276.3 1 0
github.com/alimtvnetwork/core/internal/mapdiffinternal/MapStringAnyDiff.go:278.2,280.20 2 0
github.com/alimtvnetwork/core/internal/mapdiffinternal/MapStringAnyDiff.go:287.8,288.22 1 0
github.com/alimtvnetwork/core/internal/mapdiffinternal/MapStringAnyDiff.go:288.22,297.3 3 0
github.com/alimtvnetwork/core/internal/mapdiffinternal/MapStringAnyDiff.go:299.2,299.40 1 0
github.com/alimtvnetwork/core/internal/mapdiffinternal/isStringType.go:3.37,7.2 2 1
