mode: set
github.com/alimtvnetwork/core/regexnew/Create.go:8.70,11.9 2 1
github.com/alimtvnetwork/core/regexnew/Create.go:11.9,13.3 1 1
github.com/alimtvnetwork/core/regexnew/Create.go:15.2,17.16 2 1
github.com/alimtvnetwork/core/regexnew/Create.go:17.16,19.3 1 1
github.com/alimtvnetwork/core/regexnew/Create.go:21.2,21.22 1 1
github.com/alimtvnetwork/core/regexnew/CreateApplicableLock.go:12.3,19.2 4 1
github.com/alimtvnetwork/core/regexnew/CreateLock.go:8.74,13.2 3 1
github.com/alimtvnetwork/core/regexnew/CreateLockIf.go:6.88,7.12 1 1
github.com/alimtvnetwork/core/regexnew/CreateLockIf.go:7.12,11.3 2 1
github.com/alimtvnetwork/core/regexnew/CreateLockIf.go:13.2,13.40 1 1
github.com/alimtvnetwork/core/regexnew/CreateMust.go:8.64,11.9 2 1
github.com/alimtvnetwork/core/regexnew/CreateMust.go:11.9,13.3 1 1
github.com/alimtvnetwork/core/regexnew/CreateMust.go:15.2,18.17 3 1
github.com/alimtvnetwork/core/regexnew/CreateMustLockIf.go:8.18,9.12 1 1
github.com/alimtvnetwork/core/regexnew/CreateMustLockIf.go:9.12,13.3 2 1
github.com/alimtvnetwork/core/regexnew/CreateMustLockIf.go:15.2,15.44 1 1
github.com/alimtvnetwork/core/regexnew/IsMatchFailed.go:6.50,8.2 1 1
github.com/alimtvnetwork/core/regexnew/IsMatchLock.go:6.48,9.50 2 1
github.com/alimtvnetwork/core/regexnew/IsMatchLock.go:9.50,11.3 1 1
github.com/alimtvnetwork/core/regexnew/IsMatchLock.go:13.2,13.14 1 1
github.com/alimtvnetwork/core/regexnew/LazyRegex.go:22.36,24.2 1 1
github.com/alimtvnetwork/core/regexnew/LazyRegex.go:26.39,28.2 1 1
github.com/alimtvnetwork/core/regexnew/LazyRegex.go:30.41,32.2 1 1
github.com/alimtvnetwork/core/regexnew/LazyRegex.go:37.42,38.15 1 1
github.com/alimtvnetwork/core/regexnew/LazyRegex.go:38.15,40.3 1 1
github.com/alimtvnetwork/core/regexnew/LazyRegex.go:42.2,42.21 1 1
github.com/alimtvnetwork/core/regexnew/LazyRegex.go:42.21,44.3 1 1
github.com/alimtvnetwork/core/regexnew/LazyRegex.go:46.2,46.22 1 1
github.com/alimtvnetwork/core/regexnew/LazyRegex.go:46.22,48.3 1 0
github.com/alimtvnetwork/core/regexnew/LazyRegex.go:53.2,55.24 2 1
github.com/alimtvnetwork/core/regexnew/LazyRegex.go:61.66,62.21 1 1
github.com/alimtvnetwork/core/regexnew/LazyRegex.go:62.21,64.3 1 1
github.com/alimtvnetwork/core/regexnew/LazyRegex.go:66.2,66.22 1 1
github.com/alimtvnetwork/core/regexnew/LazyRegex.go:66.22,68.3 1 1
github.com/alimtvnetwork/core/regexnew/LazyRegex.go:71.2,77.32 6 1
github.com/alimtvnetwork/core/regexnew/LazyRegex.go:80.59,83.16 2 1
github.com/alimtvnetwork/core/regexnew/LazyRegex.go:83.16,84.13 1 1
github.com/alimtvnetwork/core/regexnew/LazyRegex.go:87.2,87.22 1 1
github.com/alimtvnetwork/core/regexnew/LazyRegex.go:90.40,92.2 1 1
github.com/alimtvnetwork/core/regexnew/LazyRegex.go:94.49,95.15 1 1
github.com/alimtvnetwork/core/regexnew/LazyRegex.go:95.15,97.3 1 1
github.com/alimtvnetwork/core/regexnew/LazyRegex.go:99.2,99.21 1 1
github.com/alimtvnetwork/core/regexnew/LazyRegex.go:99.21,101.3 1 1
github.com/alimtvnetwork/core/regexnew/LazyRegex.go:103.2,105.12 2 1
github.com/alimtvnetwork/core/regexnew/LazyRegex.go:108.47,111.16 2 1
github.com/alimtvnetwork/core/regexnew/LazyRegex.go:111.16,112.13 1 1
github.com/alimtvnetwork/core/regexnew/LazyRegex.go:116.38,121.2 2 1
github.com/alimtvnetwork/core/regexnew/LazyRegex.go:123.42,124.15 1 1
github.com/alimtvnetwork/core/regexnew/LazyRegex.go:124.15,126.3 1 1
github.com/alimtvnetwork/core/regexnew/LazyRegex.go:128.2,128.27 1 1
github.com/alimtvnetwork/core/regexnew/LazyRegex.go:131.39,132.15 1 1
github.com/alimtvnetwork/core/regexnew/LazyRegex.go:132.15,134.3 1 1
github.com/alimtvnetwork/core/regexnew/LazyRegex.go:136.2,136.27 1 1
github.com/alimtvnetwork/core/regexnew/LazyRegex.go:139.44,141.2 1 1
github.com/alimtvnetwork/core/regexnew/LazyRegex.go:143.36,145.2 1 1
github.com/alimtvnetwork/core/regexnew/LazyRegex.go:147.35,150.24 2 1
github.com/alimtvnetwork/core/regexnew/LazyRegex.go:150.24,151.21 1 1
github.com/alimtvnetwork/core/regexnew/LazyRegex.go:155.48,156.15 1 1
github.com/alimtvnetwork/core/regexnew/LazyRegex.go:156.15,158.3 1 1
github.com/alimtvnetwork/core/regexnew/LazyRegex.go:160.2,160.19 1 1
github.com/alimtvnetwork/core/regexnew/LazyRegex.go:163.51,164.15 1 1
github.com/alimtvnetwork/core/regexnew/LazyRegex.go:164.15,166.3 1 1
github.com/alimtvnetwork/core/regexnew/LazyRegex.go:168.2,179.27 5 1
github.com/alimtvnetwork/core/regexnew/LazyRegex.go:182.49,183.15 1 1
github.com/alimtvnetwork/core/regexnew/LazyRegex.go:183.15,185.3 1 1
github.com/alimtvnetwork/core/regexnew/LazyRegex.go:187.2,187.19 1 1
github.com/alimtvnetwork/core/regexnew/LazyRegex.go:190.63,193.56 2 1
github.com/alimtvnetwork/core/regexnew/LazyRegex.go:193.56,195.3 1 1
github.com/alimtvnetwork/core/regexnew/LazyRegex.go:197.2,201.9 1 1
github.com/alimtvnetwork/core/regexnew/LazyRegex.go:213.9,216.49 2 1
github.com/alimtvnetwork/core/regexnew/LazyRegex.go:216.49,218.3 1 1
github.com/alimtvnetwork/core/regexnew/LazyRegex.go:220.2,224.9 1 1
github.com/alimtvnetwork/core/regexnew/LazyRegex.go:229.8,232.40 2 1
github.com/alimtvnetwork/core/regexnew/LazyRegex.go:232.40,234.3 1 0
github.com/alimtvnetwork/core/regexnew/LazyRegex.go:236.2,236.37 1 1
github.com/alimtvnetwork/core/regexnew/LazyRegex.go:241.8,244.40 2 1
github.com/alimtvnetwork/core/regexnew/LazyRegex.go:244.40,246.3 1 1
github.com/alimtvnetwork/core/regexnew/LazyRegex.go:248.2,248.36 1 1
github.com/alimtvnetwork/core/regexnew/LazyRegex.go:253.8,256.40 2 1
github.com/alimtvnetwork/core/regexnew/LazyRegex.go:256.40,258.3 1 1
github.com/alimtvnetwork/core/regexnew/LazyRegex.go:260.2,260.38 1 1
github.com/alimtvnetwork/core/regexnew/LazyRegex.go:265.8,268.40 2 1
github.com/alimtvnetwork/core/regexnew/LazyRegex.go:268.40,270.3 1 1
github.com/alimtvnetwork/core/regexnew/LazyRegex.go:272.2,272.37 1 1
github.com/alimtvnetwork/core/regexnew/LazyRegex.go:277.44,280.40 2 1
github.com/alimtvnetwork/core/regexnew/LazyRegex.go:280.40,282.3 1 1
github.com/alimtvnetwork/core/regexnew/LazyRegex.go:284.2,286.20 2 1
github.com/alimtvnetwork/core/regexnew/LazyRegex.go:286.20,289.3 1 1
github.com/alimtvnetwork/core/regexnew/LazyRegex.go:292.2,292.17 1 1
github.com/alimtvnetwork/core/regexnew/MatchError.go:9.48,12.50 2 1
github.com/alimtvnetwork/core/regexnew/MatchError.go:12.50,14.3 1 1
github.com/alimtvnetwork/core/regexnew/MatchError.go:16.2,20.9 1 1
github.com/alimtvnetwork/core/regexnew/MatchErrorLock.go:9.52,12.50 2 1
github.com/alimtvnetwork/core/regexnew/MatchErrorLock.go:12.50,14.3 1 1
github.com/alimtvnetwork/core/regexnew/MatchErrorLock.go:16.2,20.9 1 1
github.com/alimtvnetwork/core/regexnew/MatchUsingCustomizeErrorFuncLock.go:13.9,16.49 2 1
github.com/alimtvnetwork/core/regexnew/MatchUsingCustomizeErrorFuncLock.go:16.49,18.3 1 1
github.com/alimtvnetwork/core/regexnew/MatchUsingCustomizeErrorFuncLock.go:20.2,20.29 1 1
github.com/alimtvnetwork/core/regexnew/MatchUsingCustomizeErrorFuncLock.go:20.29,26.3 1 1
github.com/alimtvnetwork/core/regexnew/MatchUsingCustomizeErrorFuncLock.go:28.2,32.9 1 1
github.com/alimtvnetwork/core/regexnew/MatchUsingFuncErrorLock.go:12.9,15.49 2 1
github.com/alimtvnetwork/core/regexnew/MatchUsingFuncErrorLock.go:15.49,17.3 1 1
github.com/alimtvnetwork/core/regexnew/MatchUsingFuncErrorLock.go:19.2,23.9 1 1
github.com/alimtvnetwork/core/regexnew/NewMustLock.go:5.65,10.2 3 1
github.com/alimtvnetwork/core/regexnew/lazyRegexMap.go:9.40,11.2 1 1
github.com/alimtvnetwork/core/regexnew/lazyRegexMap.go:13.44,18.2 3 1
github.com/alimtvnetwork/core/regexnew/lazyRegexMap.go:20.43,22.2 1 1
github.com/alimtvnetwork/core/regexnew/lazyRegexMap.go:24.47,29.2 3 1
github.com/alimtvnetwork/core/regexnew/lazyRegexMap.go:31.38,32.15 1 1
github.com/alimtvnetwork/core/regexnew/lazyRegexMap.go:32.15,34.3 1 1
github.com/alimtvnetwork/core/regexnew/lazyRegexMap.go:36.2,36.22 1 1
github.com/alimtvnetwork/core/regexnew/lazyRegexMap.go:39.42,44.2 3 1
github.com/alimtvnetwork/core/regexnew/lazyRegexMap.go:46.50,50.2 2 1
github.com/alimtvnetwork/core/regexnew/lazyRegexMap.go:52.54,59.2 4 1
github.com/alimtvnetwork/core/regexnew/lazyRegexMap.go:63.43,66.9 2 1
github.com/alimtvnetwork/core/regexnew/lazyRegexMap.go:66.9,68.3 1 1
github.com/alimtvnetwork/core/regexnew/lazyRegexMap.go:71.2,77.25 3 1
github.com/alimtvnetwork/core/regexnew/lazyRegexMap.go:82.43,87.2 3 1
github.com/alimtvnetwork/core/regexnew/lazyRegexMap.go:92.43,93.12 1 1
github.com/alimtvnetwork/core/regexnew/lazyRegexMap.go:93.12,97.3 2 1
github.com/alimtvnetwork/core/regexnew/lazyRegexMap.go:99.2,99.41 1 1
github.com/alimtvnetwork/core/regexnew/lazyRegexMap.go:104.26,109.2 1 1
github.com/alimtvnetwork/core/regexnew/lazyRegexMap.go:114.26,119.2 1 1
github.com/alimtvnetwork/core/regexnew/newCreator.go:12.54,14.2 1 1
github.com/alimtvnetwork/core/regexnew/newCreator.go:19.58,21.2 1 1
github.com/alimtvnetwork/core/regexnew/newCreator.go:23.70,25.2 1 1
github.com/alimtvnetwork/core/regexnew/newCreator.go:27.74,29.2 1 1
github.com/alimtvnetwork/core/regexnew/newCreator.go:34.27,38.2 1 1
github.com/alimtvnetwork/core/regexnew/newCreator.go:44.3,46.2 1 1
github.com/alimtvnetwork/core/regexnew/newLazyRegexCreator.go:10.14,15.2 2 1
github.com/alimtvnetwork/core/regexnew/newLazyRegexCreator.go:22.14,27.2 2 1
github.com/alimtvnetwork/core/regexnew/newLazyRegexCreator.go:31.30,39.2 5 1
github.com/alimtvnetwork/core/regexnew/newLazyRegexCreator.go:43.44,44.24 1 1
github.com/alimtvnetwork/core/regexnew/newLazyRegexCreator.go:44.24,46.3 1 1
github.com/alimtvnetwork/core/regexnew/newLazyRegexCreator.go:48.2,55.35 4 1
github.com/alimtvnetwork/core/regexnew/newLazyRegexCreator.go:55.35,57.3 1 1
github.com/alimtvnetwork/core/regexnew/newLazyRegexCreator.go:59.2,59.25 1 1
github.com/alimtvnetwork/core/regexnew/newLazyRegexCreator.go:62.70,67.2 3 1
github.com/alimtvnetwork/core/regexnew/newLazyRegexCreator.go:76.14,77.12 1 1
github.com/alimtvnetwork/core/regexnew/newLazyRegexCreator.go:77.12,79.3 1 1
github.com/alimtvnetwork/core/regexnew/newLazyRegexCreator.go:81.2,81.24 1 1
github.com/alimtvnetwork/core/regexnew/prettyJson.go:15.37,16.20 1 1
github.com/alimtvnetwork/core/regexnew/prettyJson.go:16.20,18.3 1 1
github.com/alimtvnetwork/core/regexnew/prettyJson.go:20.2,22.38 2 1
github.com/alimtvnetwork/core/regexnew/prettyJson.go:22.38,24.3 1 1
github.com/alimtvnetwork/core/regexnew/prettyJson.go:26.2,34.28 3 1
github.com/alimtvnetwork/core/regexnew/regExMatchValidationError.go:13.9,14.16 1 1
github.com/alimtvnetwork/core/regexnew/regExMatchValidationError.go:14.16,19.3 1 1
github.com/alimtvnetwork/core/regexnew/regExMatchValidationError.go:21.2,21.18 1 1
github.com/alimtvnetwork/core/regexnew/regExMatchValidationError.go:21.18,26.3 1 1
github.com/alimtvnetwork/core/regexnew/regExMatchValidationError.go:28.2,31.13 1 1
